# JRE version: OpenJDK Runtime Environment Temurin-21.0.10+7 (21.0.10+7) (build 21.0.10+7-LTS)
# Java VM: OpenJDK 64-Bit Server VM Temurin-21.0.10+7 (21.0.10+7-LTS, mixed mode, sharing, tiered, compressed oops, compressed class ptrs, parallel gc, windows-amd64)
GC Precious Log:
 CardTable entry size: 512
 CPUs: 8 total, 8 available
 Memory: 16167M
 Large Page Support: Disabled
 NUMA Support: Disabled
 Compressed Oops: Enabled (32-bit)
 Alignments: Space 512K, Generation 512K, Heap 2M
 Heap Min Capacity: 100M
 Heap Initial Capacity: 100M
 Heap Max Capacity: 2G
 Pre-touch: Disabled
 Parallel Workers: 8
Heap:
 PSYoungGen      total 5632K, used 3499K [0x00000000d5580000, 0x00000000d5b80000, 0x0000000100000000)
  eden space 4608K, 71% used [0x00000000d5580000,0x00000000d58b2c70,0x00000000d5a00000)
  from space 1024K, 21% used [0x00000000d5a00000,0x00000000d5a38000,0x00000000d5b00000)
  to   space 512K, 0% used [0x00000000d5b00000,0x00000000d5b00000,0x00000000d5b80000)
 ParOldGen       total 818688K, used 257845K [0x0000000080000000, 0x00000000b1f80000, 0x00000000d5580000)
  object space 818688K, 31% used [0x0000000080000000,0x000000008fbcd480,0x00000000b1f80000)
 Metaspace       used 77188K, committed 78784K, reserved 1179648K
  class space    used 7940K, committed 8640K, reserved 1048576K
GC Heap History (20 events):
Event: 298.928 GC heap before
{Heap before GC invocations=1262 (full 3):
 PSYoungGen      total 6144K, used 5904K [0x00000000d5580000, 0x00000000d5c80000, 0x0000000100000000)
  eden space 5120K, 100% used [0x00000000d5580000,0x00000000d5a80000,0x00000000d5a80000)
  from space 1024K, 76% used [0x00000000d5b80000,0x00000000d5c44010,0x00000000d5c80000)
  to   space 1024K, 0% used [0x00000000d5a80000,0x00000000d5a80000,0x00000000d5b80000)
 ParOldGen       total 818688K, used 404050K [0x0000000080000000, 0x00000000b1f80000, 0x00000000d5580000)
  object space 818688K, 49% used [0x0000000080000000,0x0000000098a94a38,0x00000000b1f80000)
 Metaspace       used 76987K, committed 78656K, reserved 1179648K
  class space    used 7928K, committed 8640K, reserved 1048576K
}
Event: 298.930 GC heap after
{Heap after GC invocations=1262 (full 3):
 PSYoungGen      total 6144K, used 825K [0x00000000d5580000, 0x00000000d5c80000, 0x0000000100000000)
  eden space 5120K, 0% used [0x00000000d5580000,0x00000000d5580000,0x00000000d5a80000)
  from space 1024K, 80% used [0x00000000d5a80000,0x00000000d5b4e410,0x00000000d5b80000)
  to   space 1024K, 0% used [0x00000000d5b80000,0x00000000d5b80000,0x00000000d5c80000)
 ParOldGen       total 818688K, used 404669K [0x0000000080000000, 0x00000000b1f80000, 0x00000000d5580000)
  object space 818688K, 49% used [0x0000000080000000,0x0000000098b2f448,0x00000000b1f80000)
 Metaspace       used 76987K, committed 78656K, reserved 1179648K
  class space    used 7928K, committed 8640K, reserved 1048576K
}
Event: 299.062 GC heap before
{Heap before GC invocations=1263 (full 3):
 PSYoungGen      total 6144K, used 5945K [0x00000000d5580000, 0x00000000d5c80000, 0x0000000100000000)
  eden space 5120K, 100% used [0x00000000d5580000,0x00000000d5a80000,0x00000000d5a80000)
  from space 1024K, 80% used [0x00000000d5a80000,0x00000000d5b4e410,0x00000000d5b80000)
  to   space 1024K, 0% used [0x00000000d5b80000,0x00000000d5b80000,0x00000000d5c80000)
 ParOldGen       total 818688K, used 404669K [0x0000000080000000, 0x00000000b1f80000, 0x00000000d5580000)
  object space 818688K, 49% used [0x0000000080000000,0x0000000098b2f448,0x00000000b1f80000)
 Metaspace       used 77007K, committed 78656K, reserved 1179648K
  class space    used 7928K, committed 8640K, reserved 1048576K
}
Event: 299.063 GC heap after
{Heap after GC invocations=1263 (full 3):
 PSYoungGen      total 6144K, used 745K [0x00000000d5580000, 0x00000000d5c80000, 0x0000000100000000)
  eden space 5120K, 0% used [0x00000000d5580000,0x00000000d5580000,0x00000000d5a80000)
  from space 1024K, 72% used [0x00000000d5b80000,0x00000000d5c3a400,0x00000000d5c80000)
  to   space 1024K, 0% used [0x00000000d5a80000,0x00000000d5a80000,0x00000000d5b80000)
 ParOldGen       total 818688K, used 405374K [0x0000000080000000, 0x00000000b1f80000, 0x00000000d5580000)
  object space 818688K, 49% used [0x0000000080000000,0x0000000098bdf898,0x00000000b1f80000)
 Metaspace       used 77007K, committed 78656K, reserved 1179648K
  class space    used 7928K, committed 8640K, reserved 1048576K
}
Event: 299.070 GC heap before
{Heap before GC invocations=1264 (full 3):
 PSYoungGen      total 6144K, used 5865K [0x00000000d5580000, 0x00000000d5c80000, 0x0000000100000000)
  eden space 5120K, 100% used [0x00000000d5580000,0x00000000d5a80000,0x00000000d5a80000)
  from space 1024K, 72% used [0x00000000d5b80000,0x00000000d5c3a400,0x00000000d5c80000)
  to   space 1024K, 0% used [0x00000000d5a80000,0x00000000d5a80000,0x00000000d5b80000)
 ParOldGen       total 818688K, used 405374K [0x0000000080000000, 0x00000000b1f80000, 0x00000000d5580000)
  object space 818688K, 49% used [0x0000000080000000,0x0000000098bdf898,0x00000000b1f80000)
 Metaspace       used 77031K, committed 78656K, reserved 1179648K
  class space    used 7928K, committed 8640K, reserved 1048576K
}
Event: 299.071 GC heap after
{Heap after GC invocations=1264 (full 3):
 PSYoungGen      total 6144K, used 704K [0x00000000d5580000, 0x00000000d5c80000, 0x0000000100000000)
  eden space 5120K, 0% used [0x00000000d5580000,0x00000000d5580000,0x00000000d5a80000)
  from space 1024K, 68% used [0x00000000d5a80000,0x00000000d5b30000,0x00000000d5b80000)
  to   space 1024K, 0% used [0x00000000d5b80000,0x00000000d5b80000,0x00000000d5c80000)
 ParOldGen       total 818688K, used 406001K [0x0000000080000000, 0x00000000b1f80000, 0x00000000d5580000)
  object space 818688K, 49% used [0x0000000080000000,0x0000000098c7c428,0x00000000b1f80000)
 Metaspace       used 77031K, committed 78656K, reserved 1179648K
  class space    used 7928K, committed 8640K, reserved 1048576K
}
Event: 299.082 GC heap before
{Heap before GC invocations=1265 (full 3):
 PSYoungGen      total 6144K, used 5824K [0x00000000d5580000, 0x00000000d5c80000, 0x0000000100000000)
  eden space 5120K, 100% used [0x00000000d5580000,0x00000000d5a80000,0x00000000d5a80000)
  from space 1024K, 68% used [0x00000000d5a80000,0x00000000d5b30000,0x00000000d5b80000)
  to   space 1024K, 0% used [0x00000000d5b80000,0x00000000d5b80000,0x00000000d5c80000)
 ParOldGen       total 818688K, used 406001K [0x0000000080000000, 0x00000000b1f80000, 0x00000000d5580000)
  object space 818688K, 49% used [0x0000000080000000,0x0000000098c7c428,0x00000000b1f80000)
 Metaspace       used 77037K, committed 78656K, reserved 1179648K
  class space    used 7928K, committed 8640K, reserved 1048576K
}
Event: 299.083 GC heap after
{Heap after GC invocations=1265 (full 3):
 PSYoungGen      total 6144K, used 729K [0x00000000d5580000, 0x00000000d5c80000, 0x0000000100000000)
  eden space 5120K, 0% used [0x00000000d5580000,0x00000000d5580000,0x00000000d5a80000)
  from space 1024K, 71% used [0x00000000d5b80000,0x00000000d5c36410,0x00000000d5c80000)
  to   space 1024K, 0% used [0x00000000d5a80000,0x00000000d5a80000,0x00000000d5b80000)
 ParOldGen       total 818688K, used 406597K [0x0000000080000000, 0x00000000b1f80000, 0x00000000d5580000)
  object space 818688K, 49% used [0x0000000080000000,0x0000000098d11468,0x00000000b1f80000)
 Metaspace       used 77037K, committed 78656K, reserved 1179648K
  class space    used 7928K, committed 8640K, reserved 1048576K
}
Event: 299.091 GC heap before
{Heap before GC invocations=1266 (full 3):
 PSYoungGen      total 6144K, used 5849K [0x00000000d5580000, 0x00000000d5c80000, 0x0000000100000000)
  eden space 5120K, 100% used [0x00000000d5580000,0x00000000d5a80000,0x00000000d5a80000)
  from space 1024K, 71% used [0x00000000d5b80000,0x00000000d5c36410,0x00000000d5c80000)
  to   space 1024K, 0% used [0x00000000d5a80000,0x00000000d5a80000,0x00000000d5b80000)
 ParOldGen       total 818688K, used 406597K [0x0000000080000000, 0x00000000b1f80000, 0x00000000d5580000)
  object space 818688K, 49% used [0x0000000080000000,0x0000000098d11468,0x00000000b1f80000)
 Metaspace       used 77044K, committed 78720K, reserved 1179648K
  class space    used 7928K, committed 8640K, reserved 1048576K
}
Event: 299.092 GC heap after
{Heap after GC invocations=1266 (full 3):
 PSYoungGen      total 6144K, used 640K [0x00000000d5580000, 0x00000000d5c80000, 0x0000000100000000)
  eden space 5120K, 0% used [0x00000000d5580000,0x00000000d5580000,0x00000000d5a80000)
  from space 1024K, 62% used [0x00000000d5a80000,0x00000000d5b20000,0x00000000d5b80000)
  to   space 1024K, 0% used [0x00000000d5b80000,0x00000000d5b80000,0x00000000d5c80000)
 ParOldGen       total 818688K, used 407270K [0x0000000080000000, 0x00000000b1f80000, 0x00000000d5580000)
  object space 818688K, 49% used [0x0000000080000000,0x0000000098db9a78,0x00000000b1f80000)
 Metaspace       used 77044K, committed 78720K, reserved 1179648K
  class space    used 7928K, committed 8640K, reserved 1048576K
}
Event: 299.103 GC heap before
{Heap before GC invocations=1267 (full 3):
 PSYoungGen      total 6144K, used 5760K [0x00000000d5580000, 0x00000000d5c80000, 0x0000000100000000)
  eden space 5120K, 100% used [0x00000000d5580000,0x00000000d5a80000,0x00000000d5a80000)
  from space 1024K, 62% used [0x00000000d5a80000,0x00000000d5b20000,0x00000000d5b80000)
  to   space 1024K, 0% used [0x00000000d5b80000,0x00000000d5b80000,0x00000000d5c80000)
 ParOldGen       total 818688K, used 407270K [0x0000000080000000, 0x00000000b1f80000, 0x00000000d5580000)
  object space 818688K, 49% used [0x0000000080000000,0x0000000098db9a78,0x00000000b1f80000)
 Metaspace       used 77054K, committed 78720K, reserved 1179648K
  class space    used 7928K, committed 8640K, reserved 1048576K
}
Event: 299.105 GC heap after
{Heap after GC invocations=1267 (full 3):
 PSYoungGen      total 5632K, used 1001K [0x00000000d5580000, 0x00000000d5d80000, 0x0000000100000000)
  eden space 4608K, 0% used [0x00000000d5580000,0x00000000d5580000,0x00000000d5a00000)
  from space 1024K, 97% used [0x00000000d5b80000,0x00000000d5c7a400,0x00000000d5c80000)
  to   space 1536K, 0% used [0x00000000d5a00000,0x00000000d5a00000,0x00000000d5b80000)
 ParOldGen       total 818688K, used 407826K [0x0000000080000000, 0x00000000b1f80000, 0x00000000d5580000)
  object space 818688K, 49% used [0x0000000080000000,0x0000000098e44aa8,0x00000000b1f80000)
 Metaspace       used 77054K, committed 78720K, reserved 1179648K
  class space    used 7928K, committed 8640K, reserved 1048576K
}
Event: 299.111 GC heap before
{Heap before GC invocations=1268 (full 3):
 PSYoungGen      total 5632K, used 5609K [0x00000000d5580000, 0x00000000d5d80000, 0x0000000100000000)
  eden space 4608K, 100% used [0x00000000d5580000,0x00000000d5a00000,0x00000000d5a00000)
  from space 1024K, 97% used [0x00000000d5b80000,0x00000000d5c7a400,0x00000000d5c80000)
  to   space 1536K, 0% used [0x00000000d5a00000,0x00000000d5a00000,0x00000000d5b80000)
 ParOldGen       total 818688K, used 407826K [0x0000000080000000, 0x00000000b1f80000, 0x00000000d5580000)
  object space 818688K, 49% used [0x0000000080000000,0x0000000098e44aa8,0x00000000b1f80000)
 Metaspace       used 77055K, committed 78720K, reserved 1179648K
  class space    used 7928K, committed 8640K, reserved 1048576K
}
Event: 299.112 GC heap after
{Heap after GC invocations=1268 (full 3):
 PSYoungGen      total 5120K, used 416K [0x00000000d5580000, 0x00000000d5c00000, 0x0000000100000000)
  eden space 4608K, 0% used [0x00000000d5580000,0x00000000d5580000,0x00000000d5a00000)
  from space 512K, 81% used [0x00000000d5a00000,0x00000000d5a68000,0x00000000d5a80000)
  to   space 1024K, 0% used [0x00000000d5b00000,0x00000000d5b00000,0x00000000d5c00000)
 ParOldGen       total 818688K, used 408720K [0x0000000080000000, 0x00000000b1f80000, 0x00000000d5580000)
  object space 818688K, 49% used [0x0000000080000000,0x0000000098f240c8,0x00000000b1f80000)
 Metaspace       used 77055K, committed 78720K, reserved 1179648K
  class space    used 7928K, committed 8640K, reserved 1048576K
}
Event: 299.124 GC heap before
{Heap before GC invocations=1269 (full 3):
 PSYoungGen      total 5120K, used 4090K [0x00000000d5580000, 0x00000000d5c00000, 0x0000000100000000)
  eden space 4608K, 79% used [0x00000000d5580000,0x00000000d5916b30,0x00000000d5a00000)
  from space 512K, 81% used [0x00000000d5a00000,0x00000000d5a68000,0x00000000d5a80000)
  to   space 1024K, 0% used [0x00000000d5b00000,0x00000000d5b00000,0x00000000d5c00000)
 ParOldGen       total 818688K, used 408720K [0x0000000080000000, 0x00000000b1f80000, 0x00000000d5580000)
  object space 818688K, 49% used [0x0000000080000000,0x0000000098f240c8,0x00000000b1f80000)
 Metaspace       used 77068K, committed 78720K, reserved 1179648K
  class space    used 7928K, committed 8640K, reserved 1048576K
}
Event: 299.126 GC heap after
{Heap after GC invocations=1269 (full 3):
 PSYoungGen      total 5632K, used 704K [0x00000000d5580000, 0x00000000d5c00000, 0x0000000100000000)
  eden space 4608K, 0% used [0x00000000d5580000,0x00000000d5580000,0x00000000d5a00000)
  from space 1024K, 68% used [0x00000000d5b00000,0x00000000d5bb0000,0x00000000d5c00000)
  to   space 1024K, 0% used [0x00000000d5a00000,0x00000000d5a00000,0x00000000d5b00000)
 ParOldGen       total 818688K, used 409060K [0x0000000080000000, 0x00000000b1f80000, 0x00000000d5580000)
  object space 818688K, 49% used [0x0000000080000000,0x0000000098f790f8,0x00000000b1f80000)
 Metaspace       used 77068K, committed 78720K, reserved 1179648K
  class space    used 7928K, committed 8640K, reserved 1048576K
}
Event: 299.127 GC heap before
{Heap before GC invocations=1270 (full 4):
 PSYoungGen      total 5632K, used 704K [0x00000000d5580000, 0x00000000d5c00000, 0x0000000100000000)
  eden space 4608K, 0% used [0x00000000d5580000,0x00000000d5580000,0x00000000d5a00000)
  from space 1024K, 68% used [0x00000000d5b00000,0x00000000d5bb0000,0x00000000d5c00000)
  to   space 1024K, 0% used [0x00000000d5a00000,0x00000000d5a00000,0x00000000d5b00000)
 ParOldGen       total 818688K, used 409060K [0x0000000080000000, 0x00000000b1f80000, 0x00000000d5580000)
  object space 818688K, 49% used [0x0000000080000000,0x0000000098f790f8,0x00000000b1f80000)
 Metaspace       used 77068K, committed 78720K, reserved 1179648K
  class space    used 7928K, committed 8640K, reserved 1048576K
}
Event: 299.252 GC heap after
{Heap after GC invocations=1270 (full 4):
 PSYoungGen      total 5632K, used 0K [0x00000000d5580000, 0x00000000d5c00000, 0x0000000100000000)
  eden space 4608K, 0% used [0x00000000d5580000,0x00000000d5580000,0x00000000d5a00000)
  from space 1024K, 0% used [0x00000000d5b00000,0x00000000d5b00000,0x00000000d5c00000)
  to   space 1024K, 0% used [0x00000000d5a00000,0x00000000d5a00000,0x00000000d5b00000)
 ParOldGen       total 818688K, used 257845K [0x0000000080000000, 0x00000000b1f80000, 0x00000000d5580000)
  object space 818688K, 31% used [0x0000000080000000,0x000000008fbcd480,0x00000000b1f80000)
 Metaspace       used 77039K, committed 78720K, reserved 1179648K
  class space    used 7920K, committed 8640K, reserved 1048576K
}
Event: 299.267 GC heap before
{Heap before GC invocations=1271 (full 4):
 PSYoungGen      total 5632K, used 4608K [0x00000000d5580000, 0x00000000d5c00000, 0x0000000100000000)
  eden space 4608K, 100% used [0x00000000d5580000,0x00000000d5a00000,0x00000000d5a00000)
  from space 1024K, 0% used [0x00000000d5b00000,0x00000000d5b00000,0x00000000d5c00000)
  to   space 1024K, 0% used [0x00000000d5a00000,0x00000000d5a00000,0x00000000d5b00000)
 ParOldGen       total 818688K, used 257845K [0x0000000080000000, 0x00000000b1f80000, 0x00000000d5580000)
  object space 818688K, 31% used [0x0000000080000000,0x000000008fbcd480,0x00000000b1f80000)
 Metaspace       used 77129K, committed 78784K, reserved 1179648K
  class space    used 7932K, committed 8640K, reserved 1048576K
}
Event: 299.268 GC heap after
{Heap after GC invocations=1271 (full 4):
 PSYoungGen      total 5632K, used 224K [0x00000000d5580000, 0x00000000d5b80000, 0x0000000100000000)
  eden space 4608K, 0% used [0x00000000d5580000,0x00000000d5580000,0x00000000d5a00000)
  from space 1024K, 21% used [0x00000000d5a00000,0x00000000d5a38000,0x00000000d5b00000)
  to   space 512K, 0% used [0x00000000d5b00000,0x00000000d5b00000,0x00000000d5b80000)
 ParOldGen       total 818688K, used 257845K [0x0000000080000000, 0x00000000b1f80000, 0x00000000d5580000)
  object space 818688K, 31% used [0x0000000080000000,0x000000008fbcd480,0x00000000b1f80000)
 Metaspace       used 77129K, committed 78784K, reserved 1179648K
  class space    used 7932K, committed 8640K, reserved 1048576K
}

