# JRE version: OpenJDK Runtime Environment Temurin-21.0.10+7 (21.0.10+7) (build 21.0.10+7-LTS)
# Java VM: OpenJDK 64-Bit Server VM Temurin-21.0.10+7 (21.0.10+7-LTS, mixed mode, sharing, tiered, compressed oops, compressed class ptrs, parallel gc, windows-amd64)
GC Precious Log:
 CardTable entry size: 512
 CPUs: 8 total, 8 available
 Memory: 16167M
 Large Page Support: Disabled
 NUMA Support: Disabled
 Compressed Oops: Enabled (32-bit)
 Alignments: Space 512K, Generation 512K, Heap 2M
 Heap Min Capacity: 100M
 Heap Initial Capacity: 100M
 Heap Max Capacity: 2G
 Pre-touch: Disabled
 Parallel Workers: 8
Heap:
 PSYoungGen      total 8192K, used 8189K [0x00000000d5580000, 0x00000000d5e80000, 0x0000000100000000)
  eden space 7680K, 100% used [0x00000000d5580000,0x00000000d5d00000,0x00000000d5d00000)
  from space 512K, 99% used [0x00000000d5d80000,0x00000000d5dff780,0x00000000d5e00000)
  to   space 512K, 43% used [0x00000000d5d00000,0x00000000d5d38000,0x00000000d5d80000)
 ParOldGen       total 147968K, used 147966K [0x0000000080000000, 0x0000000089080000, 0x00000000d5580000)
  object space 147968K, 99% used [0x0000000080000000,0x000000008907fb90,0x0000000089080000)
 Metaspace       used 64489K, committed 66048K, reserved 1114112K
  class space    used 6818K, committed 7488K, reserved 1048576K
GC Heap History (20 events):
Event: 33.313 GC heap after
{Heap after GC invocations=450 (full 3):
 PSYoungGen      total 6656K, used 256K [0x00000000d5580000, 0x00000000d5d00000, 0x0000000100000000)
  eden space 6144K, 0% used [0x00000000d5580000,0x00000000d5580000,0x00000000d5b80000)
  from space 512K, 50% used [0x00000000d5c00000,0x00000000d5c40000,0x00000000d5c80000)
  to   space 512K, 0% used [0x00000000d5c80000,0x00000000d5c80000,0x00000000d5d00000)
 ParOldGen       total 146432K, used 146079K [0x0000000080000000, 0x0000000088f00000, 0x00000000d5580000)
  object space 146432K, 99% used [0x0000000080000000,0x0000000088ea7c70,0x0000000088f00000)
 Metaspace       used 64455K, committed 66048K, reserved 1114112K
  class space    used 6818K, committed 7488K, reserved 1048576K
}
Event: 33.318 GC heap before
{Heap before GC invocations=451 (full 3):
 PSYoungGen      total 6656K, used 6400K [0x00000000d5580000, 0x00000000d5d00000, 0x0000000100000000)
  eden space 6144K, 100% used [0x00000000d5580000,0x00000000d5b80000,0x00000000d5b80000)
  from space 512K, 50% used [0x00000000d5c00000,0x00000000d5c40000,0x00000000d5c80000)
  to   space 512K, 0% used [0x00000000d5c80000,0x00000000d5c80000,0x00000000d5d00000)
 ParOldGen       total 146432K, used 146079K [0x0000000080000000, 0x0000000088f00000, 0x00000000d5580000)
  object space 146432K, 99% used [0x0000000080000000,0x0000000088ea7c70,0x0000000088f00000)
 Metaspace       used 64455K, committed 66048K, reserved 1114112K
  class space    used 6818K, committed 7488K, reserved 1048576K
}
Event: 33.319 GC heap after
{Heap after GC invocations=451 (full 3):
 PSYoungGen      total 6656K, used 256K [0x00000000d5580000, 0x00000000d5d00000, 0x0000000100000000)
  eden space 6144K, 0% used [0x00000000d5580000,0x00000000d5580000,0x00000000d5b80000)
  from space 512K, 50% used [0x00000000d5c80000,0x00000000d5cc0000,0x00000000d5d00000)
  to   space 512K, 0% used [0x00000000d5c00000,0x00000000d5c00000,0x00000000d5c80000)
 ParOldGen       total 146432K, used 146239K [0x0000000080000000, 0x0000000088f00000, 0x00000000d5580000)
  object space 146432K, 99% used [0x0000000080000000,0x0000000088ecfc70,0x0000000088f00000)
 Metaspace       used 64455K, committed 66048K, reserved 1114112K
  class space    used 6818K, committed 7488K, reserved 1048576K
}
Event: 33.323 GC heap before
{Heap before GC invocations=452 (full 3):
 PSYoungGen      total 6656K, used 6400K [0x00000000d5580000, 0x00000000d5d00000, 0x0000000100000000)
  eden space 6144K, 100% used [0x00000000d5580000,0x00000000d5b80000,0x00000000d5b80000)
  from space 512K, 50% used [0x00000000d5c80000,0x00000000d5cc0000,0x00000000d5d00000)
  to   space 512K, 0% used [0x00000000d5c00000,0x00000000d5c00000,0x00000000d5c80000)
 ParOldGen       total 146432K, used 146239K [0x0000000080000000, 0x0000000088f00000, 0x00000000d5580000)
  object space 146432K, 99% used [0x0000000080000000,0x0000000088ecfc70,0x0000000088f00000)
 Metaspace       used 64455K, committed 66048K, reserved 1114112K
  class space    used 6818K, committed 7488K, reserved 1048576K
}
Event: 33.324 GC heap after
{Heap after GC invocations=452 (full 3):
 PSYoungGen      total 6656K, used 256K [0x00000000d5580000, 0x00000000d5d00000, 0x0000000100000000)
  eden space 6144K, 0% used [0x00000000d5580000,0x00000000d5580000,0x00000000d5b80000)
  from space 512K, 50% used [0x00000000d5c00000,0x00000000d5c40000,0x00000000d5c80000)
  to   space 512K, 0% used [0x00000000d5c80000,0x00000000d5c80000,0x00000000d5d00000)
 ParOldGen       total 146432K, used 146375K [0x0000000080000000, 0x0000000088f00000, 0x00000000d5580000)
  object space 146432K, 99% used [0x0000000080000000,0x0000000088ef1c70,0x0000000088f00000)
 Metaspace       used 64455K, committed 66048K, reserved 1114112K
  class space    used 6818K, committed 7488K, reserved 1048576K
}
Event: 33.329 GC heap before
{Heap before GC invocations=453 (full 3):
 PSYoungGen      total 6656K, used 6400K [0x00000000d5580000, 0x00000000d5d00000, 0x0000000100000000)
  eden space 6144K, 100% used [0x00000000d5580000,0x00000000d5b80000,0x00000000d5b80000)
  from space 512K, 50% used [0x00000000d5c00000,0x00000000d5c40000,0x00000000d5c80000)
  to   space 512K, 0% used [0x00000000d5c80000,0x00000000d5c80000,0x00000000d5d00000)
 ParOldGen       total 146432K, used 146375K [0x0000000080000000, 0x0000000088f00000, 0x00000000d5580000)
  object space 146432K, 99% used [0x0000000080000000,0x0000000088ef1c70,0x0000000088f00000)
 Metaspace       used 64455K, committed 66048K, reserved 1114112K
  class space    used 6818K, committed 7488K, reserved 1048576K
}
Event: 33.330 GC heap after
{Heap after GC invocations=453 (full 3):
 PSYoungGen      total 6656K, used 256K [0x00000000d5580000, 0x00000000d5d00000, 0x0000000100000000)
  eden space 6144K, 0% used [0x00000000d5580000,0x00000000d5580000,0x00000000d5b80000)
  from space 512K, 50% used [0x00000000d5c80000,0x00000000d5cc0000,0x00000000d5d00000)
  to   space 512K, 0% used [0x00000000d5c00000,0x00000000d5c00000,0x00000000d5c80000)
 ParOldGen       total 146944K, used 146519K [0x0000000080000000, 0x0000000088f80000, 0x00000000d5580000)
  object space 146944K, 99% used [0x0000000080000000,0x0000000088f15c70,0x0000000088f80000)
 Metaspace       used 64455K, committed 66048K, reserved 1114112K
  class space    used 6818K, committed 7488K, reserved 1048576K
}
Event: 33.335 GC heap before
{Heap before GC invocations=454 (full 3):
 PSYoungGen      total 6656K, used 6400K [0x00000000d5580000, 0x00000000d5d00000, 0x0000000100000000)
  eden space 6144K, 100% used [0x00000000d5580000,0x00000000d5b80000,0x00000000d5b80000)
  from space 512K, 50% used [0x00000000d5c80000,0x00000000d5cc0000,0x00000000d5d00000)
  to   space 512K, 0% used [0x00000000d5c00000,0x00000000d5c00000,0x00000000d5c80000)
 ParOldGen       total 146944K, used 146519K [0x0000000080000000, 0x0000000088f80000, 0x00000000d5580000)
  object space 146944K, 99% used [0x0000000080000000,0x0000000088f15c70,0x0000000088f80000)
 Metaspace       used 64455K, committed 66048K, reserved 1114112K
  class space    used 6818K, committed 7488K, reserved 1048576K
}
Event: 33.336 GC heap after
{Heap after GC invocations=454 (full 3):
 PSYoungGen      total 6656K, used 256K [0x00000000d5580000, 0x00000000d5d00000, 0x0000000100000000)
  eden space 6144K, 0% used [0x00000000d5580000,0x00000000d5580000,0x00000000d5b80000)
  from space 512K, 50% used [0x00000000d5c00000,0x00000000d5c40000,0x00000000d5c80000)
  to   space 512K, 0% used [0x00000000d5c80000,0x00000000d5c80000,0x00000000d5d00000)
 ParOldGen       total 146944K, used 146615K [0x0000000080000000, 0x0000000088f80000, 0x00000000d5580000)
  object space 146944K, 99% used [0x0000000080000000,0x0000000088f2dc70,0x0000000088f80000)
 Metaspace       used 64455K, committed 66048K, reserved 1114112K
  class space    used 6818K, committed 7488K, reserved 1048576K
}
Event: 33.342 GC heap before
{Heap before GC invocations=455 (full 3):
 PSYoungGen      total 6656K, used 6400K [0x00000000d5580000, 0x00000000d5d00000, 0x0000000100000000)
  eden space 6144K, 100% used [0x00000000d5580000,0x00000000d5b80000,0x00000000d5b80000)
  from space 512K, 50% used [0x00000000d5c00000,0x00000000d5c40000,0x00000000d5c80000)
  to   space 512K, 0% used [0x00000000d5c80000,0x00000000d5c80000,0x00000000d5d00000)
 ParOldGen       total 146944K, used 146615K [0x0000000080000000, 0x0000000088f80000, 0x00000000d5580000)
  object space 146944K, 99% used [0x0000000080000000,0x0000000088f2dc70,0x0000000088f80000)
 Metaspace       used 64456K, committed 66048K, reserved 1114112K
  class space    used 6818K, committed 7488K, reserved 1048576K
}
Event: 33.343 GC heap after
{Heap after GC invocations=455 (full 3):
 PSYoungGen      total 6656K, used 348K [0x00000000d5580000, 0x00000000d5d00000, 0x0000000100000000)
  eden space 6144K, 0% used [0x00000000d5580000,0x00000000d5580000,0x00000000d5b80000)
  from space 512K, 68% used [0x00000000d5c80000,0x00000000d5cd7370,0x00000000d5d00000)
  to   space 512K, 0% used [0x00000000d5c00000,0x00000000d5c00000,0x00000000d5c80000)
 ParOldGen       total 146944K, used 146759K [0x0000000080000000, 0x0000000088f80000, 0x00000000d5580000)
  object space 146944K, 99% used [0x0000000080000000,0x0000000088f51c70,0x0000000088f80000)
 Metaspace       used 64456K, committed 66048K, reserved 1114112K
  class space    used 6818K, committed 7488K, reserved 1048576K
}
Event: 33.349 GC heap before
{Heap before GC invocations=456 (full 3):
 PSYoungGen      total 6656K, used 6492K [0x00000000d5580000, 0x00000000d5d00000, 0x0000000100000000)
  eden space 6144K, 100% used [0x00000000d5580000,0x00000000d5b80000,0x00000000d5b80000)
  from space 512K, 68% used [0x00000000d5c80000,0x00000000d5cd7370,0x00000000d5d00000)
  to   space 512K, 0% used [0x00000000d5c00000,0x00000000d5c00000,0x00000000d5c80000)
 ParOldGen       total 146944K, used 146759K [0x0000000080000000, 0x0000000088f80000, 0x00000000d5580000)
  object space 146944K, 99% used [0x0000000080000000,0x0000000088f51c70,0x0000000088f80000)
 Metaspace       used 64456K, committed 66048K, reserved 1114112K
  class space    used 6818K, committed 7488K, reserved 1048576K
}
Event: 34.359 GC heap after
{Heap after GC invocations=456 (full 3):
 PSYoungGen      total 7168K, used 288K [0x00000000d5580000, 0x00000000d5e00000, 0x0000000100000000)
  eden space 6656K, 0% used [0x00000000d5580000,0x00000000d5580000,0x00000000d5c00000)
  from space 512K, 56% used [0x00000000d5c00000,0x00000000d5c48000,0x00000000d5c80000)
  to   space 512K, 0% used [0x00000000d5d80000,0x00000000d5d80000,0x00000000d5e00000)
 ParOldGen       total 147456K, used 146995K [0x0000000080000000, 0x0000000089000000, 0x00000000d5580000)
  object space 147456K, 99% used [0x0000000080000000,0x0000000088f8cfe0,0x0000000089000000)
 Metaspace       used 64456K, committed 66048K, reserved 1114112K
  class space    used 6818K, committed 7488K, reserved 1048576K
}
Event: 34.383 GC heap before
{Heap before GC invocations=457 (full 3):
 PSYoungGen      total 7168K, used 6944K [0x00000000d5580000, 0x00000000d5e00000, 0x0000000100000000)
  eden space 6656K, 100% used [0x00000000d5580000,0x00000000d5c00000,0x00000000d5c00000)
  from space 512K, 56% used [0x00000000d5c00000,0x00000000d5c48000,0x00000000d5c80000)
  to   space 512K, 0% used [0x00000000d5d80000,0x00000000d5d80000,0x00000000d5e00000)
 ParOldGen       total 147456K, used 146995K [0x0000000080000000, 0x0000000089000000, 0x00000000d5580000)
  object space 147456K, 99% used [0x0000000080000000,0x0000000088f8cfe0,0x0000000089000000)
 Metaspace       used 64462K, committed 66048K, reserved 1114112K
  class space    used 6818K, committed 7488K, reserved 1048576K
}
Event: 34.385 GC heap after
{Heap after GC invocations=457 (full 3):
 PSYoungGen      total 8192K, used 383K [0x00000000d5580000, 0x00000000d5e80000, 0x0000000100000000)
  eden space 7680K, 0% used [0x00000000d5580000,0x00000000d5580000,0x00000000d5d00000)
  from space 512K, 74% used [0x00000000d5d80000,0x00000000d5ddfdd0,0x00000000d5e00000)
  to   space 512K, 0% used [0x00000000d5d00000,0x00000000d5d00000,0x00000000d5d80000)
 ParOldGen       total 147456K, used 147129K [0x0000000080000000, 0x0000000089000000, 0x00000000d5580000)
  object space 147456K, 99% used [0x0000000080000000,0x0000000088fae698,0x0000000089000000)
 Metaspace       used 64462K, committed 66048K, reserved 1114112K
  class space    used 6818K, committed 7488K, reserved 1048576K
}
Event: 34.403 GC heap before
{Heap before GC invocations=458 (full 3):
 PSYoungGen      total 8192K, used 8063K [0x00000000d5580000, 0x00000000d5e80000, 0x0000000100000000)
  eden space 7680K, 100% used [0x00000000d5580000,0x00000000d5d00000,0x00000000d5d00000)
  from space 512K, 74% used [0x00000000d5d80000,0x00000000d5ddfdd0,0x00000000d5e00000)
  to   space 512K, 0% used [0x00000000d5d00000,0x00000000d5d00000,0x00000000d5d80000)
 ParOldGen       total 147456K, used 147129K [0x0000000080000000, 0x0000000089000000, 0x00000000d5580000)
  object space 147456K, 99% used [0x0000000080000000,0x0000000088fae698,0x0000000089000000)
 Metaspace       used 64479K, committed 66048K, reserved 1114112K
  class space    used 6818K, committed 7488K, reserved 1048576K
}
Event: 36.424 GC heap after
{Heap after GC invocations=458 (full 3):
 PSYoungGen      total 8192K, used 384K [0x00000000d5580000, 0x00000000d5e80000, 0x0000000100000000)
  eden space 7680K, 0% used [0x00000000d5580000,0x00000000d5580000,0x00000000d5d00000)
  from space 512K, 75% used [0x00000000d5d00000,0x00000000d5d60000,0x00000000d5d80000)
  to   space 512K, 0% used [0x00000000d5d80000,0x00000000d5d80000,0x00000000d5e00000)
 ParOldGen       total 147456K, used 147325K [0x0000000080000000, 0x0000000089000000, 0x00000000d5580000)
  object space 147456K, 99% used [0x0000000080000000,0x0000000088fdf540,0x0000000089000000)
 Metaspace       used 64479K, committed 66048K, reserved 1114112K
  class space    used 6818K, committed 7488K, reserved 1048576K
}
Event: 36.445 GC heap before
{Heap before GC invocations=459 (full 3):
 PSYoungGen      total 8192K, used 8064K [0x00000000d5580000, 0x00000000d5e80000, 0x0000000100000000)
  eden space 7680K, 100% used [0x00000000d5580000,0x00000000d5d00000,0x00000000d5d00000)
  from space 512K, 75% used [0x00000000d5d00000,0x00000000d5d60000,0x00000000d5d80000)
  to   space 512K, 0% used [0x00000000d5d80000,0x00000000d5d80000,0x00000000d5e00000)
 ParOldGen       total 147456K, used 147325K [0x0000000080000000, 0x0000000089000000, 0x00000000d5580000)
  object space 147456K, 99% used [0x0000000080000000,0x0000000088fdf540,0x0000000089000000)
 Metaspace       used 64486K, committed 66048K, reserved 1114112K
  class space    used 6818K, committed 7488K, reserved 1048576K
}
Event: 38.464 GC heap after
{Heap after GC invocations=459 (full 3):
 PSYoungGen      total 8192K, used 509K [0x00000000d5580000, 0x00000000d5e80000, 0x0000000100000000)
  eden space 7680K, 0% used [0x00000000d5580000,0x00000000d5580000,0x00000000d5d00000)
  from space 512K, 99% used [0x00000000d5d80000,0x00000000d5dff780,0x00000000d5e00000)
  to   space 512K, 0% used [0x00000000d5d00000,0x00000000d5d00000,0x00000000d5d80000)
 ParOldGen       total 147968K, used 147540K [0x0000000080000000, 0x0000000089080000, 0x00000000d5580000)
  object space 147968K, 99% used [0x0000000080000000,0x0000000089015210,0x0000000089080000)
 Metaspace       used 64486K, committed 66048K, reserved 1114112K
  class space    used 6818K, committed 7488K, reserved 1048576K
}
Event: 40.490 GC heap before
{Heap before GC invocations=460 (full 3):
 PSYoungGen      total 8192K, used 8189K [0x00000000d5580000, 0x00000000d5e80000, 0x0000000100000000)
  eden space 7680K, 100% used [0x00000000d5580000,0x00000000d5d00000,0x00000000d5d00000)
  from space 512K, 99% used [0x00000000d5d80000,0x00000000d5dff780,0x00000000d5e00000)
  to   space 512K, 0% used [0x00000000d5d00000,0x00000000d5d00000,0x00000000d5d80000)
 ParOldGen       total 147968K, used 147540K [0x0000000080000000, 0x0000000089080000, 0x00000000d5580000)
  object space 147968K, 99% used [0x0000000080000000,0x0000000089015210,0x0000000089080000)
 Metaspace       used 64489K, committed 66048K, reserved 1114112K
  class space    used 6818K, committed 7488K, reserved 1048576K
}

