# JRE version: OpenJDK Runtime Environment Temurin-21.0.10+7 (21.0.10+7) (build 21.0.10+7-LTS)
# Java VM: OpenJDK 64-Bit Server VM Temurin-21.0.10+7 (21.0.10+7-LTS, mixed mode, sharing, tiered, compressed oops, compressed class ptrs, parallel gc, windows-amd64)
GC Precious Log:
 CardTable entry size: 512
 CPUs: 8 total, 8 available
 Memory: 16167M
 Large Page Support: Disabled
 NUMA Support: Disabled
 Compressed Oops: Enabled (32-bit)
 Alignments: Space 512K, Generation 512K, Heap 2M
 Heap Min Capacity: 100M
 Heap Initial Capacity: 100M
 Heap Max Capacity: 2G
 Pre-touch: Disabled
 Parallel Workers: 8
Heap:
 PSYoungGen      total 5632K, used 5308K [0x00000000d5580000, 0x00000000d5e00000, 0x0000000100000000)
  eden space 5120K, 98% used [0x00000000d5580000,0x00000000d5a6f0a0,0x00000000d5a80000)
  from space 512K, 50% used [0x00000000d5d80000,0x00000000d5dc0000,0x00000000d5e00000)
  to   space 512K, 0% used [0x00000000d5d00000,0x00000000d5d00000,0x00000000d5d80000)
 ParOldGen       total 333824K, used 333672K [0x0000000080000000, 0x0000000094600000, 0x00000000d5580000)
  object space 333824K, 99% used [0x0000000080000000,0x00000000945da0f8,0x0000000094600000)
 Metaspace       used 78635K, committed 80192K, reserved 1179648K
  class space    used 7932K, committed 8576K, reserved 1048576K
GC Heap History (20 events):
Event: 4700.785 GC heap before
{Heap before GC invocations=1061 (full 4):
 PSYoungGen      total 10240K, used 9859K [0x00000000d5580000, 0x00000000d6480000, 0x0000000100000000)
  eden space 5120K, 100% used [0x00000000d5580000,0x00000000d5a80000,0x00000000d5a80000)
  from space 5120K, 92% used [0x00000000d5f80000,0x00000000d6420dc8,0x00000000d6480000)
  to   space 5120K, 0% used [0x00000000d5a80000,0x00000000d5a80000,0x00000000d5f80000)
 ParOldGen       total 322560K, used 319752K [0x0000000080000000, 0x0000000093b00000, 0x00000000d5580000)
  object space 322560K, 99% used [0x0000000080000000,0x0000000093842198,0x0000000093b00000)
 Metaspace       used 78069K, committed 79616K, reserved 1179648K
  class space    used 7883K, committed 8512K, reserved 1048576K
}
Event: 4700.791 GC heap after
{Heap after GC invocations=1061 (full 4):
 PSYoungGen      total 10240K, used 4624K [0x00000000d5580000, 0x00000000d6480000, 0x0000000100000000)
  eden space 5120K, 0% used [0x00000000d5580000,0x00000000d5580000,0x00000000d5a80000)
  from space 5120K, 90% used [0x00000000d5a80000,0x00000000d5f04010,0x00000000d5f80000)
  to   space 5120K, 0% used [0x00000000d5f80000,0x00000000d5f80000,0x00000000d6480000)
 ParOldGen       total 324608K, used 324427K [0x0000000080000000, 0x0000000093d00000, 0x00000000d5580000)
  object space 324608K, 99% used [0x0000000080000000,0x0000000093cd2f80,0x0000000093d00000)
 Metaspace       used 78069K, committed 79616K, reserved 1179648K
  class space    used 7883K, committed 8512K, reserved 1048576K
}
Event: 4700.852 GC heap before
{Heap before GC invocations=1062 (full 4):
 PSYoungGen      total 10240K, used 9744K [0x00000000d5580000, 0x00000000d6480000, 0x0000000100000000)
  eden space 5120K, 100% used [0x00000000d5580000,0x00000000d5a80000,0x00000000d5a80000)
  from space 5120K, 90% used [0x00000000d5a80000,0x00000000d5f04010,0x00000000d5f80000)
  to   space 5120K, 0% used [0x00000000d5f80000,0x00000000d5f80000,0x00000000d6480000)
 ParOldGen       total 324608K, used 324427K [0x0000000080000000, 0x0000000093d00000, 0x00000000d5580000)
  object space 324608K, 99% used [0x0000000080000000,0x0000000093cd2f80,0x0000000093d00000)
 Metaspace       used 78078K, committed 79616K, reserved 1179648K
  class space    used 7883K, committed 8512K, reserved 1048576K
}
Event: 4700.858 GC heap after
{Heap after GC invocations=1062 (full 4):
 PSYoungGen      total 8704K, used 3520K [0x00000000d5580000, 0x00000000d6300000, 0x0000000100000000)
  eden space 5120K, 0% used [0x00000000d5580000,0x00000000d5580000,0x00000000d5a80000)
  from space 3584K, 98% used [0x00000000d5f80000,0x00000000d62f0000,0x00000000d6300000)
  to   space 4096K, 0% used [0x00000000d5b00000,0x00000000d5b00000,0x00000000d5f00000)
 ParOldGen       total 329216K, used 328883K [0x0000000080000000, 0x0000000094180000, 0x00000000d5580000)
  object space 329216K, 99% used [0x0000000080000000,0x000000009412cf80,0x0000000094180000)
 Metaspace       used 78078K, committed 79616K, reserved 1179648K
  class space    used 7883K, committed 8512K, reserved 1048576K
}
Event: 4701.029 GC heap before
{Heap before GC invocations=1063 (full 4):
 PSYoungGen      total 8704K, used 8640K [0x00000000d5580000, 0x00000000d6300000, 0x0000000100000000)
  eden space 5120K, 100% used [0x00000000d5580000,0x00000000d5a80000,0x00000000d5a80000)
  from space 3584K, 98% used [0x00000000d5f80000,0x00000000d62f0000,0x00000000d6300000)
  to   space 4096K, 0% used [0x00000000d5b00000,0x00000000d5b00000,0x00000000d5f00000)
 ParOldGen       total 329216K, used 328883K [0x0000000080000000, 0x0000000094180000, 0x00000000d5580000)
  object space 329216K, 99% used [0x0000000080000000,0x000000009412cf80,0x0000000094180000)
 Metaspace       used 78088K, committed 79680K, reserved 1179648K
  class space    used 7883K, committed 8512K, reserved 1048576K
}
Event: 4701.033 GC heap after
{Heap after GC invocations=1063 (full 4):
 PSYoungGen      total 6144K, used 1024K [0x00000000d5580000, 0x00000000d6000000, 0x0000000100000000)
  eden space 5120K, 0% used [0x00000000d5580000,0x00000000d5580000,0x00000000d5a80000)
  from space 1024K, 100% used [0x00000000d5b00000,0x00000000d5c00000,0x00000000d5c00000)
  to   space 2048K, 0% used [0x00000000d5e00000,0x00000000d5e00000,0x00000000d6000000)
 ParOldGen       total 331776K, used 331643K [0x0000000080000000, 0x0000000094400000, 0x00000000d5580000)
  object space 331776K, 99% used [0x0000000080000000,0x00000000943def80,0x0000000094400000)
 Metaspace       used 78088K, committed 79680K, reserved 1179648K
  class space    used 7883K, committed 8512K, reserved 1048576K
}
Event: 4702.459 GC heap before
{Heap before GC invocations=1064 (full 4):
 PSYoungGen      total 6144K, used 6143K [0x00000000d5580000, 0x00000000d6000000, 0x0000000100000000)
  eden space 5120K, 99% used [0x00000000d5580000,0x00000000d5a7ffc0,0x00000000d5a80000)
  from space 1024K, 100% used [0x00000000d5b00000,0x00000000d5c00000,0x00000000d5c00000)
  to   space 2048K, 0% used [0x00000000d5e00000,0x00000000d5e00000,0x00000000d6000000)
 ParOldGen       total 331776K, used 331643K [0x0000000080000000, 0x0000000094400000, 0x00000000d5580000)
  object space 331776K, 99% used [0x0000000080000000,0x00000000943def80,0x0000000094400000)
 Metaspace       used 78115K, committed 79680K, reserved 1179648K
  class space    used 7883K, committed 8512K, reserved 1048576K
}
Event: 4702.460 GC heap after
{Heap after GC invocations=1064 (full 4):
 PSYoungGen      total 6144K, used 676K [0x00000000d5580000, 0x00000000d5f00000, 0x0000000100000000)
  eden space 5120K, 0% used [0x00000000d5580000,0x00000000d5580000,0x00000000d5a80000)
  from space 1024K, 66% used [0x00000000d5e00000,0x00000000d5ea9210,0x00000000d5f00000)
  to   space 1024K, 0% used [0x00000000d5b00000,0x00000000d5b00000,0x00000000d5c00000)
 ParOldGen       total 332800K, used 332523K [0x0000000080000000, 0x0000000094500000, 0x00000000d5580000)
  object space 332800K, 99% used [0x0000000080000000,0x00000000944baf90,0x0000000094500000)
 Metaspace       used 78115K, committed 79680K, reserved 1179648K
  class space    used 7883K, committed 8512K, reserved 1048576K
}
Event: 4781.601 GC heap before
{Heap before GC invocations=1065 (full 4):
 PSYoungGen      total 6144K, used 5796K [0x00000000d5580000, 0x00000000d5f00000, 0x0000000100000000)
  eden space 5120K, 100% used [0x00000000d5580000,0x00000000d5a80000,0x00000000d5a80000)
  from space 1024K, 66% used [0x00000000d5e00000,0x00000000d5ea9210,0x00000000d5f00000)
  to   space 1024K, 0% used [0x00000000d5b00000,0x00000000d5b00000,0x00000000d5c00000)
 ParOldGen       total 332800K, used 332523K [0x0000000080000000, 0x0000000094500000, 0x00000000d5580000)
  object space 332800K, 99% used [0x0000000080000000,0x00000000944baf90,0x0000000094500000)
 Metaspace       used 78118K, committed 79680K, reserved 1179648K
  class space    used 7883K, committed 8512K, reserved 1048576K
}
Event: 4781.601 GC heap after
{Heap after GC invocations=1065 (full 4):
 PSYoungGen      total 6144K, used 224K [0x00000000d5580000, 0x00000000d5e80000, 0x0000000100000000)
  eden space 5120K, 0% used [0x00000000d5580000,0x00000000d5580000,0x00000000d5a80000)
  from space 1024K, 21% used [0x00000000d5b00000,0x00000000d5b38000,0x00000000d5c00000)
  to   space 512K, 0% used [0x00000000d5e00000,0x00000000d5e00000,0x00000000d5e80000)
 ParOldGen       total 332800K, used 332563K [0x0000000080000000, 0x0000000094500000, 0x00000000d5580000)
  object space 332800K, 99% used [0x0000000080000000,0x00000000944c4f90,0x0000000094500000)
 Metaspace       used 78118K, committed 79680K, reserved 1179648K
  class space    used 7883K, committed 8512K, reserved 1048576K
}
Event: 4781.615 GC heap before
{Heap before GC invocations=1066 (full 4):
 PSYoungGen      total 6144K, used 5344K [0x00000000d5580000, 0x00000000d5e80000, 0x0000000100000000)
  eden space 5120K, 100% used [0x00000000d5580000,0x00000000d5a80000,0x00000000d5a80000)
  from space 1024K, 21% used [0x00000000d5b00000,0x00000000d5b38000,0x00000000d5c00000)
  to   space 512K, 0% used [0x00000000d5e00000,0x00000000d5e00000,0x00000000d5e80000)
 ParOldGen       total 332800K, used 332563K [0x0000000080000000, 0x0000000094500000, 0x00000000d5580000)
  object space 332800K, 99% used [0x0000000080000000,0x00000000944c4f90,0x0000000094500000)
 Metaspace       used 78118K, committed 79680K, reserved 1179648K
  class space    used 7883K, committed 8512K, reserved 1048576K
}
Event: 4781.617 GC heap after
{Heap after GC invocations=1066 (full 4):
 PSYoungGen      total 5632K, used 500K [0x00000000d5580000, 0x00000000d5e80000, 0x0000000100000000)
  eden space 5120K, 0% used [0x00000000d5580000,0x00000000d5580000,0x00000000d5a80000)
  from space 512K, 97% used [0x00000000d5e00000,0x00000000d5e7d220,0x00000000d5e80000)
  to   space 1024K, 0% used [0x00000000d5c80000,0x00000000d5c80000,0x00000000d5d80000)
 ParOldGen       total 333312K, used 332803K [0x0000000080000000, 0x0000000094580000, 0x00000000d5580000)
  object space 333312K, 99% used [0x0000000080000000,0x0000000094500fa0,0x0000000094580000)
 Metaspace       used 78118K, committed 79680K, reserved 1179648K
  class space    used 7883K, committed 8512K, reserved 1048576K
}
Event: 4783.654 GC heap before
{Heap before GC invocations=1067 (full 4):
 PSYoungGen      total 5632K, used 5620K [0x00000000d5580000, 0x00000000d5e80000, 0x0000000100000000)
  eden space 5120K, 99% used [0x00000000d5580000,0x00000000d5a7ffe8,0x00000000d5a80000)
  from space 512K, 97% used [0x00000000d5e00000,0x00000000d5e7d220,0x00000000d5e80000)
  to   space 1024K, 0% used [0x00000000d5c80000,0x00000000d5c80000,0x00000000d5d80000)
 ParOldGen       total 333312K, used 332803K [0x0000000080000000, 0x0000000094580000, 0x00000000d5580000)
  object space 333312K, 99% used [0x0000000080000000,0x0000000094500fa0,0x0000000094580000)
 Metaspace       used 78147K, committed 79680K, reserved 1179648K
  class space    used 7883K, committed 8512K, reserved 1048576K
}
Event: 4783.656 GC heap after
{Heap after GC invocations=1067 (full 4):
 PSYoungGen      total 6144K, used 740K [0x00000000d5580000, 0x00000000d5e80000, 0x0000000100000000)
  eden space 5120K, 0% used [0x00000000d5580000,0x00000000d5580000,0x00000000d5a80000)
  from space 1024K, 72% used [0x00000000d5c80000,0x00000000d5d39230,0x00000000d5d80000)
  to   space 1024K, 0% used [0x00000000d5d80000,0x00000000d5d80000,0x00000000d5e80000)
 ParOldGen       total 333312K, used 333304K [0x0000000080000000, 0x0000000094580000, 0x00000000d5580000)
  object space 333312K, 99% used [0x0000000080000000,0x000000009457e0b8,0x0000000094580000)
 Metaspace       used 78147K, committed 79680K, reserved 1179648K
  class space    used 7883K, committed 8512K, reserved 1048576K
}
Event: 4783.668 GC heap before
{Heap before GC invocations=1068 (full 4):
 PSYoungGen      total 6144K, used 5860K [0x00000000d5580000, 0x00000000d5e80000, 0x0000000100000000)
  eden space 5120K, 99% used [0x00000000d5580000,0x00000000d5a7ffe8,0x00000000d5a80000)
  from space 1024K, 72% used [0x00000000d5c80000,0x00000000d5d39230,0x00000000d5d80000)
  to   space 1024K, 0% used [0x00000000d5d80000,0x00000000d5d80000,0x00000000d5e80000)
 ParOldGen       total 333312K, used 333304K [0x0000000080000000, 0x0000000094580000, 0x00000000d5580000)
  object space 333312K, 99% used [0x0000000080000000,0x000000009457e0b8,0x0000000094580000)
 Metaspace       used 78165K, committed 79744K, reserved 1179648K
  class space    used 7883K, committed 8512K, reserved 1048576K
}
Event: 4783.669 GC heap after
{Heap after GC invocations=1068 (full 4):
 PSYoungGen      total 6144K, used 618K [0x00000000d5580000, 0x00000000d5e80000, 0x0000000100000000)
  eden space 5120K, 0% used [0x00000000d5580000,0x00000000d5580000,0x00000000d5a80000)
  from space 1024K, 60% used [0x00000000d5d80000,0x00000000d5e1a910,0x00000000d5e80000)
  to   space 1024K, 0% used [0x00000000d5c80000,0x00000000d5c80000,0x00000000d5d80000)
 ParOldGen       total 333824K, used 333520K [0x0000000080000000, 0x0000000094600000, 0x00000000d5580000)
  object space 333824K, 99% used [0x0000000080000000,0x00000000945b40d8,0x0000000094600000)
 Metaspace       used 78165K, committed 79744K, reserved 1179648K
  class space    used 7883K, committed 8512K, reserved 1048576K
}
Event: 4786.770 GC heap before
{Heap before GC invocations=1069 (full 4):
 PSYoungGen      total 6144K, used 5738K [0x00000000d5580000, 0x00000000d5e80000, 0x0000000100000000)
  eden space 5120K, 100% used [0x00000000d5580000,0x00000000d5a80000,0x00000000d5a80000)
  from space 1024K, 60% used [0x00000000d5d80000,0x00000000d5e1a910,0x00000000d5e80000)
  to   space 1024K, 0% used [0x00000000d5c80000,0x00000000d5c80000,0x00000000d5d80000)
 ParOldGen       total 333824K, used 333520K [0x0000000080000000, 0x0000000094600000, 0x00000000d5580000)
  object space 333824K, 99% used [0x0000000080000000,0x00000000945b40d8,0x0000000094600000)
 Metaspace       used 78217K, committed 79744K, reserved 1179648K
  class space    used 7888K, committed 8512K, reserved 1048576K
}
Event: 4786.771 GC heap after
{Heap after GC invocations=1069 (full 4):
 PSYoungGen      total 6144K, used 314K [0x00000000d5580000, 0x00000000d5e00000, 0x0000000100000000)
  eden space 5120K, 0% used [0x00000000d5580000,0x00000000d5580000,0x00000000d5a80000)
  from space 1024K, 30% used [0x00000000d5c80000,0x00000000d5cce920,0x00000000d5d80000)
  to   space 512K, 0% used [0x00000000d5d80000,0x00000000d5d80000,0x00000000d5e00000)
 ParOldGen       total 333824K, used 333552K [0x0000000080000000, 0x0000000094600000, 0x00000000d5580000)
  object space 333824K, 99% used [0x0000000080000000,0x00000000945bc0d8,0x0000000094600000)
 Metaspace       used 78217K, committed 79744K, reserved 1179648K
  class space    used 7888K, committed 8512K, reserved 1048576K
}
Event: 4802.790 GC heap before
{Heap before GC invocations=1070 (full 4):
 PSYoungGen      total 6144K, used 5426K [0x00000000d5580000, 0x00000000d5e00000, 0x0000000100000000)
  eden space 5120K, 99% used [0x00000000d5580000,0x00000000d5a7dfe8,0x00000000d5a80000)
  from space 1024K, 30% used [0x00000000d5c80000,0x00000000d5cce920,0x00000000d5d80000)
  to   space 512K, 0% used [0x00000000d5d80000,0x00000000d5d80000,0x00000000d5e00000)
 ParOldGen       total 333824K, used 333552K [0x0000000080000000, 0x0000000094600000, 0x00000000d5580000)
  object space 333824K, 99% used [0x0000000080000000,0x00000000945bc0d8,0x0000000094600000)
 Metaspace       used 78308K, committed 79872K, reserved 1179648K
  class space    used 7901K, committed 8576K, reserved 1048576K
}
Event: 4802.791 GC heap after
{Heap after GC invocations=1070 (full 4):
 PSYoungGen      total 5632K, used 256K [0x00000000d5580000, 0x00000000d5e00000, 0x0000000100000000)
  eden space 5120K, 0% used [0x00000000d5580000,0x00000000d5580000,0x00000000d5a80000)
  from space 512K, 50% used [0x00000000d5d80000,0x00000000d5dc0000,0x00000000d5e00000)
  to   space 512K, 0% used [0x00000000d5d00000,0x00000000d5d00000,0x00000000d5d80000)
 ParOldGen       total 333824K, used 333672K [0x0000000080000000, 0x0000000094600000, 0x00000000d5580000)
  object space 333824K, 99% used [0x0000000080000000,0x00000000945da0f8,0x0000000094600000)
 Metaspace       used 78308K, committed 79872K, reserved 1179648K
  class space    used 7901K, committed 8576K, reserved 1048576K
}

