# JRE version: OpenJDK Runtime Environment Temurin-21.0.10+7 (21.0.10+7) (build 21.0.10+7-LTS)
# Java VM: OpenJDK 64-Bit Server VM Temurin-21.0.10+7 (21.0.10+7-LTS, mixed mode, sharing, tiered, compressed oops, compressed class ptrs, parallel gc, windows-amd64)
GC Precious Log:
 CardTable entry size: 512
 CPUs: 8 total, 8 available
 Memory: 16167M
 Large Page Support: Disabled
 NUMA Support: Disabled
 Compressed Oops: Enabled (32-bit)
 Alignments: Space 512K, Generation 512K, Heap 2M
 Heap Min Capacity: 100M
 Heap Initial Capacity: 100M
 Heap Max Capacity: 2G
 Pre-touch: Disabled
 Parallel Workers: 8
Heap:
 PSYoungGen      total 5120K, used 2546K [0x00000000d5580000, 0x00000000d5c00000, 0x0000000100000000)
  eden space 4608K, 46% used [0x00000000d5580000,0x00000000d57961c0,0x00000000d5a00000)
  from space 512K, 80% used [0x00000000d5b80000,0x00000000d5be68c8,0x00000000d5c00000)
  to   space 512K, 0% used [0x00000000d5a00000,0x00000000d5a00000,0x00000000d5a80000)
 ParOldGen       total 192000K, used 190803K [0x0000000080000000, 0x000000008bb80000, 0x00000000d5580000)
  object space 192000K, 99% used [0x0000000080000000,0x000000008ba54e10,0x000000008bb80000)
 Metaspace       used 67513K, committed 69056K, reserved 1114112K
  class space    used 6997K, committed 7616K, reserved 1048576K
GC Heap History (20 events):
Event: 4315.570 GC heap before
{Heap before GC invocations=216 (full 3):
 PSYoungGen      total 6656K, used 6239K [0x00000000d5580000, 0x00000000d5d00000, 0x0000000100000000)
  eden space 5632K, 99% used [0x00000000d5580000,0x00000000d5afffe0,0x00000000d5b00000)
  from space 1024K, 59% used [0x00000000d5c00000,0x00000000d5c98000,0x00000000d5d00000)
  to   space 1024K, 0% used [0x00000000d5b00000,0x00000000d5b00000,0x00000000d5c00000)
 ParOldGen       total 156672K, used 156229K [0x0000000080000000, 0x0000000089900000, 0x00000000d5580000)
  object space 156672K, 99% used [0x0000000080000000,0x0000000089891698,0x0000000089900000)
 Metaspace       used 66305K, committed 67840K, reserved 1114112K
  class space    used 6845K, committed 7488K, reserved 1048576K
}
Event: 4315.571 GC heap after
{Heap after GC invocations=216 (full 3):
 PSYoungGen      total 6656K, used 704K [0x00000000d5580000, 0x00000000d5d00000, 0x0000000100000000)
  eden space 5632K, 0% used [0x00000000d5580000,0x00000000d5580000,0x00000000d5b00000)
  from space 1024K, 68% used [0x00000000d5b00000,0x00000000d5bb0020,0x00000000d5c00000)
  to   space 1024K, 0% used [0x00000000d5c00000,0x00000000d5c00000,0x00000000d5d00000)
 ParOldGen       total 156672K, used 156653K [0x0000000080000000, 0x0000000089900000, 0x00000000d5580000)
  object space 156672K, 99% used [0x0000000080000000,0x00000000898fb698,0x0000000089900000)
 Metaspace       used 66305K, committed 67840K, reserved 1114112K
  class space    used 6845K, committed 7488K, reserved 1048576K
}
Event: 4315.599 GC heap before
{Heap before GC invocations=217 (full 3):
 PSYoungGen      total 6656K, used 6336K [0x00000000d5580000, 0x00000000d5d00000, 0x0000000100000000)
  eden space 5632K, 99% used [0x00000000d5580000,0x00000000d5afffe8,0x00000000d5b00000)
  from space 1024K, 68% used [0x00000000d5b00000,0x00000000d5bb0020,0x00000000d5c00000)
  to   space 1024K, 0% used [0x00000000d5c00000,0x00000000d5c00000,0x00000000d5d00000)
 ParOldGen       total 156672K, used 156653K [0x0000000080000000, 0x0000000089900000, 0x00000000d5580000)
  object space 156672K, 99% used [0x0000000080000000,0x00000000898fb698,0x0000000089900000)
 Metaspace       used 66313K, committed 67840K, reserved 1114112K
  class space    used 6845K, committed 7488K, reserved 1048576K
}
Event: 4315.600 GC heap after
{Heap after GC invocations=217 (full 3):
 PSYoungGen      total 6656K, used 640K [0x00000000d5580000, 0x00000000d5d00000, 0x0000000100000000)
  eden space 5632K, 0% used [0x00000000d5580000,0x00000000d5580000,0x00000000d5b00000)
  from space 1024K, 62% used [0x00000000d5c00000,0x00000000d5ca0000,0x00000000d5d00000)
  to   space 1024K, 0% used [0x00000000d5b00000,0x00000000d5b00000,0x00000000d5c00000)
 ParOldGen       total 157184K, used 157013K [0x0000000080000000, 0x0000000089980000, 0x00000000d5580000)
  object space 157184K, 99% used [0x0000000080000000,0x0000000089955698,0x0000000089980000)
 Metaspace       used 66313K, committed 67840K, reserved 1114112K
  class space    used 6845K, committed 7488K, reserved 1048576K
}
Event: 4315.614 GC heap before
{Heap before GC invocations=218 (full 3):
 PSYoungGen      total 6656K, used 6271K [0x00000000d5580000, 0x00000000d5d00000, 0x0000000100000000)
  eden space 5632K, 99% used [0x00000000d5580000,0x00000000d5affff8,0x00000000d5b00000)
  from space 1024K, 62% used [0x00000000d5c00000,0x00000000d5ca0000,0x00000000d5d00000)
  to   space 1024K, 0% used [0x00000000d5b00000,0x00000000d5b00000,0x00000000d5c00000)
 ParOldGen       total 157184K, used 157013K [0x0000000080000000, 0x0000000089980000, 0x00000000d5580000)
  object space 157184K, 99% used [0x0000000080000000,0x0000000089955698,0x0000000089980000)
 Metaspace       used 66332K, committed 67840K, reserved 1114112K
  class space    used 6845K, committed 7488K, reserved 1048576K
}
Event: 4315.615 GC heap after
{Heap after GC invocations=218 (full 3):
 PSYoungGen      total 6656K, used 992K [0x00000000d5580000, 0x00000000d5e00000, 0x0000000100000000)
  eden space 5632K, 0% used [0x00000000d5580000,0x00000000d5580000,0x00000000d5b00000)
  from space 1024K, 96% used [0x00000000d5b00000,0x00000000d5bf8000,0x00000000d5c00000)
  to   space 1536K, 0% used [0x00000000d5c80000,0x00000000d5c80000,0x00000000d5e00000)
 ParOldGen       total 157696K, used 157341K [0x0000000080000000, 0x0000000089a00000, 0x00000000d5580000)
  object space 157696K, 99% used [0x0000000080000000,0x00000000899a7698,0x0000000089a00000)
 Metaspace       used 66332K, committed 67840K, reserved 1114112K
  class space    used 6845K, committed 7488K, reserved 1048576K
}
Event: 4315.632 GC heap before
{Heap before GC invocations=219 (full 3):
 PSYoungGen      total 6656K, used 6624K [0x00000000d5580000, 0x00000000d5e00000, 0x0000000100000000)
  eden space 5632K, 100% used [0x00000000d5580000,0x00000000d5b00000,0x00000000d5b00000)
  from space 1024K, 96% used [0x00000000d5b00000,0x00000000d5bf8000,0x00000000d5c00000)
  to   space 1536K, 0% used [0x00000000d5c80000,0x00000000d5c80000,0x00000000d5e00000)
 ParOldGen       total 157696K, used 157341K [0x0000000080000000, 0x0000000089a00000, 0x00000000d5580000)
  object space 157696K, 99% used [0x0000000080000000,0x00000000899a7698,0x0000000089a00000)
 Metaspace       used 66346K, committed 67840K, reserved 1114112K
  class space    used 6845K, committed 7488K, reserved 1048576K
}
Event: 4315.634 GC heap after
{Heap after GC invocations=219 (full 3):
 PSYoungGen      total 6656K, used 752K [0x00000000d5580000, 0x00000000d5d80000, 0x0000000100000000)
  eden space 5632K, 0% used [0x00000000d5580000,0x00000000d5580000,0x00000000d5b00000)
  from space 1024K, 73% used [0x00000000d5c80000,0x00000000d5d3c010,0x00000000d5d80000)
  to   space 1024K, 0% used [0x00000000d5b00000,0x00000000d5b00000,0x00000000d5c00000)
 ParOldGen       total 158208K, used 157749K [0x0000000080000000, 0x0000000089a80000, 0x00000000d5580000)
  object space 158208K, 99% used [0x0000000080000000,0x0000000089a0d698,0x0000000089a80000)
 Metaspace       used 66346K, committed 67840K, reserved 1114112K
  class space    used 6845K, committed 7488K, reserved 1048576K
}
Event: 4315.700 GC heap before
{Heap before GC invocations=220 (full 3):
 PSYoungGen      total 6656K, used 6381K [0x00000000d5580000, 0x00000000d5d80000, 0x0000000100000000)
  eden space 5632K, 99% used [0x00000000d5580000,0x00000000d5aff688,0x00000000d5b00000)
  from space 1024K, 73% used [0x00000000d5c80000,0x00000000d5d3c010,0x00000000d5d80000)
  to   space 1024K, 0% used [0x00000000d5b00000,0x00000000d5b00000,0x00000000d5c00000)
 ParOldGen       total 158208K, used 157749K [0x0000000080000000, 0x0000000089a80000, 0x00000000d5580000)
  object space 158208K, 99% used [0x0000000080000000,0x0000000089a0d698,0x0000000089a80000)
 Metaspace       used 66372K, committed 67840K, reserved 1114112K
  class space    used 6845K, committed 7488K, reserved 1048576K
}
Event: 4315.701 GC heap after
{Heap after GC invocations=220 (full 3):
 PSYoungGen      total 6656K, used 320K [0x00000000d5580000, 0x00000000d5d00000, 0x0000000100000000)
  eden space 5632K, 0% used [0x00000000d5580000,0x00000000d5580000,0x00000000d5b00000)
  from space 1024K, 31% used [0x00000000d5b00000,0x00000000d5b50000,0x00000000d5c00000)
  to   space 512K, 0% used [0x00000000d5c80000,0x00000000d5c80000,0x00000000d5d00000)
 ParOldGen       total 158208K, used 157981K [0x0000000080000000, 0x0000000089a80000, 0x00000000d5580000)
  object space 158208K, 99% used [0x0000000080000000,0x0000000089a47698,0x0000000089a80000)
 Metaspace       used 66372K, committed 67840K, reserved 1114112K
  class space    used 6845K, committed 7488K, reserved 1048576K
}
Event: 4315.789 GC heap before
{Heap before GC invocations=221 (full 3):
 PSYoungGen      total 6656K, used 5952K [0x00000000d5580000, 0x00000000d5d00000, 0x0000000100000000)
  eden space 5632K, 100% used [0x00000000d5580000,0x00000000d5b00000,0x00000000d5b00000)
  from space 1024K, 31% used [0x00000000d5b00000,0x00000000d5b50000,0x00000000d5c00000)
  to   space 512K, 0% used [0x00000000d5c80000,0x00000000d5c80000,0x00000000d5d00000)
 ParOldGen       total 158208K, used 157981K [0x0000000080000000, 0x0000000089a80000, 0x00000000d5580000)
  object space 158208K, 99% used [0x0000000080000000,0x0000000089a47698,0x0000000089a80000)
 Metaspace       used 66578K, committed 68032K, reserved 1114112K
  class space    used 6880K, committed 7488K, reserved 1048576K
}
Event: 4315.790 GC heap after
{Heap after GC invocations=221 (full 3):
 PSYoungGen      total 6144K, used 512K [0x00000000d5580000, 0x00000000d5d00000, 0x0000000100000000)
  eden space 5632K, 0% used [0x00000000d5580000,0x00000000d5580000,0x00000000d5b00000)
  from space 512K, 100% used [0x00000000d5c80000,0x00000000d5d00000,0x00000000d5d00000)
  to   space 1024K, 0% used [0x00000000d5b00000,0x00000000d5b00000,0x00000000d5c00000)
 ParOldGen       total 158720K, used 158237K [0x0000000080000000, 0x0000000089b00000, 0x00000000d5580000)
  object space 158720K, 99% used [0x0000000080000000,0x0000000089a87698,0x0000000089b00000)
 Metaspace       used 66578K, committed 68032K, reserved 1114112K
  class space    used 6880K, committed 7488K, reserved 1048576K
}
Event: 4315.859 GC heap before
{Heap before GC invocations=222 (full 3):
 PSYoungGen      total 6144K, used 6144K [0x00000000d5580000, 0x00000000d5d00000, 0x0000000100000000)
  eden space 5632K, 100% used [0x00000000d5580000,0x00000000d5b00000,0x00000000d5b00000)
  from space 512K, 100% used [0x00000000d5c80000,0x00000000d5d00000,0x00000000d5d00000)
  to   space 1024K, 0% used [0x00000000d5b00000,0x00000000d5b00000,0x00000000d5c00000)
 ParOldGen       total 158720K, used 158237K [0x0000000080000000, 0x0000000089b00000, 0x00000000d5580000)
  object space 158720K, 99% used [0x0000000080000000,0x0000000089a87698,0x0000000089b00000)
 Metaspace       used 66808K, committed 68288K, reserved 1114112K
  class space    used 6917K, committed 7552K, reserved 1048576K
}
Event: 4315.860 GC heap after
{Heap after GC invocations=222 (full 3):
 PSYoungGen      total 6656K, used 768K [0x00000000d5580000, 0x00000000d5d00000, 0x0000000100000000)
  eden space 5632K, 0% used [0x00000000d5580000,0x00000000d5580000,0x00000000d5b00000)
  from space 1024K, 75% used [0x00000000d5b00000,0x00000000d5bc0000,0x00000000d5c00000)
  to   space 1024K, 0% used [0x00000000d5c00000,0x00000000d5c00000,0x00000000d5d00000)
 ParOldGen       total 159232K, used 158761K [0x0000000080000000, 0x0000000089b80000, 0x00000000d5580000)
  object space 159232K, 99% used [0x0000000080000000,0x0000000089b0a6a8,0x0000000089b80000)
 Metaspace       used 66808K, committed 68288K, reserved 1114112K
  class space    used 6917K, committed 7552K, reserved 1048576K
}
Event: 4315.880 GC heap before
{Heap before GC invocations=223 (full 3):
 PSYoungGen      total 6656K, used 6400K [0x00000000d5580000, 0x00000000d5d00000, 0x0000000100000000)
  eden space 5632K, 100% used [0x00000000d5580000,0x00000000d5b00000,0x00000000d5b00000)
  from space 1024K, 75% used [0x00000000d5b00000,0x00000000d5bc0000,0x00000000d5c00000)
  to   space 1024K, 0% used [0x00000000d5c00000,0x00000000d5c00000,0x00000000d5d00000)
 ParOldGen       total 159232K, used 158761K [0x0000000080000000, 0x0000000089b80000, 0x00000000d5580000)
  object space 159232K, 99% used [0x0000000080000000,0x0000000089b0a6a8,0x0000000089b80000)
 Metaspace       used 66828K, committed 68288K, reserved 1114112K
  class space    used 6917K, committed 7552K, reserved 1048576K
}
Event: 4315.881 GC heap after
{Heap after GC invocations=223 (full 3):
 PSYoungGen      total 5632K, used 1008K [0x00000000d5580000, 0x00000000d5f00000, 0x0000000100000000)
  eden space 4608K, 0% used [0x00000000d5580000,0x00000000d5580000,0x00000000d5a00000)
  from space 1024K, 98% used [0x00000000d5c00000,0x00000000d5cfc010,0x00000000d5d00000)
  to   space 2048K, 0% used [0x00000000d5a00000,0x00000000d5a00000,0x00000000d5c00000)
 ParOldGen       total 159744K, used 159317K [0x0000000080000000, 0x0000000089c00000, 0x00000000d5580000)
  object space 159744K, 99% used [0x0000000080000000,0x0000000089b956b8,0x0000000089c00000)
 Metaspace       used 66828K, committed 68288K, reserved 1114112K
  class space    used 6917K, committed 7552K, reserved 1048576K
}
Event: 4315.943 GC heap before
{Heap before GC invocations=224 (full 3):
 PSYoungGen      total 5632K, used 5616K [0x00000000d5580000, 0x00000000d5f00000, 0x0000000100000000)
  eden space 4608K, 100% used [0x00000000d5580000,0x00000000d5a00000,0x00000000d5a00000)
  from space 1024K, 98% used [0x00000000d5c00000,0x00000000d5cfc010,0x00000000d5d00000)
  to   space 2048K, 0% used [0x00000000d5a00000,0x00000000d5a00000,0x00000000d5c00000)
 ParOldGen       total 159744K, used 159317K [0x0000000080000000, 0x0000000089c00000, 0x00000000d5580000)
  object space 159744K, 99% used [0x0000000080000000,0x0000000089b956b8,0x0000000089c00000)
 Metaspace       used 67016K, committed 68480K, reserved 1114112K
  class space    used 6944K, committed 7552K, reserved 1048576K
}
Event: 4315.945 GC heap after
{Heap after GC invocations=224 (full 3):
 PSYoungGen      total 5120K, used 352K [0x00000000d5580000, 0x00000000d5c80000, 0x0000000100000000)
  eden space 4608K, 0% used [0x00000000d5580000,0x00000000d5580000,0x00000000d5a00000)
  from space 512K, 68% used [0x00000000d5a00000,0x00000000d5a58000,0x00000000d5a80000)
  to   space 1024K, 0% used [0x00000000d5b80000,0x00000000d5b80000,0x00000000d5c80000)
 ParOldGen       total 160256K, used 159837K [0x0000000080000000, 0x0000000089c80000, 0x00000000d5580000)
  object space 160256K, 99% used [0x0000000080000000,0x0000000089c176b8,0x0000000089c80000)
 Metaspace       used 67016K, committed 68480K, reserved 1114112K
  class space    used 6944K, committed 7552K, reserved 1048576K
}
Event: 4316.046 GC heap before
{Heap before GC invocations=225 (full 3):
 PSYoungGen      total 5120K, used 4960K [0x00000000d5580000, 0x00000000d5c80000, 0x0000000100000000)
  eden space 4608K, 100% used [0x00000000d5580000,0x00000000d5a00000,0x00000000d5a00000)
  from space 512K, 68% used [0x00000000d5a00000,0x00000000d5a58000,0x00000000d5a80000)
  to   space 1024K, 0% used [0x00000000d5b80000,0x00000000d5b80000,0x00000000d5c80000)
 ParOldGen       total 192000K, used 190557K [0x0000000080000000, 0x000000008bb80000, 0x00000000d5580000)
  object space 192000K, 99% used [0x0000000080000000,0x000000008ba176e8,0x000000008bb80000)
 Metaspace       used 67453K, committed 68992K, reserved 1114112K
  class space    used 6990K, committed 7616K, reserved 1048576K
}
Event: 4316.047 GC heap after
{Heap after GC invocations=225 (full 3):
 PSYoungGen      total 5120K, used 410K [0x00000000d5580000, 0x00000000d5c00000, 0x0000000100000000)
  eden space 4608K, 0% used [0x00000000d5580000,0x00000000d5580000,0x00000000d5a00000)
  from space 512K, 80% used [0x00000000d5b80000,0x00000000d5be68c8,0x00000000d5c00000)
  to   space 512K, 0% used [0x00000000d5a00000,0x00000000d5a00000,0x00000000d5a80000)
 ParOldGen       total 192000K, used 190803K [0x0000000080000000, 0x000000008bb80000, 0x00000000d5580000)
  object space 192000K, 99% used [0x0000000080000000,0x000000008ba54e10,0x000000008bb80000)
 Metaspace       used 67453K, committed 68992K, reserved 1114112K
  class space    used 6990K, committed 7616K, reserved 1048576K
}

