# JRE version: OpenJDK Runtime Environment Temurin-21.0.10+7 (21.0.10+7) (build 21.0.10+7-LTS)
# Java VM: OpenJDK 64-Bit Server VM Temurin-21.0.10+7 (21.0.10+7-LTS, mixed mode, sharing, tiered, compressed oops, compressed class ptrs, parallel gc, windows-amd64)
GC Precious Log:
 CardTable entry size: 512
 CPUs: 8 total, 8 available
 Memory: 16167M
 Large Page Support: Disabled
 NUMA Support: Disabled
 Compressed Oops: Enabled (32-bit)
 Alignments: Space 512K, Generation 512K, Heap 2M
 Heap Min Capacity: 100M
 Heap Initial Capacity: 100M
 Heap Max Capacity: 2G
 Pre-touch: Disabled
 Parallel Workers: 8
Heap:
 PSYoungGen      total 5632K, used 316K [0x00000000d5580000, 0x00000000d6100000, 0x0000000100000000)
  eden space 4608K, 1% used [0x00000000d5580000,0x00000000d558f080,0x00000000d5a00000)
  from space 1024K, 25% used [0x00000000d5f00000,0x00000000d5f40000,0x00000000d6000000)
  to   space 512K, 0% used [0x00000000d6080000,0x00000000d6080000,0x00000000d6100000)
 ParOldGen       total 974336K, used 973598K [0x0000000080000000, 0x00000000bb780000, 0x00000000d5580000)
  object space 974336K, 99% used [0x0000000080000000,0x00000000bb6c7ae0,0x00000000bb780000)
 Metaspace       used 93379K, committed 95232K, reserved 1179648K
  class space    used 9627K, committed 10368K, reserved 1048576K
GC Heap History (20 events):
Event: 4105.062 GC heap before
{Heap before GC invocations=1609 (full 5):
 PSYoungGen      total 11264K, used 11255K [0x00000000d5580000, 0x00000000d7180000, 0x0000000100000000)
  eden space 10240K, 99% used [0x00000000d5580000,0x00000000d5f7fff0,0x00000000d5f80000)
  from space 1024K, 99% used [0x00000000d6280000,0x00000000d637df48,0x00000000d6380000)
  to   space 9216K, 0% used [0x00000000d6880000,0x00000000d6880000,0x00000000d7180000)
 ParOldGen       total 926720K, used 926442K [0x0000000080000000, 0x00000000b8900000, 0x00000000d5580000)
  object space 926720K, 99% used [0x0000000080000000,0x00000000b88ba840,0x00000000b8900000)
 Metaspace       used 91196K, committed 93056K, reserved 1179648K
  class space    used 9322K, committed 10112K, reserved 1048576K
}
Event: 4105.065 GC heap after
{Heap after GC invocations=1609 (full 5):
 PSYoungGen      total 12288K, used 1929K [0x00000000d5580000, 0x00000000d6a80000, 0x0000000100000000)
  eden space 10240K, 0% used [0x00000000d5580000,0x00000000d5580000,0x00000000d5f80000)
  from space 2048K, 94% used [0x00000000d6880000,0x00000000d6a62410,0x00000000d6a80000)
  to   space 4096K, 0% used [0x00000000d6280000,0x00000000d6280000,0x00000000d6680000)
 ParOldGen       total 926720K, used 926490K [0x0000000080000000, 0x00000000b8900000, 0x00000000d5580000)
  object space 926720K, 99% used [0x0000000080000000,0x00000000b88c6840,0x00000000b8900000)
 Metaspace       used 91196K, committed 93056K, reserved 1179648K
  class space    used 9322K, committed 10112K, reserved 1048576K
}
Event: 4105.080 GC heap before
{Heap before GC invocations=1610 (full 5):
 PSYoungGen      total 12288K, used 12169K [0x00000000d5580000, 0x00000000d6a80000, 0x0000000100000000)
  eden space 10240K, 100% used [0x00000000d5580000,0x00000000d5f80000,0x00000000d5f80000)
  from space 2048K, 94% used [0x00000000d6880000,0x00000000d6a62410,0x00000000d6a80000)
  to   space 4096K, 0% used [0x00000000d6280000,0x00000000d6280000,0x00000000d6680000)
 ParOldGen       total 926720K, used 926490K [0x0000000080000000, 0x00000000b8900000, 0x00000000d5580000)
  object space 926720K, 99% used [0x0000000080000000,0x00000000b88c6840,0x00000000b8900000)
 Metaspace       used 91198K, committed 93056K, reserved 1179648K
  class space    used 9322K, committed 10112K, reserved 1048576K
}
Event: 4105.082 GC heap after
{Heap after GC invocations=1610 (full 5):
 PSYoungGen      total 12800K, used 2502K [0x00000000d5580000, 0x00000000d6900000, 0x0000000100000000)
  eden space 10240K, 0% used [0x00000000d5580000,0x00000000d5580000,0x00000000d5f80000)
  from space 2560K, 97% used [0x00000000d6280000,0x00000000d64f1848,0x00000000d6500000)
  to   space 3072K, 0% used [0x00000000d6600000,0x00000000d6600000,0x00000000d6900000)
 ParOldGen       total 928256K, used 928216K [0x0000000080000000, 0x00000000b8a80000, 0x00000000d5580000)
  object space 928256K, 99% used [0x0000000080000000,0x00000000b8a761e0,0x00000000b8a80000)
 Metaspace       used 91198K, committed 93056K, reserved 1179648K
  class space    used 9322K, committed 10112K, reserved 1048576K
}
Event: 4105.100 GC heap before
{Heap before GC invocations=1611 (full 5):
 PSYoungGen      total 12800K, used 12742K [0x00000000d5580000, 0x00000000d6900000, 0x0000000100000000)
  eden space 10240K, 100% used [0x00000000d5580000,0x00000000d5f80000,0x00000000d5f80000)
  from space 2560K, 97% used [0x00000000d6280000,0x00000000d64f1848,0x00000000d6500000)
  to   space 3072K, 0% used [0x00000000d6600000,0x00000000d6600000,0x00000000d6900000)
 ParOldGen       total 928256K, used 928216K [0x0000000080000000, 0x00000000b8a80000, 0x00000000d5580000)
  object space 928256K, 99% used [0x0000000080000000,0x00000000b8a761e0,0x00000000b8a80000)
 Metaspace       used 91204K, committed 93056K, reserved 1179648K
  class space    used 9322K, committed 10112K, reserved 1048576K
}
Event: 4105.103 GC heap after
{Heap after GC invocations=1611 (full 5):
 PSYoungGen      total 7680K, used 3064K [0x00000000d5580000, 0x00000000d7780000, 0x0000000100000000)
  eden space 4608K, 0% used [0x00000000d5580000,0x00000000d5580000,0x00000000d5a00000)
  from space 3072K, 99% used [0x00000000d6600000,0x00000000d68fe0c0,0x00000000d6900000)
  to   space 12288K, 0% used [0x00000000d5a00000,0x00000000d5a00000,0x00000000d6600000)
 ParOldGen       total 935936K, used 935804K [0x0000000080000000, 0x00000000b9200000, 0x00000000d5580000)
  object space 935936K, 99% used [0x0000000080000000,0x00000000b91df260,0x00000000b9200000)
 Metaspace       used 91204K, committed 93056K, reserved 1179648K
  class space    used 9322K, committed 10112K, reserved 1048576K
}
Event: 4105.112 GC heap before
{Heap before GC invocations=1612 (full 5):
 PSYoungGen      total 7680K, used 7672K [0x00000000d5580000, 0x00000000d7780000, 0x0000000100000000)
  eden space 4608K, 100% used [0x00000000d5580000,0x00000000d5a00000,0x00000000d5a00000)
  from space 3072K, 99% used [0x00000000d6600000,0x00000000d68fe0c0,0x00000000d6900000)
  to   space 12288K, 0% used [0x00000000d5a00000,0x00000000d5a00000,0x00000000d6600000)
 ParOldGen       total 935936K, used 935804K [0x0000000080000000, 0x00000000b9200000, 0x00000000d5580000)
  object space 935936K, 99% used [0x0000000080000000,0x00000000b91df260,0x00000000b9200000)
 Metaspace       used 91204K, committed 93056K, reserved 1179648K
  class space    used 9322K, committed 10112K, reserved 1048576K
}
Event: 4105.115 GC heap after
{Heap after GC invocations=1612 (full 5):
 PSYoungGen      total 6144K, used 1216K [0x00000000d5580000, 0x00000000d6680000, 0x0000000100000000)
  eden space 4608K, 0% used [0x00000000d5580000,0x00000000d5580000,0x00000000d5a00000)
  from space 1536K, 79% used [0x00000000d5a00000,0x00000000d5b30000,0x00000000d5b80000)
  to   space 5120K, 0% used [0x00000000d6180000,0x00000000d6180000,0x00000000d6680000)
 ParOldGen       total 939520K, used 938871K [0x0000000080000000, 0x00000000b9580000, 0x00000000d5580000)
  object space 939520K, 99% used [0x0000000080000000,0x00000000b94ddc78,0x00000000b9580000)
 Metaspace       used 91204K, committed 93056K, reserved 1179648K
  class space    used 9322K, committed 10112K, reserved 1048576K
}
Event: 4105.188 GC heap before
{Heap before GC invocations=1613 (full 5):
 PSYoungGen      total 6144K, used 5824K [0x00000000d5580000, 0x00000000d6680000, 0x0000000100000000)
  eden space 4608K, 100% used [0x00000000d5580000,0x00000000d5a00000,0x00000000d5a00000)
  from space 1536K, 79% used [0x00000000d5a00000,0x00000000d5b30000,0x00000000d5b80000)
  to   space 5120K, 0% used [0x00000000d6180000,0x00000000d6180000,0x00000000d6680000)
 ParOldGen       total 939520K, used 938871K [0x0000000080000000, 0x00000000b9580000, 0x00000000d5580000)
  object space 939520K, 99% used [0x0000000080000000,0x00000000b94ddc78,0x00000000b9580000)
 Metaspace       used 91877K, committed 93696K, reserved 1179648K
  class space    used 9420K, committed 10176K, reserved 1048576K
}
Event: 4105.191 GC heap after
{Heap after GC invocations=1613 (full 5):
 PSYoungGen      total 5120K, used 320K [0x00000000d5580000, 0x00000000d6200000, 0x0000000100000000)
  eden space 4608K, 0% used [0x00000000d5580000,0x00000000d5580000,0x00000000d5a00000)
  from space 512K, 62% used [0x00000000d6180000,0x00000000d61d0000,0x00000000d6200000)
  to   space 1536K, 0% used [0x00000000d5f00000,0x00000000d5f00000,0x00000000d6080000)
 ParOldGen       total 940032K, used 939933K [0x0000000080000000, 0x00000000b9600000, 0x00000000d5580000)
  object space 940032K, 99% used [0x0000000080000000,0x00000000b95e7608,0x00000000b9600000)
 Metaspace       used 91877K, committed 93696K, reserved 1179648K
  class space    used 9420K, committed 10176K, reserved 1048576K
}
Event: 4105.430 GC heap before
{Heap before GC invocations=1614 (full 5):
 PSYoungGen      total 5120K, used 4928K [0x00000000d5580000, 0x00000000d6200000, 0x0000000100000000)
  eden space 4608K, 100% used [0x00000000d5580000,0x00000000d5a00000,0x00000000d5a00000)
  from space 512K, 62% used [0x00000000d6180000,0x00000000d61d0000,0x00000000d6200000)
  to   space 1536K, 0% used [0x00000000d5f00000,0x00000000d5f00000,0x00000000d6080000)
 ParOldGen       total 940032K, used 939933K [0x0000000080000000, 0x00000000b9600000, 0x00000000d5580000)
  object space 940032K, 99% used [0x0000000080000000,0x00000000b95e7608,0x00000000b9600000)
 Metaspace       used 92654K, committed 94528K, reserved 1179648K
  class space    used 9526K, committed 10304K, reserved 1048576K
}
Event: 4105.432 GC heap after
{Heap after GC invocations=1614 (full 5):
 PSYoungGen      total 6144K, used 288K [0x00000000d5580000, 0x00000000d6200000, 0x0000000100000000)
  eden space 4608K, 0% used [0x00000000d5580000,0x00000000d5580000,0x00000000d5a00000)
  from space 1536K, 18% used [0x00000000d5f00000,0x00000000d5f48000,0x00000000d6080000)
  to   space 512K, 0% used [0x00000000d6180000,0x00000000d6180000,0x00000000d6200000)
 ParOldGen       total 940544K, used 940229K [0x0000000080000000, 0x00000000b9680000, 0x00000000d5580000)
  object space 940544K, 99% used [0x0000000080000000,0x00000000b9631608,0x00000000b9680000)
 Metaspace       used 92654K, committed 94528K, reserved 1179648K
  class space    used 9526K, committed 10304K, reserved 1048576K
}
Event: 4105.497 GC heap before
{Heap before GC invocations=1615 (full 5):
 PSYoungGen      total 6144K, used 4896K [0x00000000d5580000, 0x00000000d6200000, 0x0000000100000000)
  eden space 4608K, 100% used [0x00000000d5580000,0x00000000d5a00000,0x00000000d5a00000)
  from space 1536K, 18% used [0x00000000d5f00000,0x00000000d5f48000,0x00000000d6080000)
  to   space 512K, 0% used [0x00000000d6180000,0x00000000d6180000,0x00000000d6200000)
 ParOldGen       total 940544K, used 940229K [0x0000000080000000, 0x00000000b9680000, 0x00000000d5580000)
  object space 940544K, 99% used [0x0000000080000000,0x00000000b9631608,0x00000000b9680000)
 Metaspace       used 92841K, committed 94720K, reserved 1179648K
  class space    used 9555K, committed 10304K, reserved 1048576K
}
Event: 4105.498 GC heap after
{Heap after GC invocations=1615 (full 5):
 PSYoungGen      total 5120K, used 503K [0x00000000d5580000, 0x00000000d6200000, 0x0000000100000000)
  eden space 4608K, 0% used [0x00000000d5580000,0x00000000d5580000,0x00000000d5a00000)
  from space 512K, 98% used [0x00000000d6180000,0x00000000d61fdca8,0x00000000d6200000)
  to   space 3072K, 0% used [0x00000000d5c00000,0x00000000d5c00000,0x00000000d5f00000)
 ParOldGen       total 942592K, used 942302K [0x0000000080000000, 0x00000000b9880000, 0x00000000d5580000)
  object space 942592K, 99% used [0x0000000080000000,0x00000000b9837918,0x00000000b9880000)
 Metaspace       used 92841K, committed 94720K, reserved 1179648K
  class space    used 9555K, committed 10304K, reserved 1048576K
}
Event: 4247.863 GC heap before
{Heap before GC invocations=1616 (full 5):
 PSYoungGen      total 5120K, used 5110K [0x00000000d5580000, 0x00000000d6200000, 0x0000000100000000)
  eden space 4608K, 99% used [0x00000000d5580000,0x00000000d59ffd08,0x00000000d5a00000)
  from space 512K, 98% used [0x00000000d6180000,0x00000000d61fdca8,0x00000000d6200000)
  to   space 3072K, 0% used [0x00000000d5c00000,0x00000000d5c00000,0x00000000d5f00000)
 ParOldGen       total 942592K, used 942302K [0x0000000080000000, 0x00000000b9880000, 0x00000000d5580000)
  object space 942592K, 99% used [0x0000000080000000,0x00000000b9837918,0x00000000b9880000)
 Metaspace       used 93327K, committed 95104K, reserved 1179648K
  class space    used 9626K, committed 10368K, reserved 1048576K
}
Event: 4247.867 GC heap after
{Heap after GC invocations=1616 (full 5):
 PSYoungGen      total 7680K, used 416K [0x00000000d5580000, 0x00000000d6200000, 0x0000000100000000)
  eden space 4608K, 0% used [0x00000000d5580000,0x00000000d5580000,0x00000000d5a00000)
  from space 3072K, 13% used [0x00000000d5c00000,0x00000000d5c68000,0x00000000d5f00000)
  to   space 1536K, 0% used [0x00000000d6080000,0x00000000d6080000,0x00000000d6200000)
 ParOldGen       total 942592K, used 942446K [0x0000000080000000, 0x00000000b9880000, 0x00000000d5580000)
  object space 942592K, 99% used [0x0000000080000000,0x00000000b985ba90,0x00000000b9880000)
 Metaspace       used 93327K, committed 95104K, reserved 1179648K
  class space    used 9626K, committed 10368K, reserved 1048576K
}
Event: 4525.304 GC heap before
{Heap before GC invocations=1617 (full 5):
 PSYoungGen      total 7680K, used 5024K [0x00000000d5580000, 0x00000000d6200000, 0x0000000100000000)
  eden space 4608K, 100% used [0x00000000d5580000,0x00000000d5a00000,0x00000000d5a00000)
  from space 3072K, 13% used [0x00000000d5c00000,0x00000000d5c68000,0x00000000d5f00000)
  to   space 1536K, 0% used [0x00000000d6080000,0x00000000d6080000,0x00000000d6200000)
 ParOldGen       total 974336K, used 973166K [0x0000000080000000, 0x00000000bb780000, 0x00000000d5580000)
  object space 974336K, 99% used [0x0000000080000000,0x00000000bb65bac0,0x00000000bb780000)
 Metaspace       used 93360K, committed 95232K, reserved 1179648K
  class space    used 9627K, committed 10368K, reserved 1048576K
}
Event: 4525.307 GC heap after
{Heap after GC invocations=1617 (full 5):
 PSYoungGen      total 5120K, used 448K [0x00000000d5580000, 0x00000000d6100000, 0x0000000100000000)
  eden space 4608K, 0% used [0x00000000d5580000,0x00000000d5580000,0x00000000d5a00000)
  from space 512K, 87% used [0x00000000d6080000,0x00000000d60f0020,0x00000000d6100000)
  to   space 1024K, 0% used [0x00000000d5f00000,0x00000000d5f00000,0x00000000d6000000)
 ParOldGen       total 974336K, used 973470K [0x0000000080000000, 0x00000000bb780000, 0x00000000d5580000)
  object space 974336K, 99% used [0x0000000080000000,0x00000000bb6a7ac0,0x00000000bb780000)
 Metaspace       used 93360K, committed 95232K, reserved 1179648K
  class space    used 9627K, committed 10368K, reserved 1048576K
}
Event: 4825.423 GC heap before
{Heap before GC invocations=1618 (full 5):
 PSYoungGen      total 5120K, used 5056K [0x00000000d5580000, 0x00000000d6100000, 0x0000000100000000)
  eden space 4608K, 100% used [0x00000000d5580000,0x00000000d5a00000,0x00000000d5a00000)
  from space 512K, 87% used [0x00000000d6080000,0x00000000d60f0020,0x00000000d6100000)
  to   space 1024K, 0% used [0x00000000d5f00000,0x00000000d5f00000,0x00000000d6000000)
 ParOldGen       total 974336K, used 973470K [0x0000000080000000, 0x00000000bb780000, 0x00000000d5580000)
  object space 974336K, 99% used [0x0000000080000000,0x00000000bb6a7ac0,0x00000000bb780000)
 Metaspace       used 93379K, committed 95232K, reserved 1179648K
  class space    used 9627K, committed 10368K, reserved 1048576K
}
Event: 4825.428 GC heap after
{Heap after GC invocations=1618 (full 5):
 PSYoungGen      total 5632K, used 256K [0x00000000d5580000, 0x00000000d6100000, 0x0000000100000000)
  eden space 4608K, 0% used [0x00000000d5580000,0x00000000d5580000,0x00000000d5a00000)
  from space 1024K, 25% used [0x00000000d5f00000,0x00000000d5f40000,0x00000000d6000000)
  to   space 512K, 0% used [0x00000000d6080000,0x00000000d6080000,0x00000000d6100000)
 ParOldGen       total 974336K, used 973598K [0x0000000080000000, 0x00000000bb780000, 0x00000000d5580000)
  object space 974336K, 99% used [0x0000000080000000,0x00000000bb6c7ae0,0x00000000bb780000)
 Metaspace       used 93379K, committed 95232K, reserved 1179648K
  class space    used 9627K, committed 10368K, reserved 1048576K
}

