# JRE version: OpenJDK Runtime Environment Temurin-21.0.10+7 (21.0.10+7) (build 21.0.10+7-LTS)
# Java VM: OpenJDK 64-Bit Server VM Temurin-21.0.10+7 (21.0.10+7-LTS, mixed mode, sharing, tiered, compressed oops, compressed class ptrs, parallel gc, windows-amd64)
GC Precious Log:
 CardTable entry size: 512
 CPUs: 8 total, 8 available
 Memory: 16167M
 Large Page Support: Disabled
 NUMA Support: Disabled
 Compressed Oops: Enabled (32-bit)
 Alignments: Space 512K, Generation 512K, Heap 2M
 Heap Min Capacity: 100M
 Heap Initial Capacity: 100M
 Heap Max Capacity: 2G
 Pre-touch: Disabled
 Parallel Workers: 8
Heap:
 PSYoungGen      total 18944K, used 2859K [0x00000000d5580000, 0x00000000d6e80000, 0x0000000100000000)
  eden space 16384K, 2% used [0x00000000d5580000,0x00000000d55ebaf0,0x00000000d6580000)
  from space 2560K, 94% used [0x00000000d6580000,0x00000000d67df318,0x00000000d6800000)
  to   space 4608K, 0% used [0x00000000d6a00000,0x00000000d6a00000,0x00000000d6e80000)
 ParOldGen       total 68608K, used 65401K [0x0000000080000000, 0x0000000084300000, 0x00000000d5580000)
  object space 68608K, 95% used [0x0000000080000000,0x0000000083fde5c0,0x0000000084300000)
 Metaspace       used 48513K, committed 49792K, reserved 1114112K
  class space    used 5240K, committed 5824K, reserved 1048576K
GC Heap History (20 events):
Event: 7.690 GC heap before
{Heap before GC invocations=23 (full 2):
 PSYoungGen      total 23040K, used 23008K [0x00000000d5580000, 0x00000000d7500000, 0x0000000100000000)
  eden space 20992K, 100% used [0x00000000d5580000,0x00000000d6a00000,0x00000000d6a00000)
  from space 2048K, 98% used [0x00000000d6f00000,0x00000000d70f8010,0x00000000d7100000)
  to   space 5120K, 0% used [0x00000000d6a00000,0x00000000d6a00000,0x00000000d6f00000)
 ParOldGen       total 68608K, used 34887K [0x0000000080000000, 0x0000000084300000, 0x00000000d5580000)
  object space 68608K, 50% used [0x0000000080000000,0x0000000082211c90,0x0000000084300000)
 Metaspace       used 43710K, committed 44992K, reserved 1114112K
  class space    used 4670K, committed 5248K, reserved 1048576K
}
Event: 7.694 GC heap after
{Heap after GC invocations=23 (full 2):
 PSYoungGen      total 23040K, used 1984K [0x00000000d5580000, 0x00000000d7000000, 0x0000000100000000)
  eden space 20992K, 0% used [0x00000000d5580000,0x00000000d5580000,0x00000000d6a00000)
  from space 2048K, 96% used [0x00000000d6a00000,0x00000000d6bf0000,0x00000000d6c00000)
  to   space 3072K, 0% used [0x00000000d6d00000,0x00000000d6d00000,0x00000000d7000000)
 ParOldGen       total 68608K, used 36919K [0x0000000080000000, 0x0000000084300000, 0x00000000d5580000)
  object space 68608K, 53% used [0x0000000080000000,0x000000008240dca0,0x0000000084300000)
 Metaspace       used 43710K, committed 44992K, reserved 1114112K
  class space    used 4670K, committed 5248K, reserved 1048576K
}
Event: 7.742 GC heap before
{Heap before GC invocations=24 (full 2):
 PSYoungGen      total 23040K, used 22976K [0x00000000d5580000, 0x00000000d7000000, 0x0000000100000000)
  eden space 20992K, 100% used [0x00000000d5580000,0x00000000d6a00000,0x00000000d6a00000)
  from space 2048K, 96% used [0x00000000d6a00000,0x00000000d6bf0000,0x00000000d6c00000)
  to   space 3072K, 0% used [0x00000000d6d00000,0x00000000d6d00000,0x00000000d7000000)
 ParOldGen       total 68608K, used 36919K [0x0000000080000000, 0x0000000084300000, 0x00000000d5580000)
  object space 68608K, 53% used [0x0000000080000000,0x000000008240dca0,0x0000000084300000)
 Metaspace       used 44064K, committed 45312K, reserved 1114112K
  class space    used 4716K, committed 5312K, reserved 1048576K
}
Event: 7.746 GC heap after
{Heap after GC invocations=24 (full 2):
 PSYoungGen      total 23552K, used 2272K [0x00000000d5580000, 0x00000000d6f80000, 0x0000000100000000)
  eden space 20992K, 0% used [0x00000000d5580000,0x00000000d5580000,0x00000000d6a00000)
  from space 2560K, 88% used [0x00000000d6d00000,0x00000000d6f38010,0x00000000d6f80000)
  to   space 2560K, 0% used [0x00000000d6a80000,0x00000000d6a80000,0x00000000d6d00000)
 ParOldGen       total 68608K, used 38795K [0x0000000080000000, 0x0000000084300000, 0x00000000d5580000)
  object space 68608K, 56% used [0x0000000080000000,0x00000000825e2cb0,0x0000000084300000)
 Metaspace       used 44064K, committed 45312K, reserved 1114112K
  class space    used 4716K, committed 5312K, reserved 1048576K
}
Event: 7.800 GC heap before
{Heap before GC invocations=25 (full 2):
 PSYoungGen      total 23552K, used 23264K [0x00000000d5580000, 0x00000000d6f80000, 0x0000000100000000)
  eden space 20992K, 100% used [0x00000000d5580000,0x00000000d6a00000,0x00000000d6a00000)
  from space 2560K, 88% used [0x00000000d6d00000,0x00000000d6f38010,0x00000000d6f80000)
  to   space 2560K, 0% used [0x00000000d6a80000,0x00000000d6a80000,0x00000000d6d00000)
 ParOldGen       total 68608K, used 38795K [0x0000000080000000, 0x0000000084300000, 0x00000000d5580000)
  object space 68608K, 56% used [0x0000000080000000,0x00000000825e2cb0,0x0000000084300000)
 Metaspace       used 44589K, committed 45824K, reserved 1114112K
  class space    used 4781K, committed 5376K, reserved 1048576K
}
Event: 7.804 GC heap after
{Heap after GC invocations=25 (full 2):
 PSYoungGen      total 23552K, used 2180K [0x00000000d5580000, 0x00000000d6f00000, 0x0000000100000000)
  eden space 20992K, 0% used [0x00000000d5580000,0x00000000d5580000,0x00000000d6a00000)
  from space 2560K, 85% used [0x00000000d6a80000,0x00000000d6ca1330,0x00000000d6d00000)
  to   space 2048K, 0% used [0x00000000d6d00000,0x00000000d6d00000,0x00000000d6f00000)
 ParOldGen       total 68608K, used 40939K [0x0000000080000000, 0x0000000084300000, 0x00000000d5580000)
  object space 68608K, 59% used [0x0000000080000000,0x00000000827facc0,0x0000000084300000)
 Metaspace       used 44589K, committed 45824K, reserved 1114112K
  class space    used 4781K, committed 5376K, reserved 1048576K
}
Event: 7.974 GC heap before
{Heap before GC invocations=26 (full 2):
 PSYoungGen      total 23552K, used 23172K [0x00000000d5580000, 0x00000000d6f00000, 0x0000000100000000)
  eden space 20992K, 100% used [0x00000000d5580000,0x00000000d6a00000,0x00000000d6a00000)
  from space 2560K, 85% used [0x00000000d6a80000,0x00000000d6ca1330,0x00000000d6d00000)
  to   space 2048K, 0% used [0x00000000d6d00000,0x00000000d6d00000,0x00000000d6f00000)
 ParOldGen       total 68608K, used 40939K [0x0000000080000000, 0x0000000084300000, 0x00000000d5580000)
  object space 68608K, 59% used [0x0000000080000000,0x00000000827facc0,0x0000000084300000)
 Metaspace       used 45885K, committed 47168K, reserved 1114112K
  class space    used 4957K, committed 5568K, reserved 1048576K
}
Event: 7.978 GC heap after
{Heap after GC invocations=26 (full 2):
 PSYoungGen      total 20480K, used 2027K [0x00000000d5580000, 0x00000000d7500000, 0x0000000100000000)
  eden space 18432K, 0% used [0x00000000d5580000,0x00000000d5580000,0x00000000d6780000)
  from space 2048K, 99% used [0x00000000d6d00000,0x00000000d6efaff0,0x00000000d6f00000)
  to   space 5632K, 0% used [0x00000000d6780000,0x00000000d6780000,0x00000000d6d00000)
 ParOldGen       total 68608K, used 43997K [0x0000000080000000, 0x0000000084300000, 0x00000000d5580000)
  object space 68608K, 64% used [0x0000000080000000,0x0000000082af74e8,0x0000000084300000)
 Metaspace       used 45885K, committed 47168K, reserved 1114112K
  class space    used 4957K, committed 5568K, reserved 1048576K
}
Event: 8.106 GC heap before
{Heap before GC invocations=27 (full 2):
 PSYoungGen      total 20480K, used 20459K [0x00000000d5580000, 0x00000000d7500000, 0x0000000100000000)
  eden space 18432K, 100% used [0x00000000d5580000,0x00000000d6780000,0x00000000d6780000)
  from space 2048K, 99% used [0x00000000d6d00000,0x00000000d6efaff0,0x00000000d6f00000)
  to   space 5632K, 0% used [0x00000000d6780000,0x00000000d6780000,0x00000000d6d00000)
 ParOldGen       total 68608K, used 43997K [0x0000000080000000, 0x0000000084300000, 0x00000000d5580000)
  object space 68608K, 64% used [0x0000000080000000,0x0000000082af74e8,0x0000000084300000)
 Metaspace       used 46960K, committed 48320K, reserved 1114112K
  class space    used 5081K, committed 5696K, reserved 1048576K
}
Event: 8.109 GC heap after
{Heap after GC invocations=27 (full 2):
 PSYoungGen      total 21504K, used 2686K [0x00000000d5580000, 0x00000000d6e80000, 0x0000000100000000)
  eden space 18432K, 0% used [0x00000000d5580000,0x00000000d5580000,0x00000000d6780000)
  from space 3072K, 87% used [0x00000000d6780000,0x00000000d6a1fbe8,0x00000000d6a80000)
  to   space 3584K, 0% used [0x00000000d6b00000,0x00000000d6b00000,0x00000000d6e80000)
 ParOldGen       total 68608K, used 46005K [0x0000000080000000, 0x0000000084300000, 0x00000000d5580000)
  object space 68608K, 67% used [0x0000000080000000,0x0000000082ced418,0x0000000084300000)
 Metaspace       used 46960K, committed 48320K, reserved 1114112K
  class space    used 5081K, committed 5696K, reserved 1048576K
}
Event: 8.223 GC heap before
{Heap before GC invocations=28 (full 2):
 PSYoungGen      total 21504K, used 21118K [0x00000000d5580000, 0x00000000d6e80000, 0x0000000100000000)
  eden space 18432K, 100% used [0x00000000d5580000,0x00000000d6780000,0x00000000d6780000)
  from space 3072K, 87% used [0x00000000d6780000,0x00000000d6a1fbe8,0x00000000d6a80000)
  to   space 3584K, 0% used [0x00000000d6b00000,0x00000000d6b00000,0x00000000d6e80000)
 ParOldGen       total 68608K, used 46005K [0x0000000080000000, 0x0000000084300000, 0x00000000d5580000)
  object space 68608K, 67% used [0x0000000080000000,0x0000000082ced418,0x0000000084300000)
 Metaspace       used 47843K, committed 49088K, reserved 1114112K
  class space    used 5190K, committed 5760K, reserved 1048576K
}
Event: 8.226 GC heap after
{Heap after GC invocations=28 (full 2):
 PSYoungGen      total 21504K, used 2989K [0x00000000d5580000, 0x00000000d6e00000, 0x0000000100000000)
  eden space 18432K, 0% used [0x00000000d5580000,0x00000000d5580000,0x00000000d6780000)
  from space 3072K, 97% used [0x00000000d6b00000,0x00000000d6deb468,0x00000000d6e00000)
  to   space 3072K, 0% used [0x00000000d6780000,0x00000000d6780000,0x00000000d6a80000)
 ParOldGen       total 68608K, used 48497K [0x0000000080000000, 0x0000000084300000, 0x00000000d5580000)
  object space 68608K, 70% used [0x0000000080000000,0x0000000082f5c5b8,0x0000000084300000)
 Metaspace       used 47843K, committed 49088K, reserved 1114112K
  class space    used 5190K, committed 5760K, reserved 1048576K
}
Event: 8.288 GC heap before
{Heap before GC invocations=29 (full 2):
 PSYoungGen      total 21504K, used 21419K [0x00000000d5580000, 0x00000000d6e00000, 0x0000000100000000)
  eden space 18432K, 99% used [0x00000000d5580000,0x00000000d677f7a8,0x00000000d6780000)
  from space 3072K, 97% used [0x00000000d6b00000,0x00000000d6deb468,0x00000000d6e00000)
  to   space 3072K, 0% used [0x00000000d6780000,0x00000000d6780000,0x00000000d6a80000)
 ParOldGen       total 68608K, used 48497K [0x0000000080000000, 0x0000000084300000, 0x00000000d5580000)
  object space 68608K, 70% used [0x0000000080000000,0x0000000082f5c5b8,0x0000000084300000)
 Metaspace       used 48252K, committed 49536K, reserved 1114112K
  class space    used 5227K, committed 5824K, reserved 1048576K
}
Event: 8.292 GC heap after
{Heap after GC invocations=29 (full 2):
 PSYoungGen      total 21504K, used 3068K [0x00000000d5580000, 0x00000000d7580000, 0x0000000100000000)
  eden space 18432K, 0% used [0x00000000d5580000,0x00000000d5580000,0x00000000d6780000)
  from space 3072K, 99% used [0x00000000d6780000,0x00000000d6a7f160,0x00000000d6a80000)
  to   space 7168K, 0% used [0x00000000d6e80000,0x00000000d6e80000,0x00000000d7580000)
 ParOldGen       total 68608K, used 51717K [0x0000000080000000, 0x0000000084300000, 0x00000000d5580000)
  object space 68608K, 75% used [0x0000000080000000,0x0000000083281760,0x0000000084300000)
 Metaspace       used 48252K, committed 49536K, reserved 1114112K
  class space    used 5227K, committed 5824K, reserved 1048576K
}
Event: 8.377 GC heap before
{Heap before GC invocations=30 (full 2):
 PSYoungGen      total 21504K, used 21500K [0x00000000d5580000, 0x00000000d7580000, 0x0000000100000000)
  eden space 18432K, 100% used [0x00000000d5580000,0x00000000d6780000,0x00000000d6780000)
  from space 3072K, 99% used [0x00000000d6780000,0x00000000d6a7f160,0x00000000d6a80000)
  to   space 7168K, 0% used [0x00000000d6e80000,0x00000000d6e80000,0x00000000d7580000)
 ParOldGen       total 68608K, used 51717K [0x0000000080000000, 0x0000000084300000, 0x00000000d5580000)
  object space 68608K, 75% used [0x0000000080000000,0x0000000083281760,0x0000000084300000)
 Metaspace       used 48477K, committed 49728K, reserved 1114112K
  class space    used 5240K, committed 5824K, reserved 1048576K
}
Event: 8.380 GC heap after
{Heap after GC invocations=30 (full 2):
 PSYoungGen      total 22528K, used 3660K [0x00000000d5580000, 0x00000000d7280000, 0x0000000100000000)
  eden space 18432K, 0% used [0x00000000d5580000,0x00000000d5580000,0x00000000d6780000)
  from space 4096K, 89% used [0x00000000d6e80000,0x00000000d7213248,0x00000000d7280000)
  to   space 4608K, 0% used [0x00000000d6980000,0x00000000d6980000,0x00000000d6e00000)
 ParOldGen       total 68608K, used 54603K [0x0000000080000000, 0x0000000084300000, 0x00000000d5580000)
  object space 68608K, 79% used [0x0000000080000000,0x0000000083552e28,0x0000000084300000)
 Metaspace       used 48477K, committed 49728K, reserved 1114112K
  class space    used 5240K, committed 5824K, reserved 1048576K
}
Event: 8.517 GC heap before
{Heap before GC invocations=31 (full 2):
 PSYoungGen      total 22528K, used 22092K [0x00000000d5580000, 0x00000000d7280000, 0x0000000100000000)
  eden space 18432K, 100% used [0x00000000d5580000,0x00000000d6780000,0x00000000d6780000)
  from space 4096K, 89% used [0x00000000d6e80000,0x00000000d7213248,0x00000000d7280000)
  to   space 4608K, 0% used [0x00000000d6980000,0x00000000d6980000,0x00000000d6e00000)
 ParOldGen       total 68608K, used 54603K [0x0000000080000000, 0x0000000084300000, 0x00000000d5580000)
  object space 68608K, 79% used [0x0000000080000000,0x0000000083552e28,0x0000000084300000)
 Metaspace       used 48487K, committed 49728K, reserved 1114112K
  class space    used 5240K, committed 5824K, reserved 1048576K
}
Event: 8.522 GC heap after
{Heap after GC invocations=31 (full 2):
 PSYoungGen      total 22528K, used 4006K [0x00000000d5580000, 0x00000000d7080000, 0x0000000100000000)
  eden space 18432K, 0% used [0x00000000d5580000,0x00000000d5580000,0x00000000d6780000)
  from space 4096K, 97% used [0x00000000d6980000,0x00000000d6d69b78,0x00000000d6d80000)
  to   space 3072K, 0% used [0x00000000d6d80000,0x00000000d6d80000,0x00000000d7080000)
 ParOldGen       total 68608K, used 58035K [0x0000000080000000, 0x0000000084300000, 0x00000000d5580000)
  object space 68608K, 84% used [0x0000000080000000,0x00000000838acd08,0x0000000084300000)
 Metaspace       used 48487K, committed 49728K, reserved 1114112K
  class space    used 5240K, committed 5824K, reserved 1048576K
}
Event: 8.604 GC heap before
{Heap before GC invocations=32 (full 2):
 PSYoungGen      total 22528K, used 22438K [0x00000000d5580000, 0x00000000d7080000, 0x0000000100000000)
  eden space 18432K, 100% used [0x00000000d5580000,0x00000000d6780000,0x00000000d6780000)
  from space 4096K, 97% used [0x00000000d6980000,0x00000000d6d69b78,0x00000000d6d80000)
  to   space 3072K, 0% used [0x00000000d6d80000,0x00000000d6d80000,0x00000000d7080000)
 ParOldGen       total 68608K, used 58035K [0x0000000080000000, 0x0000000084300000, 0x00000000d5580000)
  object space 68608K, 84% used [0x0000000080000000,0x00000000838acd08,0x0000000084300000)
 Metaspace       used 48496K, committed 49792K, reserved 1114112K
  class space    used 5240K, committed 5824K, reserved 1048576K
}
Event: 8.608 GC heap after
{Heap after GC invocations=32 (full 2):
 PSYoungGen      total 19456K, used 3071K [0x00000000d5580000, 0x00000000d7780000, 0x0000000100000000)
  eden space 16384K, 0% used [0x00000000d5580000,0x00000000d5580000,0x00000000d6580000)
  from space 3072K, 99% used [0x00000000d6d80000,0x00000000d707fe80,0x00000000d7080000)
  to   space 8192K, 0% used [0x00000000d6580000,0x00000000d6580000,0x00000000d6d80000)
 ParOldGen       total 68608K, used 62466K [0x0000000080000000, 0x0000000084300000, 0x00000000d5580000)
  object space 68608K, 91% used [0x0000000080000000,0x0000000083d00900,0x0000000084300000)
 Metaspace       used 48496K, committed 49792K, reserved 1114112K
  class space    used 5240K, committed 5824K, reserved 1048576K
}

