# JRE version: OpenJDK Runtime Environment Temurin-21.0.10+7 (21.0.10+7) (build 21.0.10+7-LTS)
# Java VM: OpenJDK 64-Bit Server VM Temurin-21.0.10+7 (21.0.10+7-LTS, mixed mode, sharing, tiered, compressed oops, compressed class ptrs, parallel gc, windows-amd64)
GC Precious Log:
 CardTable entry size: 512
 CPUs: 8 total, 8 available
 Memory: 16167M
 Large Page Support: Disabled
 NUMA Support: Disabled
 Compressed Oops: Enabled (32-bit)
 Alignments: Space 512K, Generation 512K, Heap 2M
 Heap Min Capacity: 100M
 Heap Initial Capacity: 100M
 Heap Max Capacity: 2G
 Pre-touch: Disabled
 Parallel Workers: 8
Heap:
 PSYoungGen      total 21504K, used 16339K [0x00000000d5580000, 0x00000000d6f00000, 0x0000000100000000)
  eden space 19968K, 74% used [0x00000000d5580000,0x00000000d63f6448,0x00000000d6900000)
  from space 1536K, 99% used [0x00000000d6900000,0x00000000d6a7e858,0x00000000d6a80000)
  to   space 3072K, 0% used [0x00000000d6c00000,0x00000000d6c00000,0x00000000d6f00000)
 ParOldGen       total 68608K, used 44320K [0x0000000080000000, 0x0000000084300000, 0x00000000d5580000)
  object space 68608K, 64% used [0x0000000080000000,0x0000000082b48310,0x0000000084300000)
 Metaspace       used 44776K, committed 45824K, reserved 1114112K
  class space    used 4388K, committed 4864K, reserved 1048576K
GC Heap History (20 events):
Event: 7.340 GC heap before
{Heap before GC invocations=24 (full 2):
 PSYoungGen      total 23040K, used 23008K [0x00000000d5580000, 0x00000000d6f80000, 0x0000000100000000)
  eden space 21504K, 100% used [0x00000000d5580000,0x00000000d6a80000,0x00000000d6a80000)
  from space 1536K, 97% used [0x00000000d6a80000,0x00000000d6bf8308,0x00000000d6c00000)
  to   space 2560K, 0% used [0x00000000d6d00000,0x00000000d6d00000,0x00000000d6f80000)
 ParOldGen       total 68608K, used 36475K [0x0000000080000000, 0x0000000084300000, 0x00000000d5580000)
  object space 68608K, 53% used [0x0000000080000000,0x000000008239ec90,0x0000000084300000)
 Metaspace       used 35981K, committed 36992K, reserved 1114112K
  class space    used 3608K, committed 4032K, reserved 1048576K
}
Event: 7.342 GC heap after
{Heap after GC invocations=24 (full 2):
 PSYoungGen      total 23040K, used 1513K [0x00000000d5580000, 0x00000000d6e80000, 0x0000000100000000)
  eden space 21504K, 0% used [0x00000000d5580000,0x00000000d5580000,0x00000000d6a80000)
  from space 1536K, 98% used [0x00000000d6d00000,0x00000000d6e7a730,0x00000000d6e80000)
  to   space 2048K, 0% used [0x00000000d6a80000,0x00000000d6a80000,0x00000000d6c80000)
 ParOldGen       total 68608K, used 37393K [0x0000000080000000, 0x0000000084300000, 0x00000000d5580000)
  object space 68608K, 54% used [0x0000000080000000,0x00000000824847c8,0x0000000084300000)
 Metaspace       used 35981K, committed 36992K, reserved 1114112K
  class space    used 3608K, committed 4032K, reserved 1048576K
}
Event: 7.860 GC heap before
{Heap before GC invocations=25 (full 2):
 PSYoungGen      total 23040K, used 22968K [0x00000000d5580000, 0x00000000d6e80000, 0x0000000100000000)
  eden space 21504K, 99% used [0x00000000d5580000,0x00000000d6a73c30,0x00000000d6a80000)
  from space 1536K, 98% used [0x00000000d6d00000,0x00000000d6e7a730,0x00000000d6e80000)
  to   space 2048K, 0% used [0x00000000d6a80000,0x00000000d6a80000,0x00000000d6c80000)
 ParOldGen       total 68608K, used 37393K [0x0000000080000000, 0x0000000084300000, 0x00000000d5580000)
  object space 68608K, 54% used [0x0000000080000000,0x00000000824847c8,0x0000000084300000)
 Metaspace       used 37458K, committed 38400K, reserved 1114112K
  class space    used 3745K, committed 4160K, reserved 1048576K
}
Event: 7.861 GC heap after
{Heap after GC invocations=25 (full 2):
 PSYoungGen      total 23552K, used 640K [0x00000000d5580000, 0x00000000d6d80000, 0x0000000100000000)
  eden space 21504K, 0% used [0x00000000d5580000,0x00000000d5580000,0x00000000d6a80000)
  from space 2048K, 31% used [0x00000000d6a80000,0x00000000d6b20000,0x00000000d6c80000)
  to   space 1024K, 0% used [0x00000000d6c80000,0x00000000d6c80000,0x00000000d6d80000)
 ParOldGen       total 68608K, used 38073K [0x0000000080000000, 0x0000000084300000, 0x00000000d5580000)
  object space 68608K, 55% used [0x0000000080000000,0x000000008252e7d8,0x0000000084300000)
 Metaspace       used 37458K, committed 38400K, reserved 1114112K
  class space    used 3745K, committed 4160K, reserved 1048576K
}
Event: 8.559 GC heap before
{Heap before GC invocations=26 (full 2):
 PSYoungGen      total 23552K, used 22144K [0x00000000d5580000, 0x00000000d6d80000, 0x0000000100000000)
  eden space 21504K, 100% used [0x00000000d5580000,0x00000000d6a80000,0x00000000d6a80000)
  from space 2048K, 31% used [0x00000000d6a80000,0x00000000d6b20000,0x00000000d6c80000)
  to   space 1024K, 0% used [0x00000000d6c80000,0x00000000d6c80000,0x00000000d6d80000)
 ParOldGen       total 68608K, used 38073K [0x0000000080000000, 0x0000000084300000, 0x00000000d5580000)
  object space 68608K, 55% used [0x0000000080000000,0x000000008252e7d8,0x0000000084300000)
 Metaspace       used 38154K, committed 39104K, reserved 1114112K
  class space    used 3834K, committed 4224K, reserved 1048576K
}
Event: 8.561 GC heap after
{Heap after GC invocations=26 (full 2):
 PSYoungGen      total 22016K, used 992K [0x00000000d5580000, 0x00000000d6f80000, 0x0000000100000000)
  eden space 20992K, 0% used [0x00000000d5580000,0x00000000d5580000,0x00000000d6a00000)
  from space 1024K, 96% used [0x00000000d6c80000,0x00000000d6d78010,0x00000000d6d80000)
  to   space 2560K, 0% used [0x00000000d6a00000,0x00000000d6a00000,0x00000000d6c80000)
 ParOldGen       total 68608K, used 39308K [0x0000000080000000, 0x0000000084300000, 0x00000000d5580000)
  object space 68608K, 57% used [0x0000000080000000,0x0000000082663358,0x0000000084300000)
 Metaspace       used 38154K, committed 39104K, reserved 1114112K
  class space    used 3834K, committed 4224K, reserved 1048576K
}
Event: 9.125 GC heap before
{Heap before GC invocations=27 (full 2):
 PSYoungGen      total 22016K, used 21984K [0x00000000d5580000, 0x00000000d6f80000, 0x0000000100000000)
  eden space 20992K, 100% used [0x00000000d5580000,0x00000000d6a00000,0x00000000d6a00000)
  from space 1024K, 96% used [0x00000000d6c80000,0x00000000d6d78010,0x00000000d6d80000)
  to   space 2560K, 0% used [0x00000000d6a00000,0x00000000d6a00000,0x00000000d6c80000)
 ParOldGen       total 68608K, used 39308K [0x0000000080000000, 0x0000000084300000, 0x00000000d5580000)
  object space 68608K, 57% used [0x0000000080000000,0x0000000082663358,0x0000000084300000)
 Metaspace       used 39814K, committed 40768K, reserved 1114112K
  class space    used 4004K, committed 4416K, reserved 1048576K
}
Event: 9.126 GC heap after
{Heap after GC invocations=27 (full 2):
 PSYoungGen      total 22016K, used 640K [0x00000000d5580000, 0x00000000d6d00000, 0x0000000100000000)
  eden space 20992K, 0% used [0x00000000d5580000,0x00000000d5580000,0x00000000d6a00000)
  from space 1024K, 62% used [0x00000000d6a00000,0x00000000d6aa0000,0x00000000d6b00000)
  to   space 1536K, 0% used [0x00000000d6b80000,0x00000000d6b80000,0x00000000d6d00000)
 ParOldGen       total 68608K, used 39999K [0x0000000080000000, 0x0000000084300000, 0x00000000d5580000)
  object space 68608K, 58% used [0x0000000080000000,0x000000008270fec8,0x0000000084300000)
 Metaspace       used 39814K, committed 40768K, reserved 1114112K
  class space    used 4004K, committed 4416K, reserved 1048576K
}
Event: 10.506 GC heap before
{Heap before GC invocations=28 (full 2):
 PSYoungGen      total 22016K, used 21581K [0x00000000d5580000, 0x00000000d6d00000, 0x0000000100000000)
  eden space 20992K, 99% used [0x00000000d5580000,0x00000000d69f3450,0x00000000d6a00000)
  from space 1024K, 62% used [0x00000000d6a00000,0x00000000d6aa0000,0x00000000d6b00000)
  to   space 1536K, 0% used [0x00000000d6b80000,0x00000000d6b80000,0x00000000d6d00000)
 ParOldGen       total 68608K, used 39999K [0x0000000080000000, 0x0000000084300000, 0x00000000d5580000)
  object space 68608K, 58% used [0x0000000080000000,0x000000008270fec8,0x0000000084300000)
 Metaspace       used 40797K, committed 41856K, reserved 1114112K
  class space    used 4080K, committed 4544K, reserved 1048576K
}
Event: 10.508 GC heap after
{Heap after GC invocations=28 (full 2):
 PSYoungGen      total 22016K, used 928K [0x00000000d5580000, 0x00000000d6c80000, 0x0000000100000000)
  eden space 20992K, 0% used [0x00000000d5580000,0x00000000d5580000,0x00000000d6a00000)
  from space 1024K, 90% used [0x00000000d6b80000,0x00000000d6c68000,0x00000000d6c80000)
  to   space 1024K, 0% used [0x00000000d6a00000,0x00000000d6a00000,0x00000000d6b00000)
 ParOldGen       total 68608K, used 40451K [0x0000000080000000, 0x0000000084300000, 0x00000000d5580000)
  object space 68608K, 58% used [0x0000000080000000,0x0000000082780f18,0x0000000084300000)
 Metaspace       used 40797K, committed 41856K, reserved 1114112K
  class space    used 4080K, committed 4544K, reserved 1048576K
}
Event: 13.411 GC heap before
{Heap before GC invocations=29 (full 2):
 PSYoungGen      total 22016K, used 21897K [0x00000000d5580000, 0x00000000d6c80000, 0x0000000100000000)
  eden space 20992K, 99% used [0x00000000d5580000,0x00000000d69fa708,0x00000000d6a00000)
  from space 1024K, 90% used [0x00000000d6b80000,0x00000000d6c68000,0x00000000d6c80000)
  to   space 1024K, 0% used [0x00000000d6a00000,0x00000000d6a00000,0x00000000d6b00000)
 ParOldGen       total 68608K, used 40451K [0x0000000080000000, 0x0000000084300000, 0x00000000d5580000)
  object space 68608K, 58% used [0x0000000080000000,0x0000000082780f18,0x0000000084300000)
 Metaspace       used 41526K, committed 42560K, reserved 1114112K
  class space    used 4152K, committed 4608K, reserved 1048576K
}
Event: 13.414 GC heap after
{Heap after GC invocations=29 (full 2):
 PSYoungGen      total 22016K, used 757K [0x00000000d5580000, 0x00000000d6c00000, 0x0000000100000000)
  eden space 20992K, 0% used [0x00000000d5580000,0x00000000d5580000,0x00000000d6a00000)
  from space 1024K, 73% used [0x00000000d6a00000,0x00000000d6abd6a8,0x00000000d6b00000)
  to   space 1024K, 0% used [0x00000000d6b00000,0x00000000d6b00000,0x00000000d6c00000)
 ParOldGen       total 68608K, used 41133K [0x0000000080000000, 0x0000000084300000, 0x00000000d5580000)
  object space 68608K, 59% used [0x0000000080000000,0x000000008282b6c8,0x0000000084300000)
 Metaspace       used 41526K, committed 42560K, reserved 1114112K
  class space    used 4152K, committed 4608K, reserved 1048576K
}
Event: 15.216 GC heap before
{Heap before GC invocations=30 (full 2):
 PSYoungGen      total 22016K, used 21749K [0x00000000d5580000, 0x00000000d6c00000, 0x0000000100000000)
  eden space 20992K, 100% used [0x00000000d5580000,0x00000000d6a00000,0x00000000d6a00000)
  from space 1024K, 73% used [0x00000000d6a00000,0x00000000d6abd6a8,0x00000000d6b00000)
  to   space 1024K, 0% used [0x00000000d6b00000,0x00000000d6b00000,0x00000000d6c00000)
 ParOldGen       total 68608K, used 41133K [0x0000000080000000, 0x0000000084300000, 0x00000000d5580000)
  object space 68608K, 59% used [0x0000000080000000,0x000000008282b6c8,0x0000000084300000)
 Metaspace       used 43153K, committed 44096K, reserved 1114112K
  class space    used 4317K, committed 4736K, reserved 1048576K
}
Event: 15.218 GC heap after
{Heap after GC invocations=30 (full 2):
 PSYoungGen      total 20992K, used 1018K [0x00000000d5580000, 0x00000000d6e00000, 0x0000000100000000)
  eden space 19968K, 0% used [0x00000000d5580000,0x00000000d5580000,0x00000000d6900000)
  from space 1024K, 99% used [0x00000000d6b00000,0x00000000d6bfe820,0x00000000d6c00000)
  to   space 2048K, 0% used [0x00000000d6900000,0x00000000d6900000,0x00000000d6b00000)
 ParOldGen       total 68608K, used 41704K [0x0000000080000000, 0x0000000084300000, 0x00000000d5580000)
  object space 68608K, 60% used [0x0000000080000000,0x00000000828ba188,0x0000000084300000)
 Metaspace       used 43153K, committed 44096K, reserved 1114112K
  class space    used 4317K, committed 4736K, reserved 1048576K
}
Event: 16.050 GC heap before
{Heap before GC invocations=31 (full 2):
 PSYoungGen      total 20992K, used 20986K [0x00000000d5580000, 0x00000000d6e00000, 0x0000000100000000)
  eden space 19968K, 100% used [0x00000000d5580000,0x00000000d6900000,0x00000000d6900000)
  from space 1024K, 99% used [0x00000000d6b00000,0x00000000d6bfe820,0x00000000d6c00000)
  to   space 2048K, 0% used [0x00000000d6900000,0x00000000d6900000,0x00000000d6b00000)
 ParOldGen       total 68608K, used 41704K [0x0000000080000000, 0x0000000084300000, 0x00000000d5580000)
  object space 68608K, 60% used [0x0000000080000000,0x00000000828ba188,0x0000000084300000)
 Metaspace       used 43759K, committed 44864K, reserved 1114112K
  class space    used 4337K, committed 4864K, reserved 1048576K
}
Event: 16.052 GC heap after
{Heap after GC invocations=31 (full 2):
 PSYoungGen      total 21504K, used 1175K [0x00000000d5580000, 0x00000000d6c00000, 0x0000000100000000)
  eden space 19968K, 0% used [0x00000000d5580000,0x00000000d5580000,0x00000000d6900000)
  from space 1536K, 76% used [0x00000000d6900000,0x00000000d6a25ed8,0x00000000d6a80000)
  to   space 1536K, 0% used [0x00000000d6a80000,0x00000000d6a80000,0x00000000d6c00000)
 ParOldGen       total 68608K, used 42635K [0x0000000080000000, 0x0000000084300000, 0x00000000d5580000)
  object space 68608K, 62% used [0x0000000080000000,0x00000000829a2d98,0x0000000084300000)
 Metaspace       used 43759K, committed 44864K, reserved 1114112K
  class space    used 4337K, committed 4864K, reserved 1048576K
}
Event: 17.216 GC heap before
{Heap before GC invocations=32 (full 2):
 PSYoungGen      total 21504K, used 21143K [0x00000000d5580000, 0x00000000d6c00000, 0x0000000100000000)
  eden space 19968K, 100% used [0x00000000d5580000,0x00000000d6900000,0x00000000d6900000)
  from space 1536K, 76% used [0x00000000d6900000,0x00000000d6a25ed8,0x00000000d6a80000)
  to   space 1536K, 0% used [0x00000000d6a80000,0x00000000d6a80000,0x00000000d6c00000)
 ParOldGen       total 68608K, used 42635K [0x0000000080000000, 0x0000000084300000, 0x00000000d5580000)
  object space 68608K, 62% used [0x0000000080000000,0x00000000829a2d98,0x0000000084300000)
 Metaspace       used 44102K, committed 45184K, reserved 1114112K
  class space    used 4354K, committed 4864K, reserved 1048576K
}
Event: 17.225 GC heap after
{Heap after GC invocations=32 (full 2):
 PSYoungGen      total 21504K, used 1253K [0x00000000d5580000, 0x00000000d6c00000, 0x0000000100000000)
  eden space 19968K, 0% used [0x00000000d5580000,0x00000000d5580000,0x00000000d6900000)
  from space 1536K, 81% used [0x00000000d6a80000,0x00000000d6bb9438,0x00000000d6c00000)
  to   space 1536K, 0% used [0x00000000d6900000,0x00000000d6900000,0x00000000d6a80000)
 ParOldGen       total 68608K, used 43303K [0x0000000080000000, 0x0000000084300000, 0x00000000d5580000)
  object space 68608K, 63% used [0x0000000080000000,0x0000000082a49fd0,0x0000000084300000)
 Metaspace       used 44102K, committed 45184K, reserved 1114112K
  class space    used 4354K, committed 4864K, reserved 1048576K
}
Event: 18.881 GC heap before
{Heap before GC invocations=33 (full 2):
 PSYoungGen      total 21504K, used 21221K [0x00000000d5580000, 0x00000000d6c00000, 0x0000000100000000)
  eden space 19968K, 100% used [0x00000000d5580000,0x00000000d6900000,0x00000000d6900000)
  from space 1536K, 81% used [0x00000000d6a80000,0x00000000d6bb9438,0x00000000d6c00000)
  to   space 1536K, 0% used [0x00000000d6900000,0x00000000d6900000,0x00000000d6a80000)
 ParOldGen       total 68608K, used 43303K [0x0000000080000000, 0x0000000084300000, 0x00000000d5580000)
  object space 68608K, 63% used [0x0000000080000000,0x0000000082a49fd0,0x0000000084300000)
 Metaspace       used 44596K, committed 45696K, reserved 1114112K
  class space    used 4376K, committed 4864K, reserved 1048576K
}
Event: 18.884 GC heap after
{Heap after GC invocations=33 (full 2):
 PSYoungGen      total 21504K, used 1530K [0x00000000d5580000, 0x00000000d6f00000, 0x0000000100000000)
  eden space 19968K, 0% used [0x00000000d5580000,0x00000000d5580000,0x00000000d6900000)
  from space 1536K, 99% used [0x00000000d6900000,0x00000000d6a7e858,0x00000000d6a80000)
  to   space 3072K, 0% used [0x00000000d6c00000,0x00000000d6c00000,0x00000000d6f00000)
 ParOldGen       total 68608K, used 44320K [0x0000000080000000, 0x0000000084300000, 0x00000000d5580000)
  object space 68608K, 64% used [0x0000000080000000,0x0000000082b48310,0x0000000084300000)
 Metaspace       used 44596K, committed 45696K, reserved 1114112K
  class space    used 4376K, committed 4864K, reserved 1048576K
}

