# JRE version: OpenJDK Runtime Environment Temurin-21.0.10+7 (21.0.10+7) (build 21.0.10+7-LTS)
# Java VM: OpenJDK 64-Bit Server VM Temurin-21.0.10+7 (21.0.10+7-LTS, mixed mode, sharing, tiered, compressed oops, compressed class ptrs, parallel gc, windows-amd64)
GC Precious Log:
 CardTable entry size: 512
 CPUs: 8 total, 8 available
 Memory: 16167M
 Large Page Support: Disabled
 NUMA Support: Disabled
 Compressed Oops: Enabled (32-bit)
 Alignments: Space 512K, Generation 512K, Heap 2M
 Heap Min Capacity: 100M
 Heap Initial Capacity: 100M
 Heap Max Capacity: 2G
 Pre-touch: Disabled
 Parallel Workers: 8
Heap:
 PSYoungGen      total 8704K, used 6641K [0x00000000d5580000, 0x00000000d5f00000, 0x0000000100000000)
  eden space 7680K, 83% used [0x00000000d5580000,0x00000000d5bc46f0,0x00000000d5d00000)
  from space 1024K, 21% used [0x00000000d5d80000,0x00000000d5db8000,0x00000000d5e80000)
  to   space 512K, 0% used [0x00000000d5e80000,0x00000000d5e80000,0x00000000d5f00000)
 ParOldGen       total 389632K, used 103023K [0x0000000080000000, 0x0000000097c80000, 0x00000000d5580000)
  object space 389632K, 26% used [0x0000000080000000,0x000000008649bdf8,0x0000000097c80000)
 Metaspace       used 72922K, committed 74560K, reserved 1179648K
  class space    used 7322K, committed 8064K, reserved 1048576K
GC Heap History (20 events):
Event: 3431.298 GC heap before
{Heap before GC invocations=334 (full 3):
 PSYoungGen      total 8704K, used 8506K [0x00000000d5580000, 0x00000000d5f80000, 0x0000000100000000)
  eden space 8192K, 100% used [0x00000000d5580000,0x00000000d5d80000,0x00000000d5d80000)
  from space 512K, 61% used [0x00000000d5f00000,0x00000000d5f4e900,0x00000000d5f80000)
  to   space 1024K, 0% used [0x00000000d5d80000,0x00000000d5d80000,0x00000000d5e80000)
 ParOldGen       total 388096K, used 387957K [0x0000000080000000, 0x0000000097b00000, 0x00000000d5580000)
  object space 388096K, 99% used [0x0000000080000000,0x0000000097add718,0x0000000097b00000)
 Metaspace       used 72707K, committed 74304K, reserved 1179648K
  class space    used 7377K, committed 8064K, reserved 1048576K
}
Event: 3431.299 GC heap after
{Heap after GC invocations=334 (full 3):
 PSYoungGen      total 9216K, used 512K [0x00000000d5580000, 0x00000000d5f80000, 0x0000000100000000)
  eden space 8192K, 0% used [0x00000000d5580000,0x00000000d5580000,0x00000000d5d80000)
  from space 1024K, 50% used [0x00000000d5d80000,0x00000000d5e00000,0x00000000d5e80000)
  to   space 1024K, 0% used [0x00000000d5e80000,0x00000000d5e80000,0x00000000d5f80000)
 ParOldGen       total 388096K, used 387981K [0x0000000080000000, 0x0000000097b00000, 0x00000000d5580000)
  object space 388096K, 99% used [0x0000000080000000,0x0000000097ae3718,0x0000000097b00000)
 Metaspace       used 72707K, committed 74304K, reserved 1179648K
  class space    used 7377K, committed 8064K, reserved 1048576K
}
Event: 3432.882 GC heap before
{Heap before GC invocations=335 (full 3):
 PSYoungGen      total 9216K, used 8704K [0x00000000d5580000, 0x00000000d5f80000, 0x0000000100000000)
  eden space 8192K, 100% used [0x00000000d5580000,0x00000000d5d80000,0x00000000d5d80000)
  from space 1024K, 50% used [0x00000000d5d80000,0x00000000d5e00000,0x00000000d5e80000)
  to   space 1024K, 0% used [0x00000000d5e80000,0x00000000d5e80000,0x00000000d5f80000)
 ParOldGen       total 388096K, used 387981K [0x0000000080000000, 0x0000000097b00000, 0x00000000d5580000)
  object space 388096K, 99% used [0x0000000080000000,0x0000000097ae3718,0x0000000097b00000)
 Metaspace       used 72718K, committed 74304K, reserved 1179648K
  class space    used 7377K, committed 8064K, reserved 1048576K
}
Event: 3432.884 GC heap after
{Heap after GC invocations=335 (full 3):
 PSYoungGen      total 8704K, used 996K [0x00000000d5580000, 0x00000000d6080000, 0x0000000100000000)
  eden space 7680K, 0% used [0x00000000d5580000,0x00000000d5580000,0x00000000d5d00000)
  from space 1024K, 97% used [0x00000000d5e80000,0x00000000d5f79210,0x00000000d5f80000)
  to   space 1536K, 0% used [0x00000000d5d00000,0x00000000d5d00000,0x00000000d5e80000)
 ParOldGen       total 388608K, used 388330K [0x0000000080000000, 0x0000000097b80000, 0x00000000d5580000)
  object space 388608K, 99% used [0x0000000080000000,0x0000000097b3a928,0x0000000097b80000)
 Metaspace       used 72718K, committed 74304K, reserved 1179648K
  class space    used 7377K, committed 8064K, reserved 1048576K
}
Event: 3432.901 GC heap before
{Heap before GC invocations=336 (full 3):
 PSYoungGen      total 8704K, used 6682K [0x00000000d5580000, 0x00000000d6080000, 0x0000000100000000)
  eden space 7680K, 74% used [0x00000000d5580000,0x00000000d5b0d860,0x00000000d5d00000)
  from space 1024K, 97% used [0x00000000d5e80000,0x00000000d5f79210,0x00000000d5f80000)
  to   space 1536K, 0% used [0x00000000d5d00000,0x00000000d5d00000,0x00000000d5e80000)
 ParOldGen       total 388608K, used 388330K [0x0000000080000000, 0x0000000097b80000, 0x00000000d5580000)
  object space 388608K, 99% used [0x0000000080000000,0x0000000097b3a928,0x0000000097b80000)
 Metaspace       used 72724K, committed 74304K, reserved 1179648K
  class space    used 7377K, committed 8064K, reserved 1048576K
}
Event: 3432.903 GC heap after
{Heap after GC invocations=336 (full 3):
 PSYoungGen      total 9216K, used 852K [0x00000000d5580000, 0x00000000d6080000, 0x0000000100000000)
  eden space 7680K, 0% used [0x00000000d5580000,0x00000000d5580000,0x00000000d5d00000)
  from space 1536K, 55% used [0x00000000d5d00000,0x00000000d5dd5200,0x00000000d5e80000)
  to   space 1536K, 0% used [0x00000000d5f00000,0x00000000d5f00000,0x00000000d6080000)
 ParOldGen       total 389632K, used 389246K [0x0000000080000000, 0x0000000097c80000, 0x00000000d5580000)
  object space 389632K, 99% used [0x0000000080000000,0x0000000097c1fb38,0x0000000097c80000)
 Metaspace       used 72724K, committed 74304K, reserved 1179648K
  class space    used 7377K, committed 8064K, reserved 1048576K
}
Event: 3432.903 GC heap before
{Heap before GC invocations=337 (full 4):
 PSYoungGen      total 9216K, used 852K [0x00000000d5580000, 0x00000000d6080000, 0x0000000100000000)
  eden space 7680K, 0% used [0x00000000d5580000,0x00000000d5580000,0x00000000d5d00000)
  from space 1536K, 55% used [0x00000000d5d00000,0x00000000d5dd5200,0x00000000d5e80000)
  to   space 1536K, 0% used [0x00000000d5f00000,0x00000000d5f00000,0x00000000d6080000)
 ParOldGen       total 389632K, used 389246K [0x0000000080000000, 0x0000000097c80000, 0x00000000d5580000)
  object space 389632K, 99% used [0x0000000080000000,0x0000000097c1fb38,0x0000000097c80000)
 Metaspace       used 72724K, committed 74304K, reserved 1179648K
  class space    used 7377K, committed 8064K, reserved 1048576K
}
Event: 3433.068 GC heap after
{Heap after GC invocations=337 (full 4):
 PSYoungGen      total 9216K, used 0K [0x00000000d5580000, 0x00000000d6080000, 0x0000000100000000)
  eden space 7680K, 0% used [0x00000000d5580000,0x00000000d5580000,0x00000000d5d00000)
  from space 1536K, 0% used [0x00000000d5d00000,0x00000000d5d00000,0x00000000d5e80000)
  to   space 1536K, 0% used [0x00000000d5f00000,0x00000000d5f00000,0x00000000d6080000)
 ParOldGen       total 389632K, used 101369K [0x0000000080000000, 0x0000000097c80000, 0x00000000d5580000)
  object space 389632K, 26% used [0x0000000080000000,0x00000000862fe428,0x0000000097c80000)
 Metaspace       used 72320K, committed 74304K, reserved 1179648K
  class space    used 7279K, committed 8064K, reserved 1048576K
}
Event: 3434.885 GC heap before
{Heap before GC invocations=338 (full 4):
 PSYoungGen      total 9216K, used 7680K [0x00000000d5580000, 0x00000000d6080000, 0x0000000100000000)
  eden space 7680K, 100% used [0x00000000d5580000,0x00000000d5d00000,0x00000000d5d00000)
  from space 1536K, 0% used [0x00000000d5d00000,0x00000000d5d00000,0x00000000d5e80000)
  to   space 1536K, 0% used [0x00000000d5f00000,0x00000000d5f00000,0x00000000d6080000)
 ParOldGen       total 389632K, used 101369K [0x0000000080000000, 0x0000000097c80000, 0x00000000d5580000)
  object space 389632K, 26% used [0x0000000080000000,0x00000000862fe428,0x0000000097c80000)
 Metaspace       used 72326K, committed 74304K, reserved 1179648K
  class space    used 7279K, committed 8064K, reserved 1048576K
}
Event: 3434.886 GC heap after
{Heap after GC invocations=338 (full 4):
 PSYoungGen      total 8704K, used 1002K [0x00000000d5580000, 0x00000000d6000000, 0x0000000100000000)
  eden space 7680K, 0% used [0x00000000d5580000,0x00000000d5580000,0x00000000d5d00000)
  from space 1024K, 97% used [0x00000000d5f00000,0x00000000d5ffa910,0x00000000d6000000)
  to   space 1536K, 0% used [0x00000000d5d00000,0x00000000d5d00000,0x00000000d5e80000)
 ParOldGen       total 389632K, used 101369K [0x0000000080000000, 0x0000000097c80000, 0x00000000d5580000)
  object space 389632K, 26% used [0x0000000080000000,0x00000000862fe428,0x0000000097c80000)
 Metaspace       used 72326K, committed 74304K, reserved 1179648K
  class space    used 7279K, committed 8064K, reserved 1048576K
}
Event: 3434.902 GC heap before
{Heap before GC invocations=339 (full 4):
 PSYoungGen      total 8704K, used 8682K [0x00000000d5580000, 0x00000000d6000000, 0x0000000100000000)
  eden space 7680K, 100% used [0x00000000d5580000,0x00000000d5d00000,0x00000000d5d00000)
  from space 1024K, 97% used [0x00000000d5f00000,0x00000000d5ffa910,0x00000000d6000000)
  to   space 1536K, 0% used [0x00000000d5d00000,0x00000000d5d00000,0x00000000d5e80000)
 ParOldGen       total 389632K, used 101369K [0x0000000080000000, 0x0000000097c80000, 0x00000000d5580000)
  object space 389632K, 26% used [0x0000000080000000,0x00000000862fe428,0x0000000097c80000)
 Metaspace       used 72326K, committed 74304K, reserved 1179648K
  class space    used 7279K, committed 8064K, reserved 1048576K
}
Event: 3434.903 GC heap after
{Heap after GC invocations=339 (full 4):
 PSYoungGen      total 9216K, used 564K [0x00000000d5580000, 0x00000000d5f80000, 0x0000000100000000)
  eden space 7680K, 0% used [0x00000000d5580000,0x00000000d5580000,0x00000000d5d00000)
  from space 1536K, 36% used [0x00000000d5d00000,0x00000000d5d8d200,0x00000000d5e80000)
  to   space 1024K, 0% used [0x00000000d5e80000,0x00000000d5e80000,0x00000000d5f80000)
 ParOldGen       total 389632K, used 101753K [0x0000000080000000, 0x0000000097c80000, 0x00000000d5580000)
  object space 389632K, 26% used [0x0000000080000000,0x000000008635e428,0x0000000097c80000)
 Metaspace       used 72326K, committed 74304K, reserved 1179648K
  class space    used 7279K, committed 8064K, reserved 1048576K
}
Event: 3436.665 GC heap before
{Heap before GC invocations=340 (full 4):
 PSYoungGen      total 9216K, used 8244K [0x00000000d5580000, 0x00000000d5f80000, 0x0000000100000000)
  eden space 7680K, 100% used [0x00000000d5580000,0x00000000d5d00000,0x00000000d5d00000)
  from space 1536K, 36% used [0x00000000d5d00000,0x00000000d5d8d200,0x00000000d5e80000)
  to   space 1024K, 0% used [0x00000000d5e80000,0x00000000d5e80000,0x00000000d5f80000)
 ParOldGen       total 389632K, used 101753K [0x0000000080000000, 0x0000000097c80000, 0x00000000d5580000)
  object space 389632K, 26% used [0x0000000080000000,0x000000008635e428,0x0000000097c80000)
 Metaspace       used 72356K, committed 74304K, reserved 1179648K
  class space    used 7279K, committed 8064K, reserved 1048576K
}
Event: 3436.666 GC heap after
{Heap after GC invocations=340 (full 4):
 PSYoungGen      total 8192K, used 256K [0x00000000d5580000, 0x00000000d5f00000, 0x0000000100000000)
  eden space 7680K, 0% used [0x00000000d5580000,0x00000000d5580000,0x00000000d5d00000)
  from space 512K, 50% used [0x00000000d5e80000,0x00000000d5ec0000,0x00000000d5f00000)
  to   space 512K, 0% used [0x00000000d5e00000,0x00000000d5e00000,0x00000000d5e80000)
 ParOldGen       total 389632K, used 101769K [0x0000000080000000, 0x0000000097c80000, 0x00000000d5580000)
  object space 389632K, 26% used [0x0000000080000000,0x0000000086362428,0x0000000097c80000)
 Metaspace       used 72356K, committed 74304K, reserved 1179648K
  class space    used 7279K, committed 8064K, reserved 1048576K
}
Event: 3436.697 GC heap before
{Heap before GC invocations=341 (full 4):
 PSYoungGen      total 8192K, used 7936K [0x00000000d5580000, 0x00000000d5f00000, 0x0000000100000000)
  eden space 7680K, 100% used [0x00000000d5580000,0x00000000d5d00000,0x00000000d5d00000)
  from space 512K, 50% used [0x00000000d5e80000,0x00000000d5ec0000,0x00000000d5f00000)
  to   space 512K, 0% used [0x00000000d5e00000,0x00000000d5e00000,0x00000000d5e80000)
 ParOldGen       total 389632K, used 101769K [0x0000000080000000, 0x0000000097c80000, 0x00000000d5580000)
  object space 389632K, 26% used [0x0000000080000000,0x0000000086362428,0x0000000097c80000)
 Metaspace       used 72413K, committed 74304K, reserved 1179648K
  class space    used 7279K, committed 8064K, reserved 1048576K
}
Event: 3436.698 GC heap after
{Heap after GC invocations=341 (full 4):
 PSYoungGen      total 8192K, used 500K [0x00000000d5580000, 0x00000000d6000000, 0x0000000100000000)
  eden space 7680K, 0% used [0x00000000d5580000,0x00000000d5580000,0x00000000d5d00000)
  from space 512K, 97% used [0x00000000d5e00000,0x00000000d5e7d200,0x00000000d5e80000)
  to   space 1536K, 0% used [0x00000000d5e80000,0x00000000d5e80000,0x00000000d6000000)
 ParOldGen       total 389632K, used 102444K [0x0000000080000000, 0x0000000097c80000, 0x00000000d5580000)
  object space 389632K, 26% used [0x0000000080000000,0x000000008640b3d8,0x0000000097c80000)
 Metaspace       used 72413K, committed 74304K, reserved 1179648K
  class space    used 7279K, committed 8064K, reserved 1048576K
}
Event: 3438.677 GC heap before
{Heap before GC invocations=342 (full 4):
 PSYoungGen      total 8192K, used 8180K [0x00000000d5580000, 0x00000000d6000000, 0x0000000100000000)
  eden space 7680K, 100% used [0x00000000d5580000,0x00000000d5d00000,0x00000000d5d00000)
  from space 512K, 97% used [0x00000000d5e00000,0x00000000d5e7d200,0x00000000d5e80000)
  to   space 1536K, 0% used [0x00000000d5e80000,0x00000000d5e80000,0x00000000d6000000)
 ParOldGen       total 389632K, used 102444K [0x0000000080000000, 0x0000000097c80000, 0x00000000d5580000)
  object space 389632K, 26% used [0x0000000080000000,0x000000008640b3d8,0x0000000097c80000)
 Metaspace       used 72464K, committed 74368K, reserved 1179648K
  class space    used 7279K, committed 8064K, reserved 1048576K
}
Event: 3438.678 GC heap after
{Heap after GC invocations=342 (full 4):
 PSYoungGen      total 8704K, used 938K [0x00000000d5580000, 0x00000000d5f80000, 0x0000000100000000)
  eden space 7680K, 0% used [0x00000000d5580000,0x00000000d5580000,0x00000000d5d00000)
  from space 1024K, 91% used [0x00000000d5e80000,0x00000000d5f6a910,0x00000000d5f80000)
  to   space 1024K, 0% used [0x00000000d5d80000,0x00000000d5d80000,0x00000000d5e80000)
 ParOldGen       total 389632K, used 102973K [0x0000000080000000, 0x0000000097c80000, 0x00000000d5580000)
  object space 389632K, 26% used [0x0000000080000000,0x000000008648f5e8,0x0000000097c80000)
 Metaspace       used 72464K, committed 74368K, reserved 1179648K
  class space    used 7279K, committed 8064K, reserved 1048576K
}
Event: 3616.754 GC heap before
{Heap before GC invocations=343 (full 4):
 PSYoungGen      total 8704K, used 8618K [0x00000000d5580000, 0x00000000d5f80000, 0x0000000100000000)
  eden space 7680K, 100% used [0x00000000d5580000,0x00000000d5d00000,0x00000000d5d00000)
  from space 1024K, 91% used [0x00000000d5e80000,0x00000000d5f6a910,0x00000000d5f80000)
  to   space 1024K, 0% used [0x00000000d5d80000,0x00000000d5d80000,0x00000000d5e80000)
 ParOldGen       total 389632K, used 102973K [0x0000000080000000, 0x0000000097c80000, 0x00000000d5580000)
  object space 389632K, 26% used [0x0000000080000000,0x000000008648f5e8,0x0000000097c80000)
 Metaspace       used 72519K, committed 74368K, reserved 1179648K
  class space    used 7286K, committed 8064K, reserved 1048576K
}
Event: 3616.755 GC heap after
{Heap after GC invocations=343 (full 4):
 PSYoungGen      total 8704K, used 224K [0x00000000d5580000, 0x00000000d5f00000, 0x0000000100000000)
  eden space 7680K, 0% used [0x00000000d5580000,0x00000000d5580000,0x00000000d5d00000)
  from space 1024K, 21% used [0x00000000d5d80000,0x00000000d5db8000,0x00000000d5e80000)
  to   space 512K, 0% used [0x00000000d5e80000,0x00000000d5e80000,0x00000000d5f00000)
 ParOldGen       total 389632K, used 103023K [0x0000000080000000, 0x0000000097c80000, 0x00000000d5580000)
  object space 389632K, 26% used [0x0000000080000000,0x000000008649bdf8,0x0000000097c80000)
 Metaspace       used 72519K, committed 74368K, reserved 1179648K
  class space    used 7286K, committed 8064K, reserved 1048576K
}

