# JRE version: OpenJDK Runtime Environment Temurin-21.0.10+7 (21.0.10+7) (build 21.0.10+7-LTS)
# Java VM: OpenJDK 64-Bit Server VM Temurin-21.0.10+7 (21.0.10+7-LTS, mixed mode, sharing, tiered, compressed oops, compressed class ptrs, parallel gc, windows-amd64)
GC Precious Log:
 CardTable entry size: 512
 CPUs: 8 total, 8 available
 Memory: 16167M
 Large Page Support: Disabled
 NUMA Support: Disabled
 Compressed Oops: Enabled (32-bit)
 Alignments: Space 512K, Generation 512K, Heap 2M
 Heap Min Capacity: 100M
 Heap Initial Capacity: 100M
 Heap Max Capacity: 2G
 Pre-touch: Disabled
 Parallel Workers: 8
Heap:
 PSYoungGen      total 24064K, used 6694K [0x00000000d5580000, 0x00000000d7780000, 0x0000000100000000)
  eden space 22016K, 21% used [0x00000000d5580000,0x00000000d5a11068,0x00000000d6b00000)
  from space 2048K, 98% used [0x00000000d7580000,0x00000000d7778810,0x00000000d7780000)
  to   space 5632K, 0% used [0x00000000d6c80000,0x00000000d6c80000,0x00000000d7200000)
 ParOldGen       total 68608K, used 66764K [0x0000000080000000, 0x0000000084300000, 0x00000000d5580000)
  object space 68608K, 97% used [0x0000000080000000,0x0000000084133210,0x0000000084300000)
 Metaspace       used 49484K, committed 50880K, reserved 1114112K
  class space    used 5400K, committed 6016K, reserved 1048576K
GC Heap History (20 events):
Event: 11.367 GC heap before
{Heap before GC invocations=22 (full 2):
 PSYoungGen      total 23552K, used 23538K [0x00000000d5580000, 0x00000000d8900000, 0x0000000100000000)
  eden space 22016K, 100% used [0x00000000d5580000,0x00000000d6b00000,0x00000000d6b00000)
  from space 1536K, 99% used [0x00000000d6b00000,0x00000000d6c7c858,0x00000000d6c80000)
  to   space 15360K, 0% used [0x00000000d7a00000,0x00000000d7a00000,0x00000000d8900000)
 ParOldGen       total 68608K, used 55581K [0x0000000080000000, 0x0000000084300000, 0x00000000d5580000)
  object space 68608K, 81% used [0x0000000080000000,0x0000000083647740,0x0000000084300000)
 Metaspace       used 46336K, committed 47616K, reserved 1114112K
  class space    used 5049K, committed 5632K, reserved 1048576K
}
Event: 11.370 GC heap after
{Heap after GC invocations=22 (full 2):
 PSYoungGen      total 24064K, used 1563K [0x00000000d5580000, 0x00000000d7c00000, 0x0000000100000000)
  eden space 22016K, 0% used [0x00000000d5580000,0x00000000d5580000,0x00000000d6b00000)
  from space 2048K, 76% used [0x00000000d7a00000,0x00000000d7b86ea8,0x00000000d7c00000)
  to   space 6144K, 0% used [0x00000000d7000000,0x00000000d7000000,0x00000000d7600000)
 ParOldGen       total 68608K, used 57118K [0x0000000080000000, 0x0000000084300000, 0x00000000d5580000)
  object space 68608K, 83% used [0x0000000080000000,0x00000000837c7a78,0x0000000084300000)
 Metaspace       used 46336K, committed 47616K, reserved 1114112K
  class space    used 5049K, committed 5632K, reserved 1048576K
}
Event: 11.805 GC heap before
{Heap before GC invocations=23 (full 2):
 PSYoungGen      total 24064K, used 23579K [0x00000000d5580000, 0x00000000d7c00000, 0x0000000100000000)
  eden space 22016K, 100% used [0x00000000d5580000,0x00000000d6b00000,0x00000000d6b00000)
  from space 2048K, 76% used [0x00000000d7a00000,0x00000000d7b86ea8,0x00000000d7c00000)
  to   space 6144K, 0% used [0x00000000d7000000,0x00000000d7000000,0x00000000d7600000)
 ParOldGen       total 68608K, used 57118K [0x0000000080000000, 0x0000000084300000, 0x00000000d5580000)
  object space 68608K, 83% used [0x0000000080000000,0x00000000837c7a78,0x0000000084300000)
 Metaspace       used 46958K, committed 48320K, reserved 1114112K
  class space    used 5101K, committed 5696K, reserved 1048576K
}
Event: 11.806 GC heap after
{Heap after GC invocations=23 (full 2):
 PSYoungGen      total 28160K, used 320K [0x00000000d5580000, 0x00000000d7a80000, 0x0000000100000000)
  eden space 22016K, 0% used [0x00000000d5580000,0x00000000d5580000,0x00000000d6b00000)
  from space 6144K, 5% used [0x00000000d7000000,0x00000000d7050000,0x00000000d7600000)
  to   space 2048K, 0% used [0x00000000d7880000,0x00000000d7880000,0x00000000d7a80000)
 ParOldGen       total 68608K, used 58482K [0x0000000080000000, 0x0000000084300000, 0x00000000d5580000)
  object space 68608K, 85% used [0x0000000080000000,0x000000008391cb50,0x0000000084300000)
 Metaspace       used 46958K, committed 48320K, reserved 1114112K
  class space    used 5101K, committed 5696K, reserved 1048576K
}
Event: 12.062 GC heap before
{Heap before GC invocations=24 (full 2):
 PSYoungGen      total 28160K, used 22336K [0x00000000d5580000, 0x00000000d7a80000, 0x0000000100000000)
  eden space 22016K, 100% used [0x00000000d5580000,0x00000000d6b00000,0x00000000d6b00000)
  from space 6144K, 5% used [0x00000000d7000000,0x00000000d7050000,0x00000000d7600000)
  to   space 2048K, 0% used [0x00000000d7880000,0x00000000d7880000,0x00000000d7a80000)
 ParOldGen       total 68608K, used 58482K [0x0000000080000000, 0x0000000084300000, 0x00000000d5580000)
  object space 68608K, 85% used [0x0000000080000000,0x000000008391cb50,0x0000000084300000)
 Metaspace       used 46959K, committed 48320K, reserved 1114112K
  class space    used 5101K, committed 5696K, reserved 1048576K
}
Event: 12.062 GC heap after
{Heap after GC invocations=24 (full 2):
 PSYoungGen      total 22528K, used 256K [0x00000000d5580000, 0x00000000d7900000, 0x0000000100000000)
  eden space 22016K, 0% used [0x00000000d5580000,0x00000000d5580000,0x00000000d6b00000)
  from space 512K, 50% used [0x00000000d7880000,0x00000000d78c0000,0x00000000d7900000)
  to   space 512K, 0% used [0x00000000d7800000,0x00000000d7800000,0x00000000d7880000)
 ParOldGen       total 68608K, used 58624K [0x0000000080000000, 0x0000000084300000, 0x00000000d5580000)
  object space 68608K, 85% used [0x0000000080000000,0x0000000083940290,0x0000000084300000)
 Metaspace       used 46959K, committed 48320K, reserved 1114112K
  class space    used 5101K, committed 5696K, reserved 1048576K
}
Event: 12.175 GC heap before
{Heap before GC invocations=25 (full 2):
 PSYoungGen      total 22528K, used 22272K [0x00000000d5580000, 0x00000000d7900000, 0x0000000100000000)
  eden space 22016K, 100% used [0x00000000d5580000,0x00000000d6b00000,0x00000000d6b00000)
  from space 512K, 50% used [0x00000000d7880000,0x00000000d78c0000,0x00000000d7900000)
  to   space 512K, 0% used [0x00000000d7800000,0x00000000d7800000,0x00000000d7880000)
 ParOldGen       total 68608K, used 58624K [0x0000000080000000, 0x0000000084300000, 0x00000000d5580000)
  object space 68608K, 85% used [0x0000000080000000,0x0000000083940290,0x0000000084300000)
 Metaspace       used 47302K, committed 48576K, reserved 1114112K
  class space    used 5134K, committed 5696K, reserved 1048576K
}
Event: 12.175 GC heap after
{Heap after GC invocations=25 (full 2):
 PSYoungGen      total 22528K, used 509K [0x00000000d5580000, 0x00000000d7900000, 0x0000000100000000)
  eden space 22016K, 0% used [0x00000000d5580000,0x00000000d5580000,0x00000000d6b00000)
  from space 512K, 99% used [0x00000000d7800000,0x00000000d787f690,0x00000000d7880000)
  to   space 512K, 0% used [0x00000000d7880000,0x00000000d7880000,0x00000000d7900000)
 ParOldGen       total 68608K, used 59032K [0x0000000080000000, 0x0000000084300000, 0x00000000d5580000)
  object space 68608K, 86% used [0x0000000080000000,0x00000000839a6290,0x0000000084300000)
 Metaspace       used 47302K, committed 48576K, reserved 1114112K
  class space    used 5134K, committed 5696K, reserved 1048576K
}
Event: 12.237 GC heap before
{Heap before GC invocations=26 (full 2):
 PSYoungGen      total 22528K, used 22525K [0x00000000d5580000, 0x00000000d7900000, 0x0000000100000000)
  eden space 22016K, 100% used [0x00000000d5580000,0x00000000d6b00000,0x00000000d6b00000)
  from space 512K, 99% used [0x00000000d7800000,0x00000000d787f690,0x00000000d7880000)
  to   space 512K, 0% used [0x00000000d7880000,0x00000000d7880000,0x00000000d7900000)
 ParOldGen       total 68608K, used 59032K [0x0000000080000000, 0x0000000084300000, 0x00000000d5580000)
  object space 68608K, 86% used [0x0000000080000000,0x00000000839a6290,0x0000000084300000)
 Metaspace       used 47405K, committed 48832K, reserved 1114112K
  class space    used 5149K, committed 5760K, reserved 1048576K
}
Event: 12.238 GC heap after
{Heap after GC invocations=26 (full 2):
 PSYoungGen      total 22528K, used 512K [0x00000000d5580000, 0x00000000d7900000, 0x0000000100000000)
  eden space 22016K, 0% used [0x00000000d5580000,0x00000000d5580000,0x00000000d6b00000)
  from space 512K, 100% used [0x00000000d7880000,0x00000000d7900000,0x00000000d7900000)
  to   space 1536K, 0% used [0x00000000d7600000,0x00000000d7600000,0x00000000d7780000)
 ParOldGen       total 68608K, used 59696K [0x0000000080000000, 0x0000000084300000, 0x00000000d5580000)
  object space 68608K, 87% used [0x0000000080000000,0x0000000083a4c290,0x0000000084300000)
 Metaspace       used 47405K, committed 48832K, reserved 1114112K
  class space    used 5149K, committed 5760K, reserved 1048576K
}
Event: 12.310 GC heap before
{Heap before GC invocations=27 (full 2):
 PSYoungGen      total 22528K, used 22528K [0x00000000d5580000, 0x00000000d7900000, 0x0000000100000000)
  eden space 22016K, 100% used [0x00000000d5580000,0x00000000d6b00000,0x00000000d6b00000)
  from space 512K, 100% used [0x00000000d7880000,0x00000000d7900000,0x00000000d7900000)
  to   space 1536K, 0% used [0x00000000d7600000,0x00000000d7600000,0x00000000d7780000)
 ParOldGen       total 68608K, used 59696K [0x0000000080000000, 0x0000000084300000, 0x00000000d5580000)
  object space 68608K, 87% used [0x0000000080000000,0x0000000083a4c290,0x0000000084300000)
 Metaspace       used 47571K, committed 48960K, reserved 1114112K
  class space    used 5178K, committed 5760K, reserved 1048576K
}
Event: 12.311 GC heap after
{Heap after GC invocations=27 (full 2):
 PSYoungGen      total 23552K, used 1303K [0x00000000d5580000, 0x00000000d7900000, 0x0000000100000000)
  eden space 22016K, 0% used [0x00000000d5580000,0x00000000d5580000,0x00000000d6b00000)
  from space 1536K, 84% used [0x00000000d7600000,0x00000000d7745c18,0x00000000d7780000)
  to   space 1536K, 0% used [0x00000000d7780000,0x00000000d7780000,0x00000000d7900000)
 ParOldGen       total 68608K, used 60120K [0x0000000080000000, 0x0000000084300000, 0x00000000d5580000)
  object space 68608K, 87% used [0x0000000080000000,0x0000000083ab6290,0x0000000084300000)
 Metaspace       used 47571K, committed 48960K, reserved 1114112K
  class space    used 5178K, committed 5760K, reserved 1048576K
}
Event: 12.357 GC heap before
{Heap before GC invocations=28 (full 2):
 PSYoungGen      total 23552K, used 23318K [0x00000000d5580000, 0x00000000d7900000, 0x0000000100000000)
  eden space 22016K, 99% used [0x00000000d5580000,0x00000000d6affe98,0x00000000d6b00000)
  from space 1536K, 84% used [0x00000000d7600000,0x00000000d7745c18,0x00000000d7780000)
  to   space 1536K, 0% used [0x00000000d7780000,0x00000000d7780000,0x00000000d7900000)
 ParOldGen       total 68608K, used 60120K [0x0000000080000000, 0x0000000084300000, 0x00000000d5580000)
  object space 68608K, 87% used [0x0000000080000000,0x0000000083ab6290,0x0000000084300000)
 Metaspace       used 47614K, committed 48960K, reserved 1114112K
  class space    used 5192K, committed 5760K, reserved 1048576K
}
Event: 12.359 GC heap after
{Heap after GC invocations=28 (full 2):
 PSYoungGen      total 23040K, used 928K [0x00000000d5580000, 0x00000000d7880000, 0x0000000100000000)
  eden space 22016K, 0% used [0x00000000d5580000,0x00000000d5580000,0x00000000d6b00000)
  from space 1024K, 90% used [0x00000000d7780000,0x00000000d7868000,0x00000000d7880000)
  to   space 1536K, 0% used [0x00000000d7580000,0x00000000d7580000,0x00000000d7700000)
 ParOldGen       total 68608K, used 61256K [0x0000000080000000, 0x0000000084300000, 0x00000000d5580000)
  object space 68608K, 89% used [0x0000000080000000,0x0000000083bd2290,0x0000000084300000)
 Metaspace       used 47614K, committed 48960K, reserved 1114112K
  class space    used 5192K, committed 5760K, reserved 1048576K
}
Event: 12.576 GC heap before
{Heap before GC invocations=29 (full 2):
 PSYoungGen      total 23040K, used 22944K [0x00000000d5580000, 0x00000000d7880000, 0x0000000100000000)
  eden space 22016K, 100% used [0x00000000d5580000,0x00000000d6b00000,0x00000000d6b00000)
  from space 1024K, 90% used [0x00000000d7780000,0x00000000d7868000,0x00000000d7880000)
  to   space 1536K, 0% used [0x00000000d7580000,0x00000000d7580000,0x00000000d7700000)
 ParOldGen       total 68608K, used 61256K [0x0000000080000000, 0x0000000084300000, 0x00000000d5580000)
  object space 68608K, 89% used [0x0000000080000000,0x0000000083bd2290,0x0000000084300000)
 Metaspace       used 47685K, committed 49088K, reserved 1114112K
  class space    used 5212K, committed 5824K, reserved 1048576K
}
Event: 12.577 GC heap after
{Heap after GC invocations=29 (full 2):
 PSYoungGen      total 23552K, used 640K [0x00000000d5580000, 0x00000000d7800000, 0x0000000100000000)
  eden space 22016K, 0% used [0x00000000d5580000,0x00000000d5580000,0x00000000d6b00000)
  from space 1536K, 41% used [0x00000000d7580000,0x00000000d7620000,0x00000000d7700000)
  to   space 1024K, 0% used [0x00000000d7700000,0x00000000d7700000,0x00000000d7800000)
 ParOldGen       total 68608K, used 61968K [0x0000000080000000, 0x0000000084300000, 0x00000000d5580000)
  object space 68608K, 90% used [0x0000000080000000,0x0000000083c84290,0x0000000084300000)
 Metaspace       used 47685K, committed 49088K, reserved 1114112K
  class space    used 5212K, committed 5824K, reserved 1048576K
}
Event: 12.760 GC heap before
{Heap before GC invocations=30 (full 2):
 PSYoungGen      total 23552K, used 22655K [0x00000000d5580000, 0x00000000d7800000, 0x0000000100000000)
  eden space 22016K, 99% used [0x00000000d5580000,0x00000000d6affff0,0x00000000d6b00000)
  from space 1536K, 41% used [0x00000000d7580000,0x00000000d7620000,0x00000000d7700000)
  to   space 1024K, 0% used [0x00000000d7700000,0x00000000d7700000,0x00000000d7800000)
 ParOldGen       total 68608K, used 61968K [0x0000000080000000, 0x0000000084300000, 0x00000000d5580000)
  object space 68608K, 90% used [0x0000000080000000,0x0000000083c84290,0x0000000084300000)
 Metaspace       used 49125K, committed 50432K, reserved 1114112K
  class space    used 5347K, committed 5888K, reserved 1048576K
}
Event: 12.762 GC heap after
{Heap after GC invocations=30 (full 2):
 PSYoungGen      total 23040K, used 1016K [0x00000000d5580000, 0x00000000d7800000, 0x0000000100000000)
  eden space 22016K, 0% used [0x00000000d5580000,0x00000000d5580000,0x00000000d6b00000)
  from space 1024K, 99% used [0x00000000d7700000,0x00000000d77fe1d8,0x00000000d7800000)
  to   space 2560K, 0% used [0x00000000d7300000,0x00000000d7300000,0x00000000d7580000)
 ParOldGen       total 68608K, used 62860K [0x0000000080000000, 0x0000000084300000, 0x00000000d5580000)
  object space 68608K, 91% used [0x0000000080000000,0x0000000083d632a0,0x0000000084300000)
 Metaspace       used 49125K, committed 50432K, reserved 1114112K
  class space    used 5347K, committed 5888K, reserved 1048576K
}
Event: 12.832 GC heap before
{Heap before GC invocations=31 (full 2):
 PSYoungGen      total 23040K, used 23032K [0x00000000d5580000, 0x00000000d7800000, 0x0000000100000000)
  eden space 22016K, 99% used [0x00000000d5580000,0x00000000d6affff0,0x00000000d6b00000)
  from space 1024K, 99% used [0x00000000d7700000,0x00000000d77fe1d8,0x00000000d7800000)
  to   space 2560K, 0% used [0x00000000d7300000,0x00000000d7300000,0x00000000d7580000)
 ParOldGen       total 68608K, used 62860K [0x0000000080000000, 0x0000000084300000, 0x00000000d5580000)
  object space 68608K, 91% used [0x0000000080000000,0x0000000083d632a0,0x0000000084300000)
 Metaspace       used 49446K, committed 50880K, reserved 1114112K
  class space    used 5400K, committed 6016K, reserved 1048576K
}
Event: 12.835 GC heap after
{Heap after GC invocations=31 (full 2):
 PSYoungGen      total 24576K, used 2545K [0x00000000d5580000, 0x00000000d7780000, 0x0000000100000000)
  eden space 22016K, 0% used [0x00000000d5580000,0x00000000d5580000,0x00000000d6b00000)
  from space 2560K, 99% used [0x00000000d7300000,0x00000000d757c420,0x00000000d7580000)
  to   space 2048K, 0% used [0x00000000d7580000,0x00000000d7580000,0x00000000d7780000)
 ParOldGen       total 68608K, used 63857K [0x0000000080000000, 0x0000000084300000, 0x00000000d5580000)
  object space 68608K, 93% used [0x0000000080000000,0x0000000083e5c530,0x0000000084300000)
 Metaspace       used 49446K, committed 50880K, reserved 1114112K
  class space    used 5400K, committed 6016K, reserved 1048576K
}

