# JRE version: OpenJDK Runtime Environment Temurin-17.0.4.1+1 (17.0.4.1+1) (build 17.0.4.1+1)
# Java VM: OpenJDK 64-Bit Server VM Temurin-17.0.4.1+1 (17.0.4.1+1, mixed mode, tiered, compressed oops, compressed class ptrs, parallel gc, windows-amd64)
GC Precious Log:
 CPUs: 8 total, 8 available
 Memory: 16167M
 Large Page Support: Disabled
 NUMA Support: Disabled
 Compressed Oops: Enabled (32-bit)
 Alignments: Space 512K, Generation 512K, Heap 2M
 Heap Min Capacity: 100M
 Heap Initial Capacity: 100M
 Heap Max Capacity: 1G
 Pre-touch: Disabled
 Parallel Workers: 8
Heap:
 PSYoungGen      total 22016K, used 8639K [0x00000000eab00000, 0x00000000ec280000, 0x0000000100000000)
  eden space 20992K, 37% used [0x00000000eab00000,0x00000000eb2c0c40,0x00000000ebf80000)
  from space 1024K, 68% used [0x00000000ec180000,0x00000000ec22f270,0x00000000ec280000)
  to   space 1536K, 0% used [0x00000000ebf80000,0x00000000ebf80000,0x00000000ec100000)
 ParOldGen       total 68608K, used 23639K [0x00000000c0000000, 0x00000000c4300000, 0x00000000eab00000)
  object space 68608K, 34% used [0x00000000c0000000,0x00000000c1715c20,0x00000000c4300000)
 Metaspace       used 37609K, committed 38208K, reserved 1089536K
  class space    used 3835K, committed 4096K, reserved 1048576K
GC Heap History (20 events):
Event: 16.576 GC heap before
{Heap before GC invocations=9 (full 1):
 PSYoungGen      total 25600K, used 25598K [0x00000000eab00000, 0x00000000ec780000, 0x0000000100000000)
  eden space 24064K, 99% used [0x00000000eab00000,0x00000000ec27ffe8,0x00000000ec280000)
  from space 1536K, 99% used [0x00000000ec500000,0x00000000ec67fa00,0x00000000ec680000)
  to   space 1024K, 0% used [0x00000000ec680000,0x00000000ec680000,0x00000000ec780000)
 ParOldGen       total 68608K, used 7944K [0x00000000c0000000, 0x00000000c4300000, 0x00000000eab00000)
  object space 68608K, 11% used [0x00000000c0000000,0x00000000c07c21c0,0x00000000c4300000)
 Metaspace       used 34473K, committed 35136K, reserved 1081344K
  class space    used 3488K, committed 3776K, reserved 1048576K
}
Event: 16.578 GC heap after
{Heap after GC invocations=9 (full 1):
 PSYoungGen      total 24576K, used 997K [0x00000000eab00000, 0x00000000ec900000, 0x0000000100000000)
  eden space 23552K, 0% used [0x00000000eab00000,0x00000000eab00000,0x00000000ec200000)
  from space 1024K, 97% used [0x00000000ec680000,0x00000000ec779760,0x00000000ec780000)
  to   space 3584K, 0% used [0x00000000ec200000,0x00000000ec200000,0x00000000ec580000)
 ParOldGen       total 68608K, used 10232K [0x00000000c0000000, 0x00000000c4300000, 0x00000000eab00000)
  object space 68608K, 14% used [0x00000000c0000000,0x00000000c09fe098,0x00000000c4300000)
 Metaspace       used 34473K, committed 35136K, reserved 1081344K
  class space    used 3488K, committed 3776K, reserved 1048576K
}
Event: 16.723 GC heap before
{Heap before GC invocations=10 (full 1):
 PSYoungGen      total 24576K, used 24549K [0x00000000eab00000, 0x00000000ec900000, 0x0000000100000000)
  eden space 23552K, 100% used [0x00000000eab00000,0x00000000ec200000,0x00000000ec200000)
  from space 1024K, 97% used [0x00000000ec680000,0x00000000ec779760,0x00000000ec780000)
  to   space 3584K, 0% used [0x00000000ec200000,0x00000000ec200000,0x00000000ec580000)
 ParOldGen       total 68608K, used 10232K [0x00000000c0000000, 0x00000000c4300000, 0x00000000eab00000)
  object space 68608K, 14% used [0x00000000c0000000,0x00000000c09fe098,0x00000000c4300000)
 Metaspace       used 34661K, committed 35264K, reserved 1081344K
  class space    used 3509K, committed 3776K, reserved 1048576K
}
Event: 16.725 GC heap after
{Heap after GC invocations=10 (full 1):
 PSYoungGen      total 26112K, used 2790K [0x00000000eab00000, 0x00000000ec780000, 0x0000000100000000)
  eden space 23040K, 0% used [0x00000000eab00000,0x00000000eab00000,0x00000000ec180000)
  from space 3072K, 90% used [0x00000000ec200000,0x00000000ec4b9938,0x00000000ec500000)
  to   space 2560K, 0% used [0x00000000ec500000,0x00000000ec500000,0x00000000ec780000)
 ParOldGen       total 68608K, used 10560K [0x00000000c0000000, 0x00000000c4300000, 0x00000000eab00000)
  object space 68608K, 15% used [0x00000000c0000000,0x00000000c0a501a8,0x00000000c4300000)
 Metaspace       used 34661K, committed 35264K, reserved 1081344K
  class space    used 3509K, committed 3776K, reserved 1048576K
}
Event: 16.830 GC heap before
{Heap before GC invocations=11 (full 1):
 PSYoungGen      total 26112K, used 25830K [0x00000000eab00000, 0x00000000ec780000, 0x0000000100000000)
  eden space 23040K, 100% used [0x00000000eab00000,0x00000000ec180000,0x00000000ec180000)
  from space 3072K, 90% used [0x00000000ec200000,0x00000000ec4b9938,0x00000000ec500000)
  to   space 2560K, 0% used [0x00000000ec500000,0x00000000ec500000,0x00000000ec780000)
 ParOldGen       total 68608K, used 10560K [0x00000000c0000000, 0x00000000c4300000, 0x00000000eab00000)
  object space 68608K, 15% used [0x00000000c0000000,0x00000000c0a501a8,0x00000000c4300000)
 Metaspace       used 34747K, committed 35328K, reserved 1081344K
  class space    used 3521K, committed 3776K, reserved 1048576K
}
Event: 16.833 GC heap after
{Heap after GC invocations=11 (full 1):
 PSYoungGen      total 23552K, used 2528K [0x00000000eab00000, 0x00000000ecc00000, 0x0000000100000000)
  eden space 20992K, 0% used [0x00000000eab00000,0x00000000eab00000,0x00000000ebf80000)
  from space 2560K, 98% used [0x00000000ec500000,0x00000000ec778020,0x00000000ec780000)
  to   space 5632K, 0% used [0x00000000ebf80000,0x00000000ebf80000,0x00000000ec500000)
 ParOldGen       total 68608K, used 13033K [0x00000000c0000000, 0x00000000c4300000, 0x00000000eab00000)
  object space 68608K, 18% used [0x00000000c0000000,0x00000000c0cba770,0x00000000c4300000)
 Metaspace       used 34747K, committed 35328K, reserved 1081344K
  class space    used 3521K, committed 3776K, reserved 1048576K
}
Event: 16.905 GC heap before
{Heap before GC invocations=12 (full 1):
 PSYoungGen      total 23552K, used 23520K [0x00000000eab00000, 0x00000000ecc00000, 0x0000000100000000)
  eden space 20992K, 100% used [0x00000000eab00000,0x00000000ebf80000,0x00000000ebf80000)
  from space 2560K, 98% used [0x00000000ec500000,0x00000000ec778020,0x00000000ec780000)
  to   space 5632K, 0% used [0x00000000ebf80000,0x00000000ebf80000,0x00000000ec500000)
 ParOldGen       total 68608K, used 13033K [0x00000000c0000000, 0x00000000c4300000, 0x00000000eab00000)
  object space 68608K, 18% used [0x00000000c0000000,0x00000000c0cba770,0x00000000c4300000)
 Metaspace       used 34749K, committed 35328K, reserved 1081344K
  class space    used 3521K, committed 3776K, reserved 1048576K
}
Event: 16.909 GC heap after
{Heap after GC invocations=12 (full 1):
 PSYoungGen      total 23040K, used 1920K [0x00000000eab00000, 0x00000000ec580000, 0x0000000100000000)
  eden space 20992K, 0% used [0x00000000eab00000,0x00000000eab00000,0x00000000ebf80000)
  from space 2048K, 93% used [0x00000000ebf80000,0x00000000ec160000,0x00000000ec180000)
  to   space 3072K, 0% used [0x00000000ec280000,0x00000000ec280000,0x00000000ec580000)
 ParOldGen       total 68608K, used 15577K [0x00000000c0000000, 0x00000000c4300000, 0x00000000eab00000)
  object space 68608K, 22% used [0x00000000c0000000,0x00000000c0f367b0,0x00000000c4300000)
 Metaspace       used 34749K, committed 35328K, reserved 1081344K
  class space    used 3521K, committed 3776K, reserved 1048576K
}
Event: 16.947 GC heap before
{Heap before GC invocations=13 (full 1):
 PSYoungGen      total 23040K, used 22912K [0x00000000eab00000, 0x00000000ec580000, 0x0000000100000000)
  eden space 20992K, 100% used [0x00000000eab00000,0x00000000ebf80000,0x00000000ebf80000)
  from space 2048K, 93% used [0x00000000ebf80000,0x00000000ec160000,0x00000000ec180000)
  to   space 3072K, 0% used [0x00000000ec280000,0x00000000ec280000,0x00000000ec580000)
 ParOldGen       total 68608K, used 15577K [0x00000000c0000000, 0x00000000c4300000, 0x00000000eab00000)
  object space 68608K, 22% used [0x00000000c0000000,0x00000000c0f367b0,0x00000000c4300000)
 Metaspace       used 34749K, committed 35328K, reserved 1081344K
  class space    used 3521K, committed 3776K, reserved 1048576K
}
Event: 16.950 GC heap after
{Heap after GC invocations=13 (full 1):
 PSYoungGen      total 23040K, used 2048K [0x00000000eab00000, 0x00000000ec480000, 0x0000000100000000)
  eden space 20992K, 0% used [0x00000000eab00000,0x00000000eab00000,0x00000000ebf80000)
  from space 2048K, 100% used [0x00000000ec280000,0x00000000ec480000,0x00000000ec480000)
  to   space 2560K, 0% used [0x00000000ebf80000,0x00000000ebf80000,0x00000000ec200000)
 ParOldGen       total 68608K, used 17353K [0x00000000c0000000, 0x00000000c4300000, 0x00000000eab00000)
  object space 68608K, 25% used [0x00000000c0000000,0x00000000c10f27b0,0x00000000c4300000)
 Metaspace       used 34749K, committed 35328K, reserved 1081344K
  class space    used 3521K, committed 3776K, reserved 1048576K
}
Event: 16.993 GC heap before
{Heap before GC invocations=14 (full 1):
 PSYoungGen      total 23040K, used 23040K [0x00000000eab00000, 0x00000000ec480000, 0x0000000100000000)
  eden space 20992K, 100% used [0x00000000eab00000,0x00000000ebf80000,0x00000000ebf80000)
  from space 2048K, 100% used [0x00000000ec280000,0x00000000ec480000,0x00000000ec480000)
  to   space 2560K, 0% used [0x00000000ebf80000,0x00000000ebf80000,0x00000000ec200000)
 ParOldGen       total 68608K, used 17353K [0x00000000c0000000, 0x00000000c4300000, 0x00000000eab00000)
  object space 68608K, 25% used [0x00000000c0000000,0x00000000c10f27b0,0x00000000c4300000)
 Metaspace       used 34749K, committed 35328K, reserved 1081344K
  class space    used 3521K, committed 3776K, reserved 1048576K
}
Event: 16.995 GC heap after
{Heap after GC invocations=14 (full 1):
 PSYoungGen      total 23552K, used 2112K [0x00000000eab00000, 0x00000000ec480000, 0x0000000100000000)
  eden space 20992K, 0% used [0x00000000eab00000,0x00000000eab00000,0x00000000ebf80000)
  from space 2560K, 82% used [0x00000000ebf80000,0x00000000ec190010,0x00000000ec200000)
  to   space 2560K, 0% used [0x00000000ec200000,0x00000000ec200000,0x00000000ec480000)
 ParOldGen       total 68608K, used 19265K [0x00000000c0000000, 0x00000000c4300000, 0x00000000eab00000)
  object space 68608K, 28% used [0x00000000c0000000,0x00000000c12d07b0,0x00000000c4300000)
 Metaspace       used 34749K, committed 35328K, reserved 1081344K
  class space    used 3521K, committed 3776K, reserved 1048576K
}
Event: 17.198 GC heap before
{Heap before GC invocations=15 (full 1):
 PSYoungGen      total 23552K, used 16630K [0x00000000eab00000, 0x00000000ec480000, 0x0000000100000000)
  eden space 20992K, 69% used [0x00000000eab00000,0x00000000eb92dab0,0x00000000ebf80000)
  from space 2560K, 82% used [0x00000000ebf80000,0x00000000ec190010,0x00000000ec200000)
  to   space 2560K, 0% used [0x00000000ec200000,0x00000000ec200000,0x00000000ec480000)
 ParOldGen       total 68608K, used 19265K [0x00000000c0000000, 0x00000000c4300000, 0x00000000eab00000)
  object space 68608K, 28% used [0x00000000c0000000,0x00000000c12d07b0,0x00000000c4300000)
 Metaspace       used 35213K, committed 35840K, reserved 1089536K
  class space    used 3567K, committed 3840K, reserved 1048576K
}
Event: 17.201 GC heap after
{Heap after GC invocations=15 (full 1):
 PSYoungGen      total 23552K, used 2212K [0x00000000eab00000, 0x00000000ec480000, 0x0000000100000000)
  eden space 20992K, 0% used [0x00000000eab00000,0x00000000eab00000,0x00000000ebf80000)
  from space 2560K, 86% used [0x00000000ec200000,0x00000000ec4293d0,0x00000000ec480000)
  to   space 2560K, 0% used [0x00000000ebf80000,0x00000000ebf80000,0x00000000ec200000)
 ParOldGen       total 68608K, used 21265K [0x00000000c0000000, 0x00000000c4300000, 0x00000000eab00000)
  object space 68608K, 30% used [0x00000000c0000000,0x00000000c14c47c0,0x00000000c4300000)
 Metaspace       used 35213K, committed 35840K, reserved 1089536K
  class space    used 3567K, committed 3840K, reserved 1048576K
}
Event: 17.201 GC heap before
{Heap before GC invocations=16 (full 2):
 PSYoungGen      total 23552K, used 2212K [0x00000000eab00000, 0x00000000ec480000, 0x0000000100000000)
  eden space 20992K, 0% used [0x00000000eab00000,0x00000000eab00000,0x00000000ebf80000)
  from space 2560K, 86% used [0x00000000ec200000,0x00000000ec4293d0,0x00000000ec480000)
  to   space 2560K, 0% used [0x00000000ebf80000,0x00000000ebf80000,0x00000000ec200000)
 ParOldGen       total 68608K, used 21265K [0x00000000c0000000, 0x00000000c4300000, 0x00000000eab00000)
  object space 68608K, 30% used [0x00000000c0000000,0x00000000c14c47c0,0x00000000c4300000)
 Metaspace       used 35213K, committed 35840K, reserved 1089536K
  class space    used 3567K, committed 3840K, reserved 1048576K
}
Event: 17.228 GC heap after
{Heap after GC invocations=16 (full 2):
 PSYoungGen      total 23552K, used 0K [0x00000000eab00000, 0x00000000ec480000, 0x0000000100000000)
  eden space 20992K, 0% used [0x00000000eab00000,0x00000000eab00000,0x00000000ebf80000)
  from space 2560K, 0% used [0x00000000ec200000,0x00000000ec200000,0x00000000ec480000)
  to   space 2560K, 0% used [0x00000000ebf80000,0x00000000ebf80000,0x00000000ec200000)
 ParOldGen       total 68608K, used 22693K [0x00000000c0000000, 0x00000000c4300000, 0x00000000eab00000)
  object space 68608K, 33% used [0x00000000c0000000,0x00000000c1629598,0x00000000c4300000)
 Metaspace       used 35213K, committed 35840K, reserved 1089536K
  class space    used 3567K, committed 3840K, reserved 1048576K
}
Event: 17.802 GC heap before
{Heap before GC invocations=17 (full 2):
 PSYoungGen      total 23552K, used 20992K [0x00000000eab00000, 0x00000000ec480000, 0x0000000100000000)
  eden space 20992K, 100% used [0x00000000eab00000,0x00000000ebf80000,0x00000000ebf80000)
  from space 2560K, 0% used [0x00000000ec200000,0x00000000ec200000,0x00000000ec480000)
  to   space 2560K, 0% used [0x00000000ebf80000,0x00000000ebf80000,0x00000000ec200000)
 ParOldGen       total 68608K, used 22693K [0x00000000c0000000, 0x00000000c4300000, 0x00000000eab00000)
  object space 68608K, 33% used [0x00000000c0000000,0x00000000c1629598,0x00000000c4300000)
 Metaspace       used 37385K, committed 38016K, reserved 1089536K
  class space    used 3828K, committed 4096K, reserved 1048576K
}
Event: 17.803 GC heap after
{Heap after GC invocations=17 (full 2):
 PSYoungGen      total 23040K, used 1727K [0x00000000eab00000, 0x00000000ec380000, 0x0000000100000000)
  eden space 20992K, 0% used [0x00000000eab00000,0x00000000eab00000,0x00000000ebf80000)
  from space 2048K, 84% used [0x00000000ebf80000,0x00000000ec12fde0,0x00000000ec180000)
  to   space 2048K, 0% used [0x00000000ec180000,0x00000000ec180000,0x00000000ec380000)
 ParOldGen       total 68608K, used 22701K [0x00000000c0000000, 0x00000000c4300000, 0x00000000eab00000)
  object space 68608K, 33% used [0x00000000c0000000,0x00000000c162b598,0x00000000c4300000)
 Metaspace       used 37385K, committed 38016K, reserved 1089536K
  class space    used 3828K, committed 4096K, reserved 1048576K
}
Event: 18.545 GC heap before
{Heap before GC invocations=18 (full 2):
 PSYoungGen      total 23040K, used 22719K [0x00000000eab00000, 0x00000000ec380000, 0x0000000100000000)
  eden space 20992K, 100% used [0x00000000eab00000,0x00000000ebf80000,0x00000000ebf80000)
  from space 2048K, 84% used [0x00000000ebf80000,0x00000000ec12fde0,0x00000000ec180000)
  to   space 2048K, 0% used [0x00000000ec180000,0x00000000ec180000,0x00000000ec380000)
 ParOldGen       total 68608K, used 22701K [0x00000000c0000000, 0x00000000c4300000, 0x00000000eab00000)
  object space 68608K, 33% used [0x00000000c0000000,0x00000000c162b598,0x00000000c4300000)
 Metaspace       used 37417K, committed 38016K, reserved 1089536K
  class space    used 3828K, committed 4096K, reserved 1048576K
}
Event: 18.546 GC heap after
{Heap after GC invocations=18 (full 2):
 PSYoungGen      total 22016K, used 700K [0x00000000eab00000, 0x00000000ec280000, 0x0000000100000000)
  eden space 20992K, 0% used [0x00000000eab00000,0x00000000eab00000,0x00000000ebf80000)
  from space 1024K, 68% used [0x00000000ec180000,0x00000000ec22f270,0x00000000ec280000)
  to   space 1536K, 0% used [0x00000000ebf80000,0x00000000ebf80000,0x00000000ec100000)
 ParOldGen       total 68608K, used 23639K [0x00000000c0000000, 0x00000000c4300000, 0x00000000eab00000)
  object space 68608K, 34% used [0x00000000c0000000,0x00000000c1715c20,0x00000000c4300000)
 Metaspace       used 37417K, committed 38016K, reserved 1089536K
  class space    used 3828K, committed 4096K, reserved 1048576K
}

