# JRE version: OpenJDK Runtime Environment Temurin-17.0.4.1+1 (17.0.4.1+1) (build 17.0.4.1+1)
# Java VM: OpenJDK 64-Bit Server VM Temurin-17.0.4.1+1 (17.0.4.1+1, mixed mode, tiered, compressed oops, compressed class ptrs, parallel gc, windows-amd64)
GC Precious Log:
 CPUs: 8 total, 8 available
 Memory: 16167M
 Large Page Support: Disabled
 NUMA Support: Disabled
 Compressed Oops: Enabled (32-bit)
 Alignments: Space 512K, Generation 512K, Heap 2M
 Heap Min Capacity: 100M
 Heap Initial Capacity: 100M
 Heap Max Capacity: 1G
 Pre-touch: Disabled
 Parallel Workers: 8
Heap:
 PSYoungGen      total 20992K, used 18384K [0x00000000eab00000, 0x00000000ec380000, 0x0000000100000000)
  eden space 19968K, 87% used [0x00000000eab00000,0x00000000ebbfb250,0x00000000ebe80000)
  from space 1024K, 97% used [0x00000000ebf00000,0x00000000ebff8e00,0x00000000ec000000)
  to   space 2560K, 0% used [0x00000000ec100000,0x00000000ec100000,0x00000000ec380000)
 ParOldGen       total 68608K, used 33149K [0x00000000c0000000, 0x00000000c4300000, 0x00000000eab00000)
  object space 68608K, 48% used [0x00000000c0000000,0x00000000c205f760,0x00000000c4300000)
 Metaspace       used 50954K, committed 51904K, reserved 1097728K
  class space    used 5506K, committed 5888K, reserved 1048576K
GC Heap History (20 events):
Event: 21.252 GC heap before
{Heap before GC invocations=16 (full 2):
 PSYoungGen      total 25088K, used 24895K [0x00000000eab00000, 0x00000000ec680000, 0x0000000100000000)
  eden space 22016K, 100% used [0x00000000eab00000,0x00000000ec080000,0x00000000ec080000)
  from space 3072K, 93% used [0x00000000ec100000,0x00000000ec3cfc68,0x00000000ec400000)
  to   space 2560K, 0% used [0x00000000ec400000,0x00000000ec400000,0x00000000ec680000)
 ParOldGen       total 68608K, used 15171K [0x00000000c0000000, 0x00000000c4300000, 0x00000000eab00000)
  object space 68608K, 22% used [0x00000000c0000000,0x00000000c0ed0c70,0x00000000c4300000)
 Metaspace       used 46262K, committed 47232K, reserved 1097728K
  class space    used 5001K, committed 5440K, reserved 1048576K
}
Event: 21.254 GC heap after
{Heap after GC invocations=16 (full 2):
 PSYoungGen      total 24064K, used 1872K [0x00000000eab00000, 0x00000000ec600000, 0x0000000100000000)
  eden space 22016K, 0% used [0x00000000eab00000,0x00000000eab00000,0x00000000ec080000)
  from space 2048K, 91% used [0x00000000ec400000,0x00000000ec5d4030,0x00000000ec600000)
  to   space 2560K, 0% used [0x00000000ec100000,0x00000000ec100000,0x00000000ec380000)
 ParOldGen       total 68608K, used 17968K [0x00000000c0000000, 0x00000000c4300000, 0x00000000eab00000)
  object space 68608K, 26% used [0x00000000c0000000,0x00000000c118c148,0x00000000c4300000)
 Metaspace       used 46262K, committed 47232K, reserved 1097728K
  class space    used 5001K, committed 5440K, reserved 1048576K
}
Event: 21.466 GC heap before
{Heap before GC invocations=17 (full 2):
 PSYoungGen      total 24064K, used 23888K [0x00000000eab00000, 0x00000000ec600000, 0x0000000100000000)
  eden space 22016K, 100% used [0x00000000eab00000,0x00000000ec080000,0x00000000ec080000)
  from space 2048K, 91% used [0x00000000ec400000,0x00000000ec5d4030,0x00000000ec600000)
  to   space 2560K, 0% used [0x00000000ec100000,0x00000000ec100000,0x00000000ec380000)
 ParOldGen       total 68608K, used 17968K [0x00000000c0000000, 0x00000000c4300000, 0x00000000eab00000)
  object space 68608K, 26% used [0x00000000c0000000,0x00000000c118c148,0x00000000c4300000)
 Metaspace       used 46451K, committed 47360K, reserved 1097728K
  class space    used 5021K, committed 5440K, reserved 1048576K
}
Event: 21.468 GC heap after
{Heap after GC invocations=17 (full 2):
 PSYoungGen      total 24064K, used 1888K [0x00000000eab00000, 0x00000000ec480000, 0x0000000100000000)
  eden space 22016K, 0% used [0x00000000eab00000,0x00000000eab00000,0x00000000ec080000)
  from space 2048K, 92% used [0x00000000ec100000,0x00000000ec2d8010,0x00000000ec300000)
  to   space 1536K, 0% used [0x00000000ec300000,0x00000000ec300000,0x00000000ec480000)
 ParOldGen       total 68608K, used 19656K [0x00000000c0000000, 0x00000000c4300000, 0x00000000eab00000)
  object space 68608K, 28% used [0x00000000c0000000,0x00000000c1332188,0x00000000c4300000)
 Metaspace       used 46451K, committed 47360K, reserved 1097728K
  class space    used 5021K, committed 5440K, reserved 1048576K
}
Event: 21.568 GC heap before
{Heap before GC invocations=18 (full 2):
 PSYoungGen      total 24064K, used 23904K [0x00000000eab00000, 0x00000000ec480000, 0x0000000100000000)
  eden space 22016K, 100% used [0x00000000eab00000,0x00000000ec080000,0x00000000ec080000)
  from space 2048K, 92% used [0x00000000ec100000,0x00000000ec2d8010,0x00000000ec300000)
  to   space 1536K, 0% used [0x00000000ec300000,0x00000000ec300000,0x00000000ec480000)
 ParOldGen       total 68608K, used 19656K [0x00000000c0000000, 0x00000000c4300000, 0x00000000eab00000)
  object space 68608K, 28% used [0x00000000c0000000,0x00000000c1332188,0x00000000c4300000)
 Metaspace       used 46520K, committed 47424K, reserved 1097728K
  class space    used 5032K, committed 5440K, reserved 1048576K
}
Event: 21.570 GC heap after
{Heap after GC invocations=18 (full 2):
 PSYoungGen      total 21504K, used 1504K [0x00000000eab00000, 0x00000000ec980000, 0x0000000100000000)
  eden space 19968K, 0% used [0x00000000eab00000,0x00000000eab00000,0x00000000ebe80000)
  from space 1536K, 97% used [0x00000000ec300000,0x00000000ec478020,0x00000000ec480000)
  to   space 4608K, 0% used [0x00000000ebe80000,0x00000000ebe80000,0x00000000ec300000)
 ParOldGen       total 68608K, used 22233K [0x00000000c0000000, 0x00000000c4300000, 0x00000000eab00000)
  object space 68608K, 32% used [0x00000000c0000000,0x00000000c15b64f0,0x00000000c4300000)
 Metaspace       used 46520K, committed 47424K, reserved 1097728K
  class space    used 5032K, committed 5440K, reserved 1048576K
}
Event: 21.596 GC heap before
{Heap before GC invocations=19 (full 2):
 PSYoungGen      total 21504K, used 21472K [0x00000000eab00000, 0x00000000ec980000, 0x0000000100000000)
  eden space 19968K, 100% used [0x00000000eab00000,0x00000000ebe80000,0x00000000ebe80000)
  from space 1536K, 97% used [0x00000000ec300000,0x00000000ec478020,0x00000000ec480000)
  to   space 4608K, 0% used [0x00000000ebe80000,0x00000000ebe80000,0x00000000ec300000)
 ParOldGen       total 68608K, used 22233K [0x00000000c0000000, 0x00000000c4300000, 0x00000000eab00000)
  object space 68608K, 32% used [0x00000000c0000000,0x00000000c15b64f0,0x00000000c4300000)
 Metaspace       used 46520K, committed 47424K, reserved 1097728K
  class space    used 5032K, committed 5440K, reserved 1048576K
}
Event: 21.598 GC heap after
{Heap after GC invocations=19 (full 2):
 PSYoungGen      total 22016K, used 1824K [0x00000000eab00000, 0x00000000ec480000, 0x0000000100000000)
  eden space 19968K, 0% used [0x00000000eab00000,0x00000000eab00000,0x00000000ebe80000)
  from space 2048K, 89% used [0x00000000ebe80000,0x00000000ec048000,0x00000000ec080000)
  to   space 3072K, 0% used [0x00000000ec180000,0x00000000ec180000,0x00000000ec480000)
 ParOldGen       total 68608K, used 23760K [0x00000000c0000000, 0x00000000c4300000, 0x00000000eab00000)
  object space 68608K, 34% used [0x00000000c0000000,0x00000000c17342c8,0x00000000c4300000)
 Metaspace       used 46520K, committed 47424K, reserved 1097728K
  class space    used 5032K, committed 5440K, reserved 1048576K
}
Event: 21.622 GC heap before
{Heap before GC invocations=20 (full 2):
 PSYoungGen      total 22016K, used 21792K [0x00000000eab00000, 0x00000000ec480000, 0x0000000100000000)
  eden space 19968K, 100% used [0x00000000eab00000,0x00000000ebe80000,0x00000000ebe80000)
  from space 2048K, 89% used [0x00000000ebe80000,0x00000000ec048000,0x00000000ec080000)
  to   space 3072K, 0% used [0x00000000ec180000,0x00000000ec180000,0x00000000ec480000)
 ParOldGen       total 68608K, used 23760K [0x00000000c0000000, 0x00000000c4300000, 0x00000000eab00000)
  object space 68608K, 34% used [0x00000000c0000000,0x00000000c17342c8,0x00000000c4300000)
 Metaspace       used 46520K, committed 47424K, reserved 1097728K
  class space    used 5032K, committed 5440K, reserved 1048576K
}
Event: 21.625 GC heap after
{Heap after GC invocations=20 (full 2):
 PSYoungGen      total 22016K, used 1984K [0x00000000eab00000, 0x00000000ec380000, 0x0000000100000000)
  eden space 19968K, 0% used [0x00000000eab00000,0x00000000eab00000,0x00000000ebe80000)
  from space 2048K, 96% used [0x00000000ec180000,0x00000000ec370000,0x00000000ec380000)
  to   space 2560K, 0% used [0x00000000ebe80000,0x00000000ebe80000,0x00000000ec100000)
 ParOldGen       total 68608K, used 25480K [0x00000000c0000000, 0x00000000c4300000, 0x00000000eab00000)
  object space 68608K, 37% used [0x00000000c0000000,0x00000000c18e22c8,0x00000000c4300000)
 Metaspace       used 46520K, committed 47424K, reserved 1097728K
  class space    used 5032K, committed 5440K, reserved 1048576K
}
Event: 21.690 GC heap before
{Heap before GC invocations=21 (full 2):
 PSYoungGen      total 22016K, used 21952K [0x00000000eab00000, 0x00000000ec380000, 0x0000000100000000)
  eden space 19968K, 100% used [0x00000000eab00000,0x00000000ebe80000,0x00000000ebe80000)
  from space 2048K, 96% used [0x00000000ec180000,0x00000000ec370000,0x00000000ec380000)
  to   space 2560K, 0% used [0x00000000ebe80000,0x00000000ebe80000,0x00000000ec100000)
 ParOldGen       total 68608K, used 25480K [0x00000000c0000000, 0x00000000c4300000, 0x00000000eab00000)
  object space 68608K, 37% used [0x00000000c0000000,0x00000000c18e22c8,0x00000000c4300000)
 Metaspace       used 46520K, committed 47424K, reserved 1097728K
  class space    used 5032K, committed 5440K, reserved 1048576K
}
Event: 21.692 GC heap after
{Heap after GC invocations=21 (full 2):
 PSYoungGen      total 22528K, used 2048K [0x00000000eab00000, 0x00000000ec380000, 0x0000000100000000)
  eden space 19968K, 0% used [0x00000000eab00000,0x00000000eab00000,0x00000000ebe80000)
  from space 2560K, 80% used [0x00000000ebe80000,0x00000000ec080010,0x00000000ec100000)
  to   space 2560K, 0% used [0x00000000ec100000,0x00000000ec100000,0x00000000ec380000)
 ParOldGen       total 68608K, used 27312K [0x00000000c0000000, 0x00000000c4300000, 0x00000000eab00000)
  object space 68608K, 39% used [0x00000000c0000000,0x00000000c1aac2c8,0x00000000c4300000)
 Metaspace       used 46520K, committed 47424K, reserved 1097728K
  class space    used 5032K, committed 5440K, reserved 1048576K
}
Event: 21.826 GC heap before
{Heap before GC invocations=22 (full 2):
 PSYoungGen      total 22528K, used 22016K [0x00000000eab00000, 0x00000000ec380000, 0x0000000100000000)
  eden space 19968K, 100% used [0x00000000eab00000,0x00000000ebe80000,0x00000000ebe80000)
  from space 2560K, 80% used [0x00000000ebe80000,0x00000000ec080010,0x00000000ec100000)
  to   space 2560K, 0% used [0x00000000ec100000,0x00000000ec100000,0x00000000ec380000)
 ParOldGen       total 68608K, used 27312K [0x00000000c0000000, 0x00000000c4300000, 0x00000000eab00000)
  object space 68608K, 39% used [0x00000000c0000000,0x00000000c1aac2c8,0x00000000c4300000)
 Metaspace       used 46875K, committed 47744K, reserved 1097728K
  class space    used 5057K, committed 5440K, reserved 1048576K
}
Event: 21.829 GC heap after
{Heap after GC invocations=22 (full 2):
 PSYoungGen      total 22528K, used 2192K [0x00000000eab00000, 0x00000000ec380000, 0x0000000100000000)
  eden space 19968K, 0% used [0x00000000eab00000,0x00000000eab00000,0x00000000ebe80000)
  from space 2560K, 85% used [0x00000000ec100000,0x00000000ec324010,0x00000000ec380000)
  to   space 2560K, 0% used [0x00000000ebe80000,0x00000000ebe80000,0x00000000ec100000)
 ParOldGen       total 68608K, used 29256K [0x00000000c0000000, 0x00000000c4300000, 0x00000000eab00000)
  object space 68608K, 42% used [0x00000000c0000000,0x00000000c1c922d8,0x00000000c4300000)
 Metaspace       used 46875K, committed 47744K, reserved 1097728K
  class space    used 5057K, committed 5440K, reserved 1048576K
}
Event: 22.624 GC heap before
{Heap before GC invocations=23 (full 2):
 PSYoungGen      total 22528K, used 22129K [0x00000000eab00000, 0x00000000ec380000, 0x0000000100000000)
  eden space 19968K, 99% used [0x00000000eab00000,0x00000000ebe784a8,0x00000000ebe80000)
  from space 2560K, 85% used [0x00000000ec100000,0x00000000ec324010,0x00000000ec380000)
  to   space 2560K, 0% used [0x00000000ebe80000,0x00000000ebe80000,0x00000000ec100000)
 ParOldGen       total 68608K, used 29256K [0x00000000c0000000, 0x00000000c4300000, 0x00000000eab00000)
  object space 68608K, 42% used [0x00000000c0000000,0x00000000c1c922d8,0x00000000c4300000)
 Metaspace       used 47975K, committed 48896K, reserved 1097728K
  class space    used 5172K, committed 5568K, reserved 1048576K
}
Event: 22.627 GC heap after
{Heap after GC invocations=23 (full 2):
 PSYoungGen      total 21504K, used 1088K [0x00000000eab00000, 0x00000000ec180000, 0x0000000100000000)
  eden space 19968K, 0% used [0x00000000eab00000,0x00000000eab00000,0x00000000ebe80000)
  from space 1536K, 70% used [0x00000000ebe80000,0x00000000ebf90000,0x00000000ec000000)
  to   space 1536K, 0% used [0x00000000ec000000,0x00000000ec000000,0x00000000ec180000)
 ParOldGen       total 68608K, used 31222K [0x00000000c0000000, 0x00000000c4300000, 0x00000000eab00000)
  object space 68608K, 45% used [0x00000000c0000000,0x00000000c1e7db58,0x00000000c4300000)
 Metaspace       used 47975K, committed 48896K, reserved 1097728K
  class space    used 5172K, committed 5568K, reserved 1048576K
}
Event: 23.200 GC heap before
{Heap before GC invocations=24 (full 2):
 PSYoungGen      total 21504K, used 21056K [0x00000000eab00000, 0x00000000ec180000, 0x0000000100000000)
  eden space 19968K, 100% used [0x00000000eab00000,0x00000000ebe80000,0x00000000ebe80000)
  from space 1536K, 70% used [0x00000000ebe80000,0x00000000ebf90000,0x00000000ec000000)
  to   space 1536K, 0% used [0x00000000ec000000,0x00000000ec000000,0x00000000ec180000)
 ParOldGen       total 68608K, used 31222K [0x00000000c0000000, 0x00000000c4300000, 0x00000000eab00000)
  object space 68608K, 45% used [0x00000000c0000000,0x00000000c1e7db58,0x00000000c4300000)
 Metaspace       used 50041K, committed 50944K, reserved 1097728K
  class space    used 5426K, committed 5824K, reserved 1048576K
}
Event: 23.201 GC heap after
{Heap after GC invocations=24 (full 2):
 PSYoungGen      total 20992K, used 726K [0x00000000eab00000, 0x00000000ec100000, 0x0000000100000000)
  eden space 19968K, 0% used [0x00000000eab00000,0x00000000eab00000,0x00000000ebe80000)
  from space 1024K, 70% used [0x00000000ec000000,0x00000000ec0b5a20,0x00000000ec100000)
  to   space 1024K, 0% used [0x00000000ebf00000,0x00000000ebf00000,0x00000000ec000000)
 ParOldGen       total 68608K, used 32247K [0x00000000c0000000, 0x00000000c4300000, 0x00000000eab00000)
  object space 68608K, 47% used [0x00000000c0000000,0x00000000c1f7ddc8,0x00000000c4300000)
 Metaspace       used 50041K, committed 50944K, reserved 1097728K
  class space    used 5426K, committed 5824K, reserved 1048576K
}
Event: 23.484 GC heap before
{Heap before GC invocations=25 (full 2):
 PSYoungGen      total 20992K, used 20694K [0x00000000eab00000, 0x00000000ec100000, 0x0000000100000000)
  eden space 19968K, 100% used [0x00000000eab00000,0x00000000ebe80000,0x00000000ebe80000)
  from space 1024K, 70% used [0x00000000ec000000,0x00000000ec0b5a20,0x00000000ec100000)
  to   space 1024K, 0% used [0x00000000ebf00000,0x00000000ebf00000,0x00000000ec000000)
 ParOldGen       total 68608K, used 32247K [0x00000000c0000000, 0x00000000c4300000, 0x00000000eab00000)
  object space 68608K, 47% used [0x00000000c0000000,0x00000000c1f7ddc8,0x00000000c4300000)
 Metaspace       used 50695K, committed 51584K, reserved 1097728K
  class space    used 5491K, committed 5888K, reserved 1048576K
}
Event: 23.486 GC heap after
{Heap after GC invocations=25 (full 2):
 PSYoungGen      total 20992K, used 995K [0x00000000eab00000, 0x00000000ec380000, 0x0000000100000000)
  eden space 19968K, 0% used [0x00000000eab00000,0x00000000eab00000,0x00000000ebe80000)
  from space 1024K, 97% used [0x00000000ebf00000,0x00000000ebff8e00,0x00000000ec000000)
  to   space 2560K, 0% used [0x00000000ec100000,0x00000000ec100000,0x00000000ec380000)
 ParOldGen       total 68608K, used 33149K [0x00000000c0000000, 0x00000000c4300000, 0x00000000eab00000)
  object space 68608K, 48% used [0x00000000c0000000,0x00000000c205f760,0x00000000c4300000)
 Metaspace       used 50695K, committed 51584K, reserved 1097728K
  class space    used 5491K, committed 5888K, reserved 1048576K
}

