# JRE version: OpenJDK Runtime Environment Temurin-17.0.4.1+1 (17.0.4.1+1) (build 17.0.4.1+1)
# Java VM: OpenJDK 64-Bit Server VM Temurin-17.0.4.1+1 (17.0.4.1+1, mixed mode, tiered, compressed oops, compressed class ptrs, parallel gc, windows-amd64)
GC Precious Log:
 CPUs: 8 total, 8 available
 Memory: 16167M
 Large Page Support: Disabled
 NUMA Support: Disabled
 Compressed Oops: Enabled (32-bit)
 Alignments: Space 512K, Generation 512K, Heap 2M
 Heap Min Capacity: 100M
 Heap Initial Capacity: 100M
 Heap Max Capacity: 1G
 Pre-touch: Disabled
 Parallel Workers: 8
Heap:
 PSYoungGen      total 22016K, used 20441K [0x00000000eab00000, 0x00000000ec180000, 0x0000000100000000)
  eden space 20992K, 92% used [0x00000000eab00000,0x00000000ebe0b058,0x00000000ebf80000)
  from space 1024K, 91% used [0x00000000ebf80000,0x00000000ec06b3a8,0x00000000ec080000)
  to   space 1024K, 0% used [0x00000000ec080000,0x00000000ec080000,0x00000000ec180000)
 ParOldGen       total 68608K, used 23656K [0x00000000c0000000, 0x00000000c4300000, 0x00000000eab00000)
  object space 68608K, 34% used [0x00000000c0000000,0x00000000c171a1b0,0x00000000c4300000)
 Metaspace       used 40855K, committed 41408K, reserved 1089536K
  class space    used 4153K, committed 4416K, reserved 1048576K
GC Heap History (20 events):
Event: 8.146 GC heap before
{Heap before GC invocations=10 (full 1):
 PSYoungGen      total 24576K, used 24562K [0x00000000eab00000, 0x00000000ec900000, 0x0000000100000000)
  eden space 23552K, 100% used [0x00000000eab00000,0x00000000ec200000,0x00000000ec200000)
  from space 1024K, 98% used [0x00000000ec680000,0x00000000ec77c9f0,0x00000000ec780000)
  to   space 3584K, 0% used [0x00000000ec200000,0x00000000ec200000,0x00000000ec580000)
 ParOldGen       total 68608K, used 10271K [0x00000000c0000000, 0x00000000c4300000, 0x00000000eab00000)
  object space 68608K, 14% used [0x00000000c0000000,0x00000000c0a07d88,0x00000000c4300000)
 Metaspace       used 34586K, committed 35072K, reserved 1081344K
  class space    used 3500K, committed 3712K, reserved 1048576K
}
Event: 8.148 GC heap after
{Heap after GC invocations=10 (full 1):
 PSYoungGen      total 26112K, used 2758K [0x00000000eab00000, 0x00000000ec780000, 0x0000000100000000)
  eden space 23040K, 0% used [0x00000000eab00000,0x00000000eab00000,0x00000000ec180000)
  from space 3072K, 89% used [0x00000000ec200000,0x00000000ec4b1938,0x00000000ec500000)
  to   space 2560K, 0% used [0x00000000ec500000,0x00000000ec500000,0x00000000ec780000)
 ParOldGen       total 68608K, used 10569K [0x00000000c0000000, 0x00000000c4300000, 0x00000000eab00000)
  object space 68608K, 15% used [0x00000000c0000000,0x00000000c0a524c8,0x00000000c4300000)
 Metaspace       used 34586K, committed 35072K, reserved 1081344K
  class space    used 3500K, committed 3712K, reserved 1048576K
}
Event: 8.201 GC heap before
{Heap before GC invocations=11 (full 1):
 PSYoungGen      total 26112K, used 25798K [0x00000000eab00000, 0x00000000ec780000, 0x0000000100000000)
  eden space 23040K, 100% used [0x00000000eab00000,0x00000000ec180000,0x00000000ec180000)
  from space 3072K, 89% used [0x00000000ec200000,0x00000000ec4b1938,0x00000000ec500000)
  to   space 2560K, 0% used [0x00000000ec500000,0x00000000ec500000,0x00000000ec780000)
 ParOldGen       total 68608K, used 10569K [0x00000000c0000000, 0x00000000c4300000, 0x00000000eab00000)
  object space 68608K, 15% used [0x00000000c0000000,0x00000000c0a524c8,0x00000000c4300000)
 Metaspace       used 34673K, committed 35136K, reserved 1081344K
  class space    used 3513K, committed 3712K, reserved 1048576K
}
Event: 8.203 GC heap after
{Heap after GC invocations=11 (full 1):
 PSYoungGen      total 23552K, used 2528K [0x00000000eab00000, 0x00000000ecc00000, 0x0000000100000000)
  eden space 20992K, 0% used [0x00000000eab00000,0x00000000eab00000,0x00000000ebf80000)
  from space 2560K, 98% used [0x00000000ec500000,0x00000000ec778020,0x00000000ec780000)
  to   space 5632K, 0% used [0x00000000ebf80000,0x00000000ebf80000,0x00000000ec500000)
 ParOldGen       total 68608K, used 13045K [0x00000000c0000000, 0x00000000c4300000, 0x00000000eab00000)
  object space 68608K, 19% used [0x00000000c0000000,0x00000000c0cbd6a0,0x00000000c4300000)
 Metaspace       used 34673K, committed 35136K, reserved 1081344K
  class space    used 3513K, committed 3712K, reserved 1048576K
}
Event: 8.231 GC heap before
{Heap before GC invocations=12 (full 1):
 PSYoungGen      total 23552K, used 23520K [0x00000000eab00000, 0x00000000ecc00000, 0x0000000100000000)
  eden space 20992K, 100% used [0x00000000eab00000,0x00000000ebf80000,0x00000000ebf80000)
  from space 2560K, 98% used [0x00000000ec500000,0x00000000ec778020,0x00000000ec780000)
  to   space 5632K, 0% used [0x00000000ebf80000,0x00000000ebf80000,0x00000000ec500000)
 ParOldGen       total 68608K, used 13045K [0x00000000c0000000, 0x00000000c4300000, 0x00000000eab00000)
  object space 68608K, 19% used [0x00000000c0000000,0x00000000c0cbd6a0,0x00000000c4300000)
 Metaspace       used 34675K, committed 35136K, reserved 1081344K
  class space    used 3513K, committed 3712K, reserved 1048576K
}
Event: 8.234 GC heap after
{Heap after GC invocations=12 (full 1):
 PSYoungGen      total 23040K, used 1856K [0x00000000eab00000, 0x00000000ec580000, 0x0000000100000000)
  eden space 20992K, 0% used [0x00000000eab00000,0x00000000eab00000,0x00000000ebf80000)
  from space 2048K, 90% used [0x00000000ebf80000,0x00000000ec150000,0x00000000ec180000)
  to   space 3072K, 0% used [0x00000000ec280000,0x00000000ec280000,0x00000000ec580000)
 ParOldGen       total 68608K, used 15597K [0x00000000c0000000, 0x00000000c4300000, 0x00000000eab00000)
  object space 68608K, 22% used [0x00000000c0000000,0x00000000c0f3b478,0x00000000c4300000)
 Metaspace       used 34675K, committed 35136K, reserved 1081344K
  class space    used 3513K, committed 3712K, reserved 1048576K
}
Event: 8.263 GC heap before
{Heap before GC invocations=13 (full 1):
 PSYoungGen      total 23040K, used 22848K [0x00000000eab00000, 0x00000000ec580000, 0x0000000100000000)
  eden space 20992K, 100% used [0x00000000eab00000,0x00000000ebf80000,0x00000000ebf80000)
  from space 2048K, 90% used [0x00000000ebf80000,0x00000000ec150000,0x00000000ec180000)
  to   space 3072K, 0% used [0x00000000ec280000,0x00000000ec280000,0x00000000ec580000)
 ParOldGen       total 68608K, used 15597K [0x00000000c0000000, 0x00000000c4300000, 0x00000000eab00000)
  object space 68608K, 22% used [0x00000000c0000000,0x00000000c0f3b478,0x00000000c4300000)
 Metaspace       used 34675K, committed 35136K, reserved 1081344K
  class space    used 3513K, committed 3712K, reserved 1048576K
}
Event: 8.265 GC heap after
{Heap after GC invocations=13 (full 1):
 PSYoungGen      total 23040K, used 2048K [0x00000000eab00000, 0x00000000ec480000, 0x0000000100000000)
  eden space 20992K, 0% used [0x00000000eab00000,0x00000000eab00000,0x00000000ebf80000)
  from space 2048K, 100% used [0x00000000ec280000,0x00000000ec480000,0x00000000ec480000)
  to   space 2560K, 0% used [0x00000000ebf80000,0x00000000ebf80000,0x00000000ec200000)
 ParOldGen       total 68608K, used 17405K [0x00000000c0000000, 0x00000000c4300000, 0x00000000eab00000)
  object space 68608K, 25% used [0x00000000c0000000,0x00000000c10ff478,0x00000000c4300000)
 Metaspace       used 34675K, committed 35136K, reserved 1081344K
  class space    used 3513K, committed 3712K, reserved 1048576K
}
Event: 8.287 GC heap before
{Heap before GC invocations=14 (full 1):
 PSYoungGen      total 23040K, used 23040K [0x00000000eab00000, 0x00000000ec480000, 0x0000000100000000)
  eden space 20992K, 100% used [0x00000000eab00000,0x00000000ebf80000,0x00000000ebf80000)
  from space 2048K, 100% used [0x00000000ec280000,0x00000000ec480000,0x00000000ec480000)
  to   space 2560K, 0% used [0x00000000ebf80000,0x00000000ebf80000,0x00000000ec200000)
 ParOldGen       total 68608K, used 17405K [0x00000000c0000000, 0x00000000c4300000, 0x00000000eab00000)
  object space 68608K, 25% used [0x00000000c0000000,0x00000000c10ff478,0x00000000c4300000)
 Metaspace       used 34675K, committed 35136K, reserved 1081344K
  class space    used 3513K, committed 3712K, reserved 1048576K
}
Event: 8.289 GC heap after
{Heap after GC invocations=14 (full 1):
 PSYoungGen      total 23552K, used 2080K [0x00000000eab00000, 0x00000000ec480000, 0x0000000100000000)
  eden space 20992K, 0% used [0x00000000eab00000,0x00000000eab00000,0x00000000ebf80000)
  from space 2560K, 81% used [0x00000000ebf80000,0x00000000ec188010,0x00000000ec200000)
  to   space 2560K, 0% used [0x00000000ec200000,0x00000000ec200000,0x00000000ec480000)
 ParOldGen       total 68608K, used 19325K [0x00000000c0000000, 0x00000000c4300000, 0x00000000eab00000)
  object space 68608K, 28% used [0x00000000c0000000,0x00000000c12df478,0x00000000c4300000)
 Metaspace       used 34675K, committed 35136K, reserved 1081344K
  class space    used 3513K, committed 3712K, reserved 1048576K
}
Event: 11.805 GC heap before
{Heap before GC invocations=15 (full 1):
 PSYoungGen      total 23552K, used 17428K [0x00000000eab00000, 0x00000000ec480000, 0x0000000100000000)
  eden space 20992K, 73% used [0x00000000eab00000,0x00000000eb9fd0a0,0x00000000ebf80000)
  from space 2560K, 81% used [0x00000000ebf80000,0x00000000ec188010,0x00000000ec200000)
  to   space 2560K, 0% used [0x00000000ec200000,0x00000000ec200000,0x00000000ec480000)
 ParOldGen       total 68608K, used 19325K [0x00000000c0000000, 0x00000000c4300000, 0x00000000eab00000)
  object space 68608K, 28% used [0x00000000c0000000,0x00000000c12df478,0x00000000c4300000)
 Metaspace       used 35310K, committed 35840K, reserved 1081344K
  class space    used 3588K, committed 3776K, reserved 1048576K
}
Event: 11.808 GC heap after
{Heap after GC invocations=15 (full 1):
 PSYoungGen      total 23552K, used 2180K [0x00000000eab00000, 0x00000000ec480000, 0x0000000100000000)
  eden space 20992K, 0% used [0x00000000eab00000,0x00000000eab00000,0x00000000ebf80000)
  from space 2560K, 85% used [0x00000000ec200000,0x00000000ec4213d0,0x00000000ec480000)
  to   space 2560K, 0% used [0x00000000ebf80000,0x00000000ebf80000,0x00000000ec200000)
 ParOldGen       total 68608K, used 21317K [0x00000000c0000000, 0x00000000c4300000, 0x00000000eab00000)
  object space 68608K, 31% used [0x00000000c0000000,0x00000000c14d1488,0x00000000c4300000)
 Metaspace       used 35310K, committed 35840K, reserved 1081344K
  class space    used 3588K, committed 3776K, reserved 1048576K
}
Event: 11.808 GC heap before
{Heap before GC invocations=16 (full 2):
 PSYoungGen      total 23552K, used 2180K [0x00000000eab00000, 0x00000000ec480000, 0x0000000100000000)
  eden space 20992K, 0% used [0x00000000eab00000,0x00000000eab00000,0x00000000ebf80000)
  from space 2560K, 85% used [0x00000000ec200000,0x00000000ec4213d0,0x00000000ec480000)
  to   space 2560K, 0% used [0x00000000ebf80000,0x00000000ebf80000,0x00000000ec200000)
 ParOldGen       total 68608K, used 21317K [0x00000000c0000000, 0x00000000c4300000, 0x00000000eab00000)
  object space 68608K, 31% used [0x00000000c0000000,0x00000000c14d1488,0x00000000c4300000)
 Metaspace       used 35310K, committed 35840K, reserved 1081344K
  class space    used 3588K, committed 3776K, reserved 1048576K
}
Event: 11.832 GC heap after
{Heap after GC invocations=16 (full 2):
 PSYoungGen      total 23552K, used 0K [0x00000000eab00000, 0x00000000ec480000, 0x0000000100000000)
  eden space 20992K, 0% used [0x00000000eab00000,0x00000000eab00000,0x00000000ebf80000)
  from space 2560K, 0% used [0x00000000ec200000,0x00000000ec200000,0x00000000ec480000)
  to   space 2560K, 0% used [0x00000000ebf80000,0x00000000ebf80000,0x00000000ec200000)
 ParOldGen       total 68608K, used 22703K [0x00000000c0000000, 0x00000000c4300000, 0x00000000eab00000)
  object space 68608K, 33% used [0x00000000c0000000,0x00000000c162bca8,0x00000000c4300000)
 Metaspace       used 35310K, committed 35840K, reserved 1081344K
  class space    used 3588K, committed 3776K, reserved 1048576K
}
Event: 12.020 GC heap before
{Heap before GC invocations=17 (full 2):
 PSYoungGen      total 23552K, used 20992K [0x00000000eab00000, 0x00000000ec480000, 0x0000000100000000)
  eden space 20992K, 100% used [0x00000000eab00000,0x00000000ebf80000,0x00000000ebf80000)
  from space 2560K, 0% used [0x00000000ec200000,0x00000000ec200000,0x00000000ec480000)
  to   space 2560K, 0% used [0x00000000ebf80000,0x00000000ebf80000,0x00000000ec200000)
 ParOldGen       total 68608K, used 22703K [0x00000000c0000000, 0x00000000c4300000, 0x00000000eab00000)
  object space 68608K, 33% used [0x00000000c0000000,0x00000000c162bca8,0x00000000c4300000)
 Metaspace       used 37202K, committed 37760K, reserved 1089536K
  class space    used 3847K, committed 4096K, reserved 1048576K
}
Event: 12.021 GC heap after
{Heap after GC invocations=17 (full 2):
 PSYoungGen      total 22016K, used 694K [0x00000000eab00000, 0x00000000ec280000, 0x0000000100000000)
  eden space 20992K, 0% used [0x00000000eab00000,0x00000000eab00000,0x00000000ebf80000)
  from space 1024K, 67% used [0x00000000ebf80000,0x00000000ec02da20,0x00000000ec080000)
  to   space 1536K, 0% used [0x00000000ec100000,0x00000000ec100000,0x00000000ec280000)
 ParOldGen       total 68608K, used 22711K [0x00000000c0000000, 0x00000000c4300000, 0x00000000eab00000)
  object space 68608K, 33% used [0x00000000c0000000,0x00000000c162dca8,0x00000000c4300000)
 Metaspace       used 37202K, committed 37760K, reserved 1089536K
  class space    used 3847K, committed 4096K, reserved 1048576K
}
Event: 12.295 GC heap before
{Heap before GC invocations=18 (full 2):
 PSYoungGen      total 22016K, used 21686K [0x00000000eab00000, 0x00000000ec280000, 0x0000000100000000)
  eden space 20992K, 100% used [0x00000000eab00000,0x00000000ebf80000,0x00000000ebf80000)
  from space 1024K, 67% used [0x00000000ebf80000,0x00000000ec02da20,0x00000000ec080000)
  to   space 1536K, 0% used [0x00000000ec100000,0x00000000ec100000,0x00000000ec280000)
 ParOldGen       total 68608K, used 22711K [0x00000000c0000000, 0x00000000c4300000, 0x00000000eab00000)
  object space 68608K, 33% used [0x00000000c0000000,0x00000000c162dca8,0x00000000c4300000)
 Metaspace       used 39545K, committed 40128K, reserved 1089536K
  class space    used 4026K, committed 4224K, reserved 1048576K
}
Event: 12.296 GC heap after
{Heap after GC invocations=18 (full 2):
 PSYoungGen      total 21504K, used 512K [0x00000000eab00000, 0x00000000ec180000, 0x0000000100000000)
  eden space 20992K, 0% used [0x00000000eab00000,0x00000000eab00000,0x00000000ebf80000)
  from space 512K, 100% used [0x00000000ec100000,0x00000000ec180000,0x00000000ec180000)
  to   space 1024K, 0% used [0x00000000ebf80000,0x00000000ebf80000,0x00000000ec080000)
 ParOldGen       total 68608K, used 23224K [0x00000000c0000000, 0x00000000c4300000, 0x00000000eab00000)
  object space 68608K, 33% used [0x00000000c0000000,0x00000000c16ae1b0,0x00000000c4300000)
 Metaspace       used 39545K, committed 40128K, reserved 1089536K
  class space    used 4026K, committed 4224K, reserved 1048576K
}
Event: 12.333 GC heap before
{Heap before GC invocations=19 (full 2):
 PSYoungGen      total 21504K, used 21504K [0x00000000eab00000, 0x00000000ec180000, 0x0000000100000000)
  eden space 20992K, 100% used [0x00000000eab00000,0x00000000ebf80000,0x00000000ebf80000)
  from space 512K, 100% used [0x00000000ec100000,0x00000000ec180000,0x00000000ec180000)
  to   space 1024K, 0% used [0x00000000ebf80000,0x00000000ebf80000,0x00000000ec080000)
 ParOldGen       total 68608K, used 23224K [0x00000000c0000000, 0x00000000c4300000, 0x00000000eab00000)
  object space 68608K, 33% used [0x00000000c0000000,0x00000000c16ae1b0,0x00000000c4300000)
 Metaspace       used 39606K, committed 40192K, reserved 1089536K
  class space    used 4029K, committed 4224K, reserved 1048576K
}
Event: 12.334 GC heap after
{Heap after GC invocations=19 (full 2):
 PSYoungGen      total 22016K, used 940K [0x00000000eab00000, 0x00000000ec180000, 0x0000000100000000)
  eden space 20992K, 0% used [0x00000000eab00000,0x00000000eab00000,0x00000000ebf80000)
  from space 1024K, 91% used [0x00000000ebf80000,0x00000000ec06b3a8,0x00000000ec080000)
  to   space 1024K, 0% used [0x00000000ec080000,0x00000000ec080000,0x00000000ec180000)
 ParOldGen       total 68608K, used 23656K [0x00000000c0000000, 0x00000000c4300000, 0x00000000eab00000)
  object space 68608K, 34% used [0x00000000c0000000,0x00000000c171a1b0,0x00000000c4300000)
 Metaspace       used 39606K, committed 40192K, reserved 1089536K
  class space    used 4029K, committed 4224K, reserved 1048576K
}

