# JRE version: OpenJDK Runtime Environment Temurin-17.0.4.1+1 (17.0.4.1+1) (build 17.0.4.1+1)
# Java VM: OpenJDK 64-Bit Server VM Temurin-17.0.4.1+1 (17.0.4.1+1, mixed mode, tiered, compressed oops, compressed class ptrs, parallel gc, windows-amd64)
GC Precious Log:
 CPUs: 8 total, 8 available
 Memory: 16167M
 Large Page Support: Disabled
 NUMA Support: Disabled
 Compressed Oops: Enabled (32-bit)
 Alignments: Space 512K, Generation 512K, Heap 2M
 Heap Min Capacity: 100M
 Heap Initial Capacity: 100M
 Heap Max Capacity: 1G
 Pre-touch: Disabled
 Parallel Workers: 8
Heap:
 PSYoungGen      total 2560K, used 1050K [0x00000000eab00000, 0x00000000eaf00000, 0x0000000100000000)
  eden space 1536K, 47% used [0x00000000eab00000,0x00000000eabb68f0,0x00000000eac80000)
  from space 1024K, 31% used [0x00000000ead00000,0x00000000ead50000,0x00000000eae00000)
  to   space 512K, 0% used [0x00000000eae80000,0x00000000eae80000,0x00000000eaf00000)
 ParOldGen       total 121856K, used 114725K [0x00000000c0000000, 0x00000000c7700000, 0x00000000eab00000)
  object space 121856K, 94% used [0x00000000c0000000,0x00000000c70097b0,0x00000000c7700000)
 Metaspace       used 66458K, committed 67520K, reserved 1114112K
  class space    used 6784K, committed 7232K, reserved 1048576K
GC Heap History (20 events):
Event: 75.879 GC heap before
{Heap before GC invocations=146 (full 7):
 PSYoungGen      total 2560K, used 2282K [0x00000000eab00000, 0x00000000eae80000, 0x0000000100000000)
  eden space 1536K, 100% used [0x00000000eab00000,0x00000000eac80000,0x00000000eac80000)
  from space 1024K, 72% used [0x00000000eac80000,0x00000000ead3a910,0x00000000ead80000)
  to   space 1024K, 0% used [0x00000000ead80000,0x00000000ead80000,0x00000000eae80000)
 ParOldGen       total 90112K, used 75032K [0x00000000c0000000, 0x00000000c5800000, 0x00000000eab00000)
  object space 90112K, 83% used [0x00000000c0000000,0x00000000c49463f8,0x00000000c5800000)
 Metaspace       used 66398K, committed 67456K, reserved 1114112K
  class space    used 6784K, committed 7232K, reserved 1048576K
}
Event: 75.881 GC heap after
{Heap after GC invocations=146 (full 7):
 PSYoungGen      total 2560K, used 778K [0x00000000eab00000, 0x00000000eae80000, 0x0000000100000000)
  eden space 1536K, 0% used [0x00000000eab00000,0x00000000eab00000,0x00000000eac80000)
  from space 1024K, 76% used [0x00000000ead80000,0x00000000eae42910,0x00000000eae80000)
  to   space 1024K, 0% used [0x00000000eac80000,0x00000000eac80000,0x00000000ead80000)
 ParOldGen       total 90112K, used 75717K [0x00000000c0000000, 0x00000000c5800000, 0x00000000eab00000)
  object space 90112K, 84% used [0x00000000c0000000,0x00000000c49f1618,0x00000000c5800000)
 Metaspace       used 66398K, committed 67456K, reserved 1114112K
  class space    used 6784K, committed 7232K, reserved 1048576K
}
Event: 75.892 GC heap before
{Heap before GC invocations=147 (full 7):
 PSYoungGen      total 2560K, used 2314K [0x00000000eab00000, 0x00000000eae80000, 0x0000000100000000)
  eden space 1536K, 100% used [0x00000000eab00000,0x00000000eac80000,0x00000000eac80000)
  from space 1024K, 76% used [0x00000000ead80000,0x00000000eae42910,0x00000000eae80000)
  to   space 1024K, 0% used [0x00000000eac80000,0x00000000eac80000,0x00000000ead80000)
 ParOldGen       total 90112K, used 75717K [0x00000000c0000000, 0x00000000c5800000, 0x00000000eab00000)
  object space 90112K, 84% used [0x00000000c0000000,0x00000000c49f1618,0x00000000c5800000)
 Metaspace       used 66403K, committed 67456K, reserved 1114112K
  class space    used 6784K, committed 7232K, reserved 1048576K
}
Event: 75.893 GC heap after
{Heap after GC invocations=147 (full 7):
 PSYoungGen      total 2560K, used 698K [0x00000000eab00000, 0x00000000eae80000, 0x0000000100000000)
  eden space 1536K, 0% used [0x00000000eab00000,0x00000000eab00000,0x00000000eac80000)
  from space 1024K, 68% used [0x00000000eac80000,0x00000000ead2e900,0x00000000ead80000)
  to   space 1024K, 0% used [0x00000000ead80000,0x00000000ead80000,0x00000000eae80000)
 ParOldGen       total 90112K, used 76346K [0x00000000c0000000, 0x00000000c5800000, 0x00000000eab00000)
  object space 90112K, 84% used [0x00000000c0000000,0x00000000c4a8e838,0x00000000c5800000)
 Metaspace       used 66403K, committed 67456K, reserved 1114112K
  class space    used 6784K, committed 7232K, reserved 1048576K
}
Event: 75.900 GC heap before
{Heap before GC invocations=148 (full 7):
 PSYoungGen      total 2560K, used 2234K [0x00000000eab00000, 0x00000000eae80000, 0x0000000100000000)
  eden space 1536K, 100% used [0x00000000eab00000,0x00000000eac80000,0x00000000eac80000)
  from space 1024K, 68% used [0x00000000eac80000,0x00000000ead2e900,0x00000000ead80000)
  to   space 1024K, 0% used [0x00000000ead80000,0x00000000ead80000,0x00000000eae80000)
 ParOldGen       total 90112K, used 76346K [0x00000000c0000000, 0x00000000c5800000, 0x00000000eab00000)
  object space 90112K, 84% used [0x00000000c0000000,0x00000000c4a8e838,0x00000000c5800000)
 Metaspace       used 66416K, committed 67456K, reserved 1114112K
  class space    used 6784K, committed 7232K, reserved 1048576K
}
Event: 75.901 GC heap after
{Heap after GC invocations=148 (full 7):
 PSYoungGen      total 2560K, used 704K [0x00000000eab00000, 0x00000000eae80000, 0x0000000100000000)
  eden space 1536K, 0% used [0x00000000eab00000,0x00000000eab00000,0x00000000eac80000)
  from space 1024K, 68% used [0x00000000ead80000,0x00000000eae30000,0x00000000eae80000)
  to   space 1024K, 0% used [0x00000000eac80000,0x00000000eac80000,0x00000000ead80000)
 ParOldGen       total 90112K, used 76910K [0x00000000c0000000, 0x00000000c5800000, 0x00000000eab00000)
  object space 90112K, 85% used [0x00000000c0000000,0x00000000c4b1ba58,0x00000000c5800000)
 Metaspace       used 66416K, committed 67456K, reserved 1114112K
  class space    used 6784K, committed 7232K, reserved 1048576K
}
Event: 75.910 GC heap before
{Heap before GC invocations=149 (full 7):
 PSYoungGen      total 2560K, used 2240K [0x00000000eab00000, 0x00000000eae80000, 0x0000000100000000)
  eden space 1536K, 100% used [0x00000000eab00000,0x00000000eac80000,0x00000000eac80000)
  from space 1024K, 68% used [0x00000000ead80000,0x00000000eae30000,0x00000000eae80000)
  to   space 1024K, 0% used [0x00000000eac80000,0x00000000eac80000,0x00000000ead80000)
 ParOldGen       total 90112K, used 76910K [0x00000000c0000000, 0x00000000c5800000, 0x00000000eab00000)
  object space 90112K, 85% used [0x00000000c0000000,0x00000000c4b1ba58,0x00000000c5800000)
 Metaspace       used 66419K, committed 67456K, reserved 1114112K
  class space    used 6784K, committed 7232K, reserved 1048576K
}
Event: 75.911 GC heap after
{Heap after GC invocations=149 (full 7):
 PSYoungGen      total 2560K, used 794K [0x00000000eab00000, 0x00000000eae80000, 0x0000000100000000)
  eden space 1536K, 0% used [0x00000000eab00000,0x00000000eab00000,0x00000000eac80000)
  from space 1024K, 77% used [0x00000000eac80000,0x00000000ead46900,0x00000000ead80000)
  to   space 1024K, 0% used [0x00000000ead80000,0x00000000ead80000,0x00000000eae80000)
 ParOldGen       total 90112K, used 77518K [0x00000000c0000000, 0x00000000c5800000, 0x00000000eab00000)
  object space 90112K, 86% used [0x00000000c0000000,0x00000000c4bb3a58,0x00000000c5800000)
 Metaspace       used 66419K, committed 67456K, reserved 1114112K
  class space    used 6784K, committed 7232K, reserved 1048576K
}
Event: 75.937 GC heap before
{Heap before GC invocations=150 (full 7):
 PSYoungGen      total 2560K, used 2266K [0x00000000eab00000, 0x00000000eae80000, 0x0000000100000000)
  eden space 1536K, 95% used [0x00000000eab00000,0x00000000eac6ff30,0x00000000eac80000)
  from space 1024K, 77% used [0x00000000eac80000,0x00000000ead46900,0x00000000ead80000)
  to   space 1024K, 0% used [0x00000000ead80000,0x00000000ead80000,0x00000000eae80000)
 ParOldGen       total 90112K, used 77518K [0x00000000c0000000, 0x00000000c5800000, 0x00000000eab00000)
  object space 90112K, 86% used [0x00000000c0000000,0x00000000c4bb3a58,0x00000000c5800000)
 Metaspace       used 66425K, committed 67456K, reserved 1114112K
  class space    used 6784K, committed 7232K, reserved 1048576K
}
Event: 75.938 GC heap after
{Heap after GC invocations=150 (full 7):
 PSYoungGen      total 2560K, used 781K [0x00000000eab00000, 0x00000000eae80000, 0x0000000100000000)
  eden space 1536K, 0% used [0x00000000eab00000,0x00000000eab00000,0x00000000eac80000)
  from space 1024K, 76% used [0x00000000ead80000,0x00000000eae435c8,0x00000000eae80000)
  to   space 1024K, 0% used [0x00000000eac80000,0x00000000eac80000,0x00000000ead80000)
 ParOldGen       total 90112K, used 78171K [0x00000000c0000000, 0x00000000c5800000, 0x00000000eab00000)
  object space 90112K, 86% used [0x00000000c0000000,0x00000000c4c56c78,0x00000000c5800000)
 Metaspace       used 66425K, committed 67456K, reserved 1114112K
  class space    used 6784K, committed 7232K, reserved 1048576K
}
Event: 75.948 GC heap before
{Heap before GC invocations=151 (full 7):
 PSYoungGen      total 2560K, used 2308K [0x00000000eab00000, 0x00000000eae80000, 0x0000000100000000)
  eden space 1536K, 99% used [0x00000000eab00000,0x00000000eac7dd40,0x00000000eac80000)
  from space 1024K, 76% used [0x00000000ead80000,0x00000000eae435c8,0x00000000eae80000)
  to   space 1024K, 0% used [0x00000000eac80000,0x00000000eac80000,0x00000000ead80000)
 ParOldGen       total 90112K, used 79070K [0x00000000c0000000, 0x00000000c5800000, 0x00000000eab00000)
  object space 90112K, 87% used [0x00000000c0000000,0x00000000c4d37a38,0x00000000c5800000)
 Metaspace       used 66425K, committed 67456K, reserved 1114112K
  class space    used 6784K, committed 7232K, reserved 1048576K
}
Event: 75.949 GC heap after
{Heap after GC invocations=151 (full 7):
 PSYoungGen      total 2560K, used 1017K [0x00000000eab00000, 0x00000000eb180000, 0x0000000100000000)
  eden space 1536K, 0% used [0x00000000eab00000,0x00000000eab00000,0x00000000eac80000)
  from space 1024K, 99% used [0x00000000eac80000,0x00000000ead7e468,0x00000000ead80000)
  to   space 2560K, 0% used [0x00000000eaf00000,0x00000000eaf00000,0x00000000eb180000)
 ParOldGen       total 90112K, used 80243K [0x00000000c0000000, 0x00000000c5800000, 0x00000000eab00000)
  object space 90112K, 89% used [0x00000000c0000000,0x00000000c4e5cfb8,0x00000000c5800000)
 Metaspace       used 66425K, committed 67456K, reserved 1114112K
  class space    used 6784K, committed 7232K, reserved 1048576K
}
Event: 75.954 GC heap before
{Heap before GC invocations=152 (full 7):
 PSYoungGen      total 2560K, used 2550K [0x00000000eab00000, 0x00000000eb180000, 0x0000000100000000)
  eden space 1536K, 99% used [0x00000000eab00000,0x00000000eac7f448,0x00000000eac80000)
  from space 1024K, 99% used [0x00000000eac80000,0x00000000ead7e468,0x00000000ead80000)
  to   space 2560K, 0% used [0x00000000eaf00000,0x00000000eaf00000,0x00000000eb180000)
 ParOldGen       total 90112K, used 80243K [0x00000000c0000000, 0x00000000c5800000, 0x00000000eab00000)
  object space 90112K, 89% used [0x00000000c0000000,0x00000000c4e5cfb8,0x00000000c5800000)
 Metaspace       used 66425K, committed 67456K, reserved 1114112K
  class space    used 6784K, committed 7232K, reserved 1048576K
}
Event: 75.956 GC heap after
{Heap after GC invocations=152 (full 7):
 PSYoungGen      total 3584K, used 1686K [0x00000000eab00000, 0x00000000eb100000, 0x0000000100000000)
  eden space 1536K, 0% used [0x00000000eab00000,0x00000000eab00000,0x00000000eac80000)
  from space 2048K, 82% used [0x00000000eaf00000,0x00000000eb0a5ba0,0x00000000eb100000)
  to   space 2048K, 0% used [0x00000000ead00000,0x00000000ead00000,0x00000000eaf00000)
 ParOldGen       total 90112K, used 81200K [0x00000000c0000000, 0x00000000c5800000, 0x00000000eab00000)
  object space 90112K, 90% used [0x00000000c0000000,0x00000000c4f4c178,0x00000000c5800000)
 Metaspace       used 66425K, committed 67456K, reserved 1114112K
  class space    used 6784K, committed 7232K, reserved 1048576K
}
Event: 75.962 GC heap before
{Heap before GC invocations=153 (full 7):
 PSYoungGen      total 3584K, used 3222K [0x00000000eab00000, 0x00000000eb100000, 0x0000000100000000)
  eden space 1536K, 99% used [0x00000000eab00000,0x00000000eac7fff0,0x00000000eac80000)
  from space 2048K, 82% used [0x00000000eaf00000,0x00000000eb0a5ba0,0x00000000eb100000)
  to   space 2048K, 0% used [0x00000000ead00000,0x00000000ead00000,0x00000000eaf00000)
 ParOldGen       total 90112K, used 81200K [0x00000000c0000000, 0x00000000c5800000, 0x00000000eab00000)
  object space 90112K, 90% used [0x00000000c0000000,0x00000000c4f4c178,0x00000000c5800000)
 Metaspace       used 66426K, committed 67456K, reserved 1114112K
  class space    used 6784K, committed 7232K, reserved 1048576K
}
Event: 75.964 GC heap after
{Heap after GC invocations=153 (full 7):
 PSYoungGen      total 3072K, used 1225K [0x00000000eab00000, 0x00000000eaf80000, 0x0000000100000000)
  eden space 1536K, 0% used [0x00000000eab00000,0x00000000eab00000,0x00000000eac80000)
  from space 1536K, 79% used [0x00000000ead00000,0x00000000eae326b8,0x00000000eae80000)
  to   space 1024K, 0% used [0x00000000eae80000,0x00000000eae80000,0x00000000eaf80000)
 ParOldGen       total 90112K, used 82731K [0x00000000c0000000, 0x00000000c5800000, 0x00000000eab00000)
  object space 90112K, 91% used [0x00000000c0000000,0x00000000c50cae50,0x00000000c5800000)
 Metaspace       used 66426K, committed 67456K, reserved 1114112K
  class space    used 6784K, committed 7232K, reserved 1048576K
}
Event: 75.986 GC heap before
{Heap before GC invocations=154 (full 7):
 PSYoungGen      total 3072K, used 2761K [0x00000000eab00000, 0x00000000eaf80000, 0x0000000100000000)
  eden space 1536K, 100% used [0x00000000eab00000,0x00000000eac80000,0x00000000eac80000)
  from space 1536K, 79% used [0x00000000ead00000,0x00000000eae326b8,0x00000000eae80000)
  to   space 1024K, 0% used [0x00000000eae80000,0x00000000eae80000,0x00000000eaf80000)
 ParOldGen       total 90112K, used 82731K [0x00000000c0000000, 0x00000000c5800000, 0x00000000eab00000)
  object space 90112K, 91% used [0x00000000c0000000,0x00000000c50cae50,0x00000000c5800000)
 Metaspace       used 66429K, committed 67456K, reserved 1114112K
  class space    used 6784K, committed 7232K, reserved 1048576K
}
Event: 75.987 GC heap after
{Heap after GC invocations=154 (full 7):
 PSYoungGen      total 2048K, used 416K [0x00000000eab00000, 0x00000000eaf00000, 0x0000000100000000)
  eden space 1536K, 0% used [0x00000000eab00000,0x00000000eab00000,0x00000000eac80000)
  from space 512K, 81% used [0x00000000eae80000,0x00000000eaee8000,0x00000000eaf00000)
  to   space 1024K, 0% used [0x00000000ead00000,0x00000000ead00000,0x00000000eae00000)
 ParOldGen       total 90112K, used 83733K [0x00000000c0000000, 0x00000000c5800000, 0x00000000eab00000)
  object space 90112K, 92% used [0x00000000c0000000,0x00000000c51c5780,0x00000000c5800000)
 Metaspace       used 66429K, committed 67456K, reserved 1114112K
  class space    used 6784K, committed 7232K, reserved 1048576K
}
Event: 76.012 GC heap before
{Heap before GC invocations=155 (full 7):
 PSYoungGen      total 2048K, used 1952K [0x00000000eab00000, 0x00000000eaf00000, 0x0000000100000000)
  eden space 1536K, 100% used [0x00000000eab00000,0x00000000eac80000,0x00000000eac80000)
  from space 512K, 81% used [0x00000000eae80000,0x00000000eaee8000,0x00000000eaf00000)
  to   space 1024K, 0% used [0x00000000ead00000,0x00000000ead00000,0x00000000eae00000)
 ParOldGen       total 121856K, used 114453K [0x00000000c0000000, 0x00000000c7700000, 0x00000000eab00000)
  object space 121856K, 93% used [0x00000000c0000000,0x00000000c6fc57b0,0x00000000c7700000)
 Metaspace       used 66444K, committed 67456K, reserved 1114112K
  class space    used 6784K, committed 7232K, reserved 1048576K
}
Event: 76.013 GC heap after
{Heap after GC invocations=155 (full 7):
 PSYoungGen      total 2560K, used 320K [0x00000000eab00000, 0x00000000eaf00000, 0x0000000100000000)
  eden space 1536K, 0% used [0x00000000eab00000,0x00000000eab00000,0x00000000eac80000)
  from space 1024K, 31% used [0x00000000ead00000,0x00000000ead50000,0x00000000eae00000)
  to   space 512K, 0% used [0x00000000eae80000,0x00000000eae80000,0x00000000eaf00000)
 ParOldGen       total 121856K, used 114725K [0x00000000c0000000, 0x00000000c7700000, 0x00000000eab00000)
  object space 121856K, 94% used [0x00000000c0000000,0x00000000c70097b0,0x00000000c7700000)
 Metaspace       used 66444K, committed 67456K, reserved 1114112K
  class space    used 6784K, committed 7232K, reserved 1048576K
}

