# JRE version: OpenJDK Runtime Environment Temurin-17.0.4.1+1 (17.0.4.1+1) (build 17.0.4.1+1)
# Java VM: OpenJDK 64-Bit Server VM Temurin-17.0.4.1+1 (17.0.4.1+1, mixed mode, tiered, compressed oops, compressed class ptrs, parallel gc, windows-amd64)
GC Precious Log:
 CPUs: 8 total, 8 available
 Memory: 16167M
 Large Page Support: Disabled
 NUMA Support: Disabled
 Compressed Oops: Enabled (32-bit)
 Alignments: Space 512K, Generation 512K, Heap 2M
 Heap Min Capacity: 100M
 Heap Initial Capacity: 100M
 Heap Max Capacity: 1G
 Pre-touch: Disabled
 Parallel Workers: 8
Heap:
 PSYoungGen      total 16384K, used 8603K [0x00000000eab00000, 0x00000000ec700000, 0x0000000100000000)
  eden space 15360K, 49% used [0x00000000eab00000,0x00000000eb26a8a0,0x00000000eba00000)
  from space 1024K, 98% used [0x00000000ebf00000,0x00000000ebffc660,0x00000000ec000000)
  to   space 5120K, 0% used [0x00000000eba00000,0x00000000eba00000,0x00000000ebf00000)
 ParOldGen       total 68608K, used 46823K [0x00000000c0000000, 0x00000000c4300000, 0x00000000eab00000)
  object space 68608K, 68% used [0x00000000c0000000,0x00000000c2db9cd0,0x00000000c4300000)
 Metaspace       used 52991K, committed 53888K, reserved 1097728K
  class space    used 5691K, committed 6080K, reserved 1048576K
GC Heap History (20 events):
Event: 16.409 GC heap before
{Heap before GC invocations=23 (full 2):
 PSYoungGen      total 19968K, used 19952K [0x00000000eab00000, 0x00000000ec500000, 0x0000000100000000)
  eden space 18432K, 100% used [0x00000000eab00000,0x00000000ebd00000,0x00000000ebd00000)
  from space 1536K, 98% used [0x00000000ec080000,0x00000000ec1fc010,0x00000000ec200000)
  to   space 3584K, 0% used [0x00000000ebd00000,0x00000000ebd00000,0x00000000ec080000)
 ParOldGen       total 68608K, used 30730K [0x00000000c0000000, 0x00000000c4300000, 0x00000000eab00000)
  object space 68608K, 44% used [0x00000000c0000000,0x00000000c1e02ab0,0x00000000c4300000)
 Metaspace       used 48215K, committed 49152K, reserved 1097728K
  class space    used 5189K, committed 5568K, reserved 1048576K
}
Event: 16.412 GC heap after
{Heap after GC invocations=23 (full 2):
 PSYoungGen      total 18944K, used 352K [0x00000000eab00000, 0x00000000ec100000, 0x0000000100000000)
  eden space 18432K, 0% used [0x00000000eab00000,0x00000000eab00000,0x00000000ebd00000)
  from space 512K, 68% used [0x00000000ebd00000,0x00000000ebd58000,0x00000000ebd80000)
  to   space 1536K, 0% used [0x00000000ebf80000,0x00000000ebf80000,0x00000000ec100000)
 ParOldGen       total 68608K, used 32218K [0x00000000c0000000, 0x00000000c4300000, 0x00000000eab00000)
  object space 68608K, 46% used [0x00000000c0000000,0x00000000c1f76ac0,0x00000000c4300000)
 Metaspace       used 48215K, committed 49152K, reserved 1097728K
  class space    used 5189K, committed 5568K, reserved 1048576K
}
Event: 16.798 GC heap before
{Heap before GC invocations=24 (full 2):
 PSYoungGen      total 18944K, used 18781K [0x00000000eab00000, 0x00000000ec100000, 0x0000000100000000)
  eden space 18432K, 99% used [0x00000000eab00000,0x00000000ebcff550,0x00000000ebd00000)
  from space 512K, 68% used [0x00000000ebd00000,0x00000000ebd58000,0x00000000ebd80000)
  to   space 1536K, 0% used [0x00000000ebf80000,0x00000000ebf80000,0x00000000ec100000)
 ParOldGen       total 68608K, used 32218K [0x00000000c0000000, 0x00000000c4300000, 0x00000000eab00000)
  object space 68608K, 46% used [0x00000000c0000000,0x00000000c1f76ac0,0x00000000c4300000)
 Metaspace       used 49961K, committed 50880K, reserved 1097728K
  class space    used 5354K, committed 5760K, reserved 1048576K
}
Event: 16.801 GC heap after
{Heap after GC invocations=24 (full 2):
 PSYoungGen      total 19456K, used 664K [0x00000000eab00000, 0x00000000ec080000, 0x0000000100000000)
  eden space 18432K, 0% used [0x00000000eab00000,0x00000000eab00000,0x00000000ebd00000)
  from space 1024K, 64% used [0x00000000ebf80000,0x00000000ec026340,0x00000000ec080000)
  to   space 1024K, 0% used [0x00000000ebe80000,0x00000000ebe80000,0x00000000ebf80000)
 ParOldGen       total 68608K, used 32531K [0x00000000c0000000, 0x00000000c4300000, 0x00000000eab00000)
  object space 68608K, 47% used [0x00000000c0000000,0x00000000c1fc4f30,0x00000000c4300000)
 Metaspace       used 49961K, committed 50880K, reserved 1097728K
  class space    used 5354K, committed 5760K, reserved 1048576K
}
Event: 17.158 GC heap before
{Heap before GC invocations=25 (full 2):
 PSYoungGen      total 19456K, used 19096K [0x00000000eab00000, 0x00000000ec080000, 0x0000000100000000)
  eden space 18432K, 100% used [0x00000000eab00000,0x00000000ebd00000,0x00000000ebd00000)
  from space 1024K, 64% used [0x00000000ebf80000,0x00000000ec026340,0x00000000ec080000)
  to   space 1024K, 0% used [0x00000000ebe80000,0x00000000ebe80000,0x00000000ebf80000)
 ParOldGen       total 68608K, used 32531K [0x00000000c0000000, 0x00000000c4300000, 0x00000000eab00000)
  object space 68608K, 47% used [0x00000000c0000000,0x00000000c1fc4f30,0x00000000c4300000)
 Metaspace       used 50516K, committed 51392K, reserved 1097728K
  class space    used 5407K, committed 5824K, reserved 1048576K
}
Event: 17.160 GC heap after
{Heap after GC invocations=25 (full 2):
 PSYoungGen      total 19456K, used 992K [0x00000000eab00000, 0x00000000ec200000, 0x0000000100000000)
  eden space 18432K, 0% used [0x00000000eab00000,0x00000000eab00000,0x00000000ebd00000)
  from space 1024K, 96% used [0x00000000ebe80000,0x00000000ebf78010,0x00000000ebf80000)
  to   space 2560K, 0% used [0x00000000ebf80000,0x00000000ebf80000,0x00000000ec200000)
 ParOldGen       total 68608K, used 33781K [0x00000000c0000000, 0x00000000c4300000, 0x00000000eab00000)
  object space 68608K, 49% used [0x00000000c0000000,0x00000000c20fd458,0x00000000c4300000)
 Metaspace       used 50516K, committed 51392K, reserved 1097728K
  class space    used 5407K, committed 5824K, reserved 1048576K
}
Event: 17.461 GC heap before
{Heap before GC invocations=26 (full 2):
 PSYoungGen      total 19456K, used 19424K [0x00000000eab00000, 0x00000000ec200000, 0x0000000100000000)
  eden space 18432K, 100% used [0x00000000eab00000,0x00000000ebd00000,0x00000000ebd00000)
  from space 1024K, 96% used [0x00000000ebe80000,0x00000000ebf78010,0x00000000ebf80000)
  to   space 2560K, 0% used [0x00000000ebf80000,0x00000000ebf80000,0x00000000ec200000)
 ParOldGen       total 68608K, used 33781K [0x00000000c0000000, 0x00000000c4300000, 0x00000000eab00000)
  object space 68608K, 49% used [0x00000000c0000000,0x00000000c20fd458,0x00000000c4300000)
 Metaspace       used 50534K, committed 51456K, reserved 1097728K
  class space    used 5407K, committed 5824K, reserved 1048576K
}
Event: 17.465 GC heap after
{Heap after GC invocations=26 (full 2):
 PSYoungGen      total 20480K, used 1952K [0x00000000eab00000, 0x00000000ec180000, 0x0000000100000000)
  eden space 18432K, 0% used [0x00000000eab00000,0x00000000eab00000,0x00000000ebd00000)
  from space 2048K, 95% used [0x00000000ebf80000,0x00000000ec168010,0x00000000ec180000)
  to   space 2048K, 0% used [0x00000000ebd80000,0x00000000ebd80000,0x00000000ebf80000)
 ParOldGen       total 68608K, used 34777K [0x00000000c0000000, 0x00000000c4300000, 0x00000000eab00000)
  object space 68608K, 50% used [0x00000000c0000000,0x00000000c21f67b0,0x00000000c4300000)
 Metaspace       used 50534K, committed 51456K, reserved 1097728K
  class space    used 5407K, committed 5824K, reserved 1048576K
}
Event: 17.525 GC heap before
{Heap before GC invocations=27 (full 2):
 PSYoungGen      total 20480K, used 20384K [0x00000000eab00000, 0x00000000ec180000, 0x0000000100000000)
  eden space 18432K, 100% used [0x00000000eab00000,0x00000000ebd00000,0x00000000ebd00000)
  from space 2048K, 95% used [0x00000000ebf80000,0x00000000ec168010,0x00000000ec180000)
  to   space 2048K, 0% used [0x00000000ebd80000,0x00000000ebd80000,0x00000000ebf80000)
 ParOldGen       total 68608K, used 34777K [0x00000000c0000000, 0x00000000c4300000, 0x00000000eab00000)
  object space 68608K, 50% used [0x00000000c0000000,0x00000000c21f67b0,0x00000000c4300000)
 Metaspace       used 50553K, committed 51456K, reserved 1097728K
  class space    used 5407K, committed 5824K, reserved 1048576K
}
Event: 17.528 GC heap after
{Heap after GC invocations=27 (full 2):
 PSYoungGen      total 20480K, used 2016K [0x00000000eab00000, 0x00000000ec500000, 0x0000000100000000)
  eden space 18432K, 0% used [0x00000000eab00000,0x00000000eab00000,0x00000000ebd00000)
  from space 2048K, 98% used [0x00000000ebd80000,0x00000000ebf78010,0x00000000ebf80000)
  to   space 4096K, 0% used [0x00000000ec100000,0x00000000ec100000,0x00000000ec500000)
 ParOldGen       total 68608K, used 36529K [0x00000000c0000000, 0x00000000c4300000, 0x00000000eab00000)
  object space 68608K, 53% used [0x00000000c0000000,0x00000000c23ac7b0,0x00000000c4300000)
 Metaspace       used 50553K, committed 51456K, reserved 1097728K
  class space    used 5407K, committed 5824K, reserved 1048576K
}
Event: 17.560 GC heap before
{Heap before GC invocations=28 (full 2):
 PSYoungGen      total 20480K, used 20447K [0x00000000eab00000, 0x00000000ec500000, 0x0000000100000000)
  eden space 18432K, 99% used [0x00000000eab00000,0x00000000ebcfffb0,0x00000000ebd00000)
  from space 2048K, 98% used [0x00000000ebd80000,0x00000000ebf78010,0x00000000ebf80000)
  to   space 4096K, 0% used [0x00000000ec100000,0x00000000ec100000,0x00000000ec500000)
 ParOldGen       total 68608K, used 36529K [0x00000000c0000000, 0x00000000c4300000, 0x00000000eab00000)
  object space 68608K, 53% used [0x00000000c0000000,0x00000000c23ac7b0,0x00000000c4300000)
 Metaspace       used 50553K, committed 51456K, reserved 1097728K
  class space    used 5407K, committed 5824K, reserved 1048576K
}
Event: 17.565 GC heap after
{Heap after GC invocations=28 (full 2):
 PSYoungGen      total 20480K, used 2048K [0x00000000eab00000, 0x00000000ec300000, 0x0000000100000000)
  eden space 18432K, 0% used [0x00000000eab00000,0x00000000eab00000,0x00000000ebd00000)
  from space 2048K, 100% used [0x00000000ec100000,0x00000000ec300000,0x00000000ec300000)
  to   space 3072K, 0% used [0x00000000ebd00000,0x00000000ebd00000,0x00000000ec000000)
 ParOldGen       total 68608K, used 38488K [0x00000000c0000000, 0x00000000c4300000, 0x00000000eab00000)
  object space 68608K, 56% used [0x00000000c0000000,0x00000000c2596368,0x00000000c4300000)
 Metaspace       used 50553K, committed 51456K, reserved 1097728K
  class space    used 5407K, committed 5824K, reserved 1048576K
}
Event: 17.592 GC heap before
{Heap before GC invocations=29 (full 2):
 PSYoungGen      total 20480K, used 20480K [0x00000000eab00000, 0x00000000ec300000, 0x0000000100000000)
  eden space 18432K, 100% used [0x00000000eab00000,0x00000000ebd00000,0x00000000ebd00000)
  from space 2048K, 100% used [0x00000000ec100000,0x00000000ec300000,0x00000000ec300000)
  to   space 3072K, 0% used [0x00000000ebd00000,0x00000000ebd00000,0x00000000ec000000)
 ParOldGen       total 68608K, used 38488K [0x00000000c0000000, 0x00000000c4300000, 0x00000000eab00000)
  object space 68608K, 56% used [0x00000000c0000000,0x00000000c2596368,0x00000000c4300000)
 Metaspace       used 50553K, committed 51456K, reserved 1097728K
  class space    used 5407K, committed 5824K, reserved 1048576K
}
Event: 17.595 GC heap after
{Heap after GC invocations=29 (full 2):
 PSYoungGen      total 20992K, used 2208K [0x00000000eab00000, 0x00000000ec200000, 0x0000000100000000)
  eden space 18432K, 0% used [0x00000000eab00000,0x00000000eab00000,0x00000000ebd00000)
  from space 2560K, 86% used [0x00000000ebd00000,0x00000000ebf28010,0x00000000ebf80000)
  to   space 2560K, 0% used [0x00000000ebf80000,0x00000000ebf80000,0x00000000ec200000)
 ParOldGen       total 68608K, used 40400K [0x00000000c0000000, 0x00000000c4300000, 0x00000000eab00000)
  object space 68608K, 58% used [0x00000000c0000000,0x00000000c2774368,0x00000000c4300000)
 Metaspace       used 50553K, committed 51456K, reserved 1097728K
  class space    used 5407K, committed 5824K, reserved 1048576K
}
Event: 17.823 GC heap before
{Heap before GC invocations=30 (full 2):
 PSYoungGen      total 20992K, used 20640K [0x00000000eab00000, 0x00000000ec200000, 0x0000000100000000)
  eden space 18432K, 100% used [0x00000000eab00000,0x00000000ebd00000,0x00000000ebd00000)
  from space 2560K, 86% used [0x00000000ebd00000,0x00000000ebf28010,0x00000000ebf80000)
  to   space 2560K, 0% used [0x00000000ebf80000,0x00000000ebf80000,0x00000000ec200000)
 ParOldGen       total 68608K, used 40400K [0x00000000c0000000, 0x00000000c4300000, 0x00000000eab00000)
  object space 68608K, 58% used [0x00000000c0000000,0x00000000c2774368,0x00000000c4300000)
 Metaspace       used 51132K, committed 52032K, reserved 1097728K
  class space    used 5482K, committed 5888K, reserved 1048576K
}
Event: 17.825 GC heap after
{Heap after GC invocations=30 (full 2):
 PSYoungGen      total 19968K, used 1120K [0x00000000eab00000, 0x00000000ec100000, 0x0000000100000000)
  eden space 18432K, 0% used [0x00000000eab00000,0x00000000eab00000,0x00000000ebd00000)
  from space 1536K, 72% used [0x00000000ebf80000,0x00000000ec098000,0x00000000ec100000)
  to   space 1536K, 0% used [0x00000000ebe00000,0x00000000ebe00000,0x00000000ebf80000)
 ParOldGen       total 68608K, used 42472K [0x00000000c0000000, 0x00000000c4300000, 0x00000000eab00000)
  object space 68608K, 61% used [0x00000000c0000000,0x00000000c297a378,0x00000000c4300000)
 Metaspace       used 51132K, committed 52032K, reserved 1097728K
  class space    used 5482K, committed 5888K, reserved 1048576K
}
Event: 18.216 GC heap before
{Heap before GC invocations=31 (full 2):
 PSYoungGen      total 19968K, used 19552K [0x00000000eab00000, 0x00000000ec100000, 0x0000000100000000)
  eden space 18432K, 100% used [0x00000000eab00000,0x00000000ebd00000,0x00000000ebd00000)
  from space 1536K, 72% used [0x00000000ebf80000,0x00000000ec098000,0x00000000ec100000)
  to   space 1536K, 0% used [0x00000000ebe00000,0x00000000ebe00000,0x00000000ebf80000)
 ParOldGen       total 68608K, used 42472K [0x00000000c0000000, 0x00000000c4300000, 0x00000000eab00000)
  object space 68608K, 61% used [0x00000000c0000000,0x00000000c297a378,0x00000000c4300000)
 Metaspace       used 52062K, committed 53056K, reserved 1097728K
  class space    used 5594K, committed 6016K, reserved 1048576K
}
Event: 18.217 GC heap after
{Heap after GC invocations=31 (full 2):
 PSYoungGen      total 18944K, used 352K [0x00000000eab00000, 0x00000000ec000000, 0x0000000100000000)
  eden space 18432K, 0% used [0x00000000eab00000,0x00000000eab00000,0x00000000ebd00000)
  from space 512K, 68% used [0x00000000ebe00000,0x00000000ebe58000,0x00000000ebe80000)
  to   space 1024K, 0% used [0x00000000ebf00000,0x00000000ebf00000,0x00000000ec000000)
 ParOldGen       total 68608K, used 43520K [0x00000000c0000000, 0x00000000c4300000, 0x00000000eab00000)
  object space 68608K, 63% used [0x00000000c0000000,0x00000000c2a803b8,0x00000000c4300000)
 Metaspace       used 52062K, committed 53056K, reserved 1097728K
  class space    used 5594K, committed 6016K, reserved 1048576K
}
Event: 18.449 GC heap before
{Heap before GC invocations=32 (full 2):
 PSYoungGen      total 18944K, used 18784K [0x00000000eab00000, 0x00000000ec000000, 0x0000000100000000)
  eden space 18432K, 100% used [0x00000000eab00000,0x00000000ebd00000,0x00000000ebd00000)
  from space 512K, 68% used [0x00000000ebe00000,0x00000000ebe58000,0x00000000ebe80000)
  to   space 1024K, 0% used [0x00000000ebf00000,0x00000000ebf00000,0x00000000ec000000)
 ParOldGen       total 68608K, used 43520K [0x00000000c0000000, 0x00000000c4300000, 0x00000000eab00000)
  object space 68608K, 63% used [0x00000000c0000000,0x00000000c2a803b8,0x00000000c4300000)
 Metaspace       used 52571K, committed 53504K, reserved 1097728K
  class space    used 5639K, committed 6016K, reserved 1048576K
}
Event: 18.450 GC heap after
{Heap after GC invocations=32 (full 2):
 PSYoungGen      total 16384K, used 1009K [0x00000000eab00000, 0x00000000ec700000, 0x0000000100000000)
  eden space 15360K, 0% used [0x00000000eab00000,0x00000000eab00000,0x00000000eba00000)
  from space 1024K, 98% used [0x00000000ebf00000,0x00000000ebffc660,0x00000000ec000000)
  to   space 5120K, 0% used [0x00000000eba00000,0x00000000eba00000,0x00000000ebf00000)
 ParOldGen       total 68608K, used 46823K [0x00000000c0000000, 0x00000000c4300000, 0x00000000eab00000)
  object space 68608K, 68% used [0x00000000c0000000,0x00000000c2db9cd0,0x00000000c4300000)
 Metaspace       used 52571K, committed 53504K, reserved 1097728K
  class space    used 5639K, committed 6016K, reserved 1048576K
}

