# JRE version: OpenJDK Runtime Environment Temurin-17.0.17+10 (17.0.17+10) (build 17.0.17+10)
# Java VM: OpenJDK 64-Bit Server VM Temurin-17.0.17+10 (17.0.17+10, mixed mode, emulated-client, sharing, tiered, compressed oops, compressed class ptrs, g1 gc, windows-amd64)
GC Precious Log:
 CPUs: 8 total, 8 available
 Memory: 16167M
 Large Page Support: Disabled
 NUMA Support: Disabled
 Compressed Oops: Enabled (Zero based)
 Heap Region Size: 2M
 Heap Min Capacity: 8M
 Heap Initial Capacity: 254M
 Heap Max Capacity: 4042M
 Pre-touch: Disabled
 Parallel Workers: 8
 Concurrent Workers: 2
 Concurrent Refinement Workers: 8
 Periodic GC: Disabled
Heap:
 garbage-first heap   total 110592K, used 83268K [0x0000000703600000, 0x0000000800000000)
  region size 2048K, 20 young (40960K), 1 survivors (2048K)
 Metaspace       used 85779K, committed 86784K, reserved 1179648K
  class space    used 12681K, committed 13056K, reserved 1048576K
GC Heap History (20 events):
Event: 5.728 GC heap before
{Heap before GC invocations=14 (full 0):
 garbage-first heap   total 110592K, used 43917K [0x0000000703600000, 0x0000000800000000)
  region size 2048K, 6 young (12288K), 3 survivors (6144K)
 Metaspace       used 60051K, committed 60608K, reserved 1114112K
  class space    used 8777K, committed 9024K, reserved 1048576K
}
Event: 5.730 GC heap after
{Heap after GC invocations=15 (full 0):
 garbage-first heap   total 110592K, used 40031K [0x0000000703600000, 0x0000000800000000)
  region size 2048K, 2 young (4096K), 2 survivors (4096K)
 Metaspace       used 60051K, committed 60608K, reserved 1114112K
  class space    used 8777K, committed 9024K, reserved 1048576K
}
Event: 6.247 GC heap before
{Heap before GC invocations=16 (full 0):
 garbage-first heap   total 110592K, used 85087K [0x0000000703600000, 0x0000000800000000)
  region size 2048K, 24 young (49152K), 2 survivors (4096K)
 Metaspace       used 67398K, committed 67968K, reserved 1114112K
  class space    used 9890K, committed 10176K, reserved 1048576K
}
Event: 6.250 GC heap after
{Heap after GC invocations=17 (full 0):
 garbage-first heap   total 110592K, used 42631K [0x0000000703600000, 0x0000000800000000)
  region size 2048K, 3 young (6144K), 3 survivors (6144K)
 Metaspace       used 67398K, committed 67968K, reserved 1114112K
  class space    used 9890K, committed 10176K, reserved 1048576K
}
Event: 7.847 GC heap before
{Heap before GC invocations=17 (full 0):
 garbage-first heap   total 110592K, used 85639K [0x0000000703600000, 0x0000000800000000)
  region size 2048K, 24 young (49152K), 3 survivors (6144K)
 Metaspace       used 70065K, committed 70656K, reserved 1114112K
  class space    used 10300K, committed 10560K, reserved 1048576K
}
Event: 7.851 GC heap after
{Heap after GC invocations=18 (full 0):
 garbage-first heap   total 110592K, used 45208K [0x0000000703600000, 0x0000000800000000)
  region size 2048K, 3 young (6144K), 3 survivors (6144K)
 Metaspace       used 70065K, committed 70656K, reserved 1114112K
  class space    used 10300K, committed 10560K, reserved 1048576K
}
Event: 8.288 GC heap before
{Heap before GC invocations=18 (full 0):
 garbage-first heap   total 110592K, used 86168K [0x0000000703600000, 0x0000000800000000)
  region size 2048K, 23 young (47104K), 3 survivors (6144K)
 Metaspace       used 73354K, committed 74048K, reserved 1114112K
  class space    used 10836K, committed 11200K, reserved 1048576K
}
Event: 8.292 GC heap after
{Heap after GC invocations=19 (full 0):
 garbage-first heap   total 110592K, used 48178K [0x0000000703600000, 0x0000000800000000)
  region size 2048K, 3 young (6144K), 3 survivors (6144K)
 Metaspace       used 73354K, committed 74048K, reserved 1114112K
  class space    used 10836K, committed 11200K, reserved 1048576K
}
Event: 9.893 GC heap before
{Heap before GC invocations=19 (full 0):
 garbage-first heap   total 110592K, used 87090K [0x0000000703600000, 0x0000000800000000)
  region size 2048K, 22 young (45056K), 3 survivors (6144K)
 Metaspace       used 79415K, committed 80064K, reserved 1179648K
  class space    used 11733K, committed 12032K, reserved 1048576K
}
Event: 9.897 GC heap after
{Heap after GC invocations=20 (full 0):
 garbage-first heap   total 110592K, used 51667K [0x0000000703600000, 0x0000000800000000)
  region size 2048K, 3 young (6144K), 3 survivors (6144K)
 Metaspace       used 79415K, committed 80064K, reserved 1179648K
  class space    used 11733K, committed 12032K, reserved 1048576K
}
Event: 49.386 GC heap before
{Heap before GC invocations=20 (full 0):
 garbage-first heap   total 110592K, used 84435K [0x0000000703600000, 0x0000000800000000)
  region size 2048K, 20 young (40960K), 3 survivors (6144K)
 Metaspace       used 85355K, committed 86080K, reserved 1179648K
  class space    used 12629K, committed 12992K, reserved 1048576K
}
Event: 49.394 GC heap after
{Heap after GC invocations=21 (full 0):
 garbage-first heap   total 110592K, used 53980K [0x0000000703600000, 0x0000000800000000)
  region size 2048K, 2 young (4096K), 2 survivors (4096K)
 Metaspace       used 85355K, committed 86080K, reserved 1179648K
  class space    used 12629K, committed 12992K, reserved 1048576K
}
Event: 485.913 GC heap before
{Heap before GC invocations=21 (full 0):
 garbage-first heap   total 110592K, used 84700K [0x0000000703600000, 0x0000000800000000)
  region size 2048K, 18 young (36864K), 2 survivors (4096K)
 Metaspace       used 86101K, committed 86784K, reserved 1179648K
  class space    used 12743K, committed 13056K, reserved 1048576K
}
Event: 485.915 GC heap after
{Heap after GC invocations=22 (full 0):
 garbage-first heap   total 110592K, used 54110K [0x0000000703600000, 0x0000000800000000)
  region size 2048K, 2 young (4096K), 2 survivors (4096K)
 Metaspace       used 86101K, committed 86784K, reserved 1179648K
  class space    used 12743K, committed 13056K, reserved 1048576K
}
Event: 1516.950 GC heap before
{Heap before GC invocations=23 (full 0):
 garbage-first heap   total 110592K, used 86878K [0x0000000703600000, 0x0000000800000000)
  region size 2048K, 18 young (36864K), 2 survivors (4096K)
 Metaspace       used 85706K, committed 86784K, reserved 1179648K
  class space    used 12660K, committed 13056K, reserved 1048576K
}
Event: 1516.959 GC heap after
{Heap after GC invocations=24 (full 0):
 garbage-first heap   total 110592K, used 53795K [0x0000000703600000, 0x0000000800000000)
  region size 2048K, 1 young (2048K), 1 survivors (2048K)
 Metaspace       used 85706K, committed 86784K, reserved 1179648K
  class space    used 12660K, committed 13056K, reserved 1048576K
}
Event: 1577.424 GC heap before
{Heap before GC invocations=24 (full 0):
 garbage-first heap   total 110592K, used 55843K [0x0000000703600000, 0x0000000800000000)
  region size 2048K, 2 young (4096K), 1 survivors (2048K)
 Metaspace       used 85706K, committed 86784K, reserved 1179648K
  class space    used 12660K, committed 13056K, reserved 1048576K
}
Event: 1577.431 GC heap after
{Heap after GC invocations=25 (full 0):
 garbage-first heap   total 110592K, used 47576K [0x0000000703600000, 0x0000000800000000)
  region size 2048K, 1 young (2048K), 1 survivors (2048K)
 Metaspace       used 85706K, committed 86784K, reserved 1179648K
  class space    used 12660K, committed 13056K, reserved 1048576K
}
Event: 1641.633 GC heap before
{Heap before GC invocations=25 (full 0):
 garbage-first heap   total 110592K, used 49624K [0x0000000703600000, 0x0000000800000000)
  region size 2048K, 2 young (4096K), 1 survivors (2048K)
 Metaspace       used 85707K, committed 86784K, reserved 1179648K
  class space    used 12660K, committed 13056K, reserved 1048576K
}
Event: 1641.638 GC heap after
{Heap after GC invocations=26 (full 0):
 garbage-first heap   total 110592K, used 46404K [0x0000000703600000, 0x0000000800000000)
  region size 2048K, 1 young (2048K), 1 survivors (2048K)
 Metaspace       used 85707K, committed 86784K, reserved 1179648K
  class space    used 12660K, committed 13056K, reserved 1048576K
}

