# JRE version: OpenJDK Runtime Environment Temurin-21.0.10+7 (21.0.10+7) (build 21.0.10+7-LTS)
# Java VM: OpenJDK 64-Bit Server VM Temurin-21.0.10+7 (21.0.10+7-LTS, mixed mode, sharing, tiered, compressed oops, compressed class ptrs, parallel gc, windows-amd64)
GC Precious Log:
 CardTable entry size: 512
 CPUs: 8 total, 8 available
 Memory: 16167M
 Large Page Support: Disabled
 NUMA Support: Disabled
 Compressed Oops: Enabled (32-bit)
 Alignments: Space 512K, Generation 512K, Heap 2M
 Heap Min Capacity: 100M
 Heap Initial Capacity: 100M
 Heap Max Capacity: 2G
 Pre-touch: Disabled
 Parallel Workers: 8
Heap:
 PSYoungGen      total 6656K, used 1022K [0x00000000d5580000, 0x00000000d5d00000, 0x0000000100000000)
  eden space 5632K, 1% used [0x00000000d5580000,0x00000000d5597828,0x00000000d5b00000)
  from space 1024K, 90% used [0x00000000d5c00000,0x00000000d5ce8000,0x00000000d5d00000)
  to   space 1024K, 0% used [0x00000000d5b00000,0x00000000d5b00000,0x00000000d5c00000)
 ParOldGen       total 110592K, used 110560K [0x0000000080000000, 0x0000000086c00000, 0x00000000d5580000)
  object space 110592K, 99% used [0x0000000080000000,0x0000000086bf83d8,0x0000000086c00000)
 Metaspace       used 67120K, committed 68672K, reserved 1114112K
  class space    used 7005K, committed 7680K, reserved 1048576K
GC Heap History (20 events):
Event: 37.597 GC heap before
{Heap before GC invocations=211 (full 3):
 PSYoungGen      total 7680K, used 7668K [0x00000000d5580000, 0x00000000d6000000, 0x0000000100000000)
  eden space 6656K, 100% used [0x00000000d5580000,0x00000000d5c00000,0x00000000d5c00000)
  from space 1024K, 98% used [0x00000000d5c00000,0x00000000d5cfd200,0x00000000d5d00000)
  to   space 2048K, 0% used [0x00000000d5e00000,0x00000000d5e00000,0x00000000d6000000)
 ParOldGen       total 102912K, used 102660K [0x0000000080000000, 0x0000000086480000, 0x00000000d5580000)
  object space 102912K, 99% used [0x0000000080000000,0x0000000086441078,0x0000000086480000)
 Metaspace       used 64701K, committed 66240K, reserved 1114112K
  class space    used 6790K, committed 7488K, reserved 1048576K
}
Event: 37.600 GC heap after
{Heap after GC invocations=211 (full 3):
 PSYoungGen      total 7680K, used 832K [0x00000000d5580000, 0x00000000d5f00000, 0x0000000100000000)
  eden space 6656K, 0% used [0x00000000d5580000,0x00000000d5580000,0x00000000d5c00000)
  from space 1024K, 81% used [0x00000000d5e00000,0x00000000d5ed0000,0x00000000d5f00000)
  to   space 1536K, 0% used [0x00000000d5c00000,0x00000000d5c00000,0x00000000d5d80000)
 ParOldGen       total 103936K, used 103587K [0x0000000080000000, 0x0000000086580000, 0x00000000d5580000)
  object space 103936K, 99% used [0x0000000080000000,0x0000000086528cd8,0x0000000086580000)
 Metaspace       used 64701K, committed 66240K, reserved 1114112K
  class space    used 6790K, committed 7488K, reserved 1048576K
}
Event: 37.717 GC heap before
{Heap before GC invocations=212 (full 3):
 PSYoungGen      total 7680K, used 7488K [0x00000000d5580000, 0x00000000d5f00000, 0x0000000100000000)
  eden space 6656K, 100% used [0x00000000d5580000,0x00000000d5c00000,0x00000000d5c00000)
  from space 1024K, 81% used [0x00000000d5e00000,0x00000000d5ed0000,0x00000000d5f00000)
  to   space 1536K, 0% used [0x00000000d5c00000,0x00000000d5c00000,0x00000000d5d80000)
 ParOldGen       total 103936K, used 103587K [0x0000000080000000, 0x0000000086580000, 0x00000000d5580000)
  object space 103936K, 99% used [0x0000000080000000,0x0000000086528cd8,0x0000000086580000)
 Metaspace       used 65076K, committed 66624K, reserved 1114112K
  class space    used 6805K, committed 7488K, reserved 1048576K
}
Event: 37.718 GC heap after
{Heap after GC invocations=212 (full 3):
 PSYoungGen      total 8192K, used 884K [0x00000000d5580000, 0x00000000d5e80000, 0x0000000100000000)
  eden space 6656K, 0% used [0x00000000d5580000,0x00000000d5580000,0x00000000d5c00000)
  from space 1536K, 57% used [0x00000000d5c00000,0x00000000d5cdd348,0x00000000d5d80000)
  to   space 1024K, 0% used [0x00000000d5d80000,0x00000000d5d80000,0x00000000d5e80000)
 ParOldGen       total 104448K, used 104287K [0x0000000080000000, 0x0000000086600000, 0x00000000d5580000)
  object space 104448K, 99% used [0x0000000080000000,0x00000000865d7c28,0x0000000086600000)
 Metaspace       used 65076K, committed 66624K, reserved 1114112K
  class space    used 6805K, committed 7488K, reserved 1048576K
}
Event: 37.902 GC heap before
{Heap before GC invocations=213 (full 3):
 PSYoungGen      total 8192K, used 7540K [0x00000000d5580000, 0x00000000d5e80000, 0x0000000100000000)
  eden space 6656K, 100% used [0x00000000d5580000,0x00000000d5c00000,0x00000000d5c00000)
  from space 1536K, 57% used [0x00000000d5c00000,0x00000000d5cdd348,0x00000000d5d80000)
  to   space 1024K, 0% used [0x00000000d5d80000,0x00000000d5d80000,0x00000000d5e80000)
 ParOldGen       total 104448K, used 104287K [0x0000000080000000, 0x0000000086600000, 0x00000000d5580000)
  object space 104448K, 99% used [0x0000000080000000,0x00000000865d7c28,0x0000000086600000)
 Metaspace       used 65306K, committed 66816K, reserved 1114112K
  class space    used 6834K, committed 7488K, reserved 1048576K
}
Event: 37.904 GC heap after
{Heap after GC invocations=213 (full 3):
 PSYoungGen      total 6656K, used 1016K [0x00000000d5580000, 0x00000000d6100000, 0x0000000100000000)
  eden space 5632K, 0% used [0x00000000d5580000,0x00000000d5580000,0x00000000d5b00000)
  from space 1024K, 99% used [0x00000000d5d80000,0x00000000d5e7e010,0x00000000d5e80000)
  to   space 2560K, 0% used [0x00000000d5b00000,0x00000000d5b00000,0x00000000d5d80000)
 ParOldGen       total 105984K, used 105512K [0x0000000080000000, 0x0000000086780000, 0x00000000d5580000)
  object space 105984K, 99% used [0x0000000080000000,0x000000008670a2c8,0x0000000086780000)
 Metaspace       used 65306K, committed 66816K, reserved 1114112K
  class space    used 6834K, committed 7488K, reserved 1048576K
}
Event: 38.048 GC heap before
{Heap before GC invocations=214 (full 3):
 PSYoungGen      total 6656K, used 6648K [0x00000000d5580000, 0x00000000d6100000, 0x0000000100000000)
  eden space 5632K, 100% used [0x00000000d5580000,0x00000000d5b00000,0x00000000d5b00000)
  from space 1024K, 99% used [0x00000000d5d80000,0x00000000d5e7e010,0x00000000d5e80000)
  to   space 2560K, 0% used [0x00000000d5b00000,0x00000000d5b00000,0x00000000d5d80000)
 ParOldGen       total 105984K, used 105512K [0x0000000080000000, 0x0000000086780000, 0x00000000d5580000)
  object space 105984K, 99% used [0x0000000080000000,0x000000008670a2c8,0x0000000086780000)
 Metaspace       used 65560K, committed 67072K, reserved 1114112K
  class space    used 6838K, committed 7488K, reserved 1048576K
}
Event: 38.050 GC heap after
{Heap after GC invocations=214 (full 3):
 PSYoungGen      total 6656K, used 651K [0x00000000d5580000, 0x00000000d5e00000, 0x0000000100000000)
  eden space 5632K, 0% used [0x00000000d5580000,0x00000000d5580000,0x00000000d5b00000)
  from space 1024K, 63% used [0x00000000d5b00000,0x00000000d5ba2e18,0x00000000d5c00000)
  to   space 1536K, 0% used [0x00000000d5c80000,0x00000000d5c80000,0x00000000d5e00000)
 ParOldGen       total 106496K, used 106399K [0x0000000080000000, 0x0000000086800000, 0x00000000d5580000)
  object space 106496K, 99% used [0x0000000080000000,0x00000000867e7cf8,0x0000000086800000)
 Metaspace       used 65560K, committed 67072K, reserved 1114112K
  class space    used 6838K, committed 7488K, reserved 1048576K
}
Event: 38.175 GC heap before
{Heap before GC invocations=215 (full 3):
 PSYoungGen      total 6656K, used 6283K [0x00000000d5580000, 0x00000000d5e00000, 0x0000000100000000)
  eden space 5632K, 100% used [0x00000000d5580000,0x00000000d5b00000,0x00000000d5b00000)
  from space 1024K, 63% used [0x00000000d5b00000,0x00000000d5ba2e18,0x00000000d5c00000)
  to   space 1536K, 0% used [0x00000000d5c80000,0x00000000d5c80000,0x00000000d5e00000)
 ParOldGen       total 106496K, used 106399K [0x0000000080000000, 0x0000000086800000, 0x00000000d5580000)
  object space 106496K, 99% used [0x0000000080000000,0x00000000867e7cf8,0x0000000086800000)
 Metaspace       used 65892K, committed 67392K, reserved 1114112K
  class space    used 6867K, committed 7552K, reserved 1048576K
}
Event: 38.177 GC heap after
{Heap after GC invocations=215 (full 3):
 PSYoungGen      total 7168K, used 1076K [0x00000000d5580000, 0x00000000d5e00000, 0x0000000100000000)
  eden space 5632K, 0% used [0x00000000d5580000,0x00000000d5580000,0x00000000d5b00000)
  from space 1536K, 70% used [0x00000000d5c80000,0x00000000d5d8d200,0x00000000d5e00000)
  to   space 1536K, 0% used [0x00000000d5b00000,0x00000000d5b00000,0x00000000d5c80000)
 ParOldGen       total 107008K, used 106854K [0x0000000080000000, 0x0000000086880000, 0x00000000d5580000)
  object space 107008K, 99% used [0x0000000080000000,0x0000000086859890,0x0000000086880000)
 Metaspace       used 65892K, committed 67392K, reserved 1114112K
  class space    used 6867K, committed 7552K, reserved 1048576K
}
Event: 38.215 GC heap before
{Heap before GC invocations=216 (full 3):
 PSYoungGen      total 7168K, used 6708K [0x00000000d5580000, 0x00000000d5e00000, 0x0000000100000000)
  eden space 5632K, 100% used [0x00000000d5580000,0x00000000d5b00000,0x00000000d5b00000)
  from space 1536K, 70% used [0x00000000d5c80000,0x00000000d5d8d200,0x00000000d5e00000)
  to   space 1536K, 0% used [0x00000000d5b00000,0x00000000d5b00000,0x00000000d5c80000)
 ParOldGen       total 107008K, used 106854K [0x0000000080000000, 0x0000000086880000, 0x00000000d5580000)
  object space 107008K, 99% used [0x0000000080000000,0x0000000086859890,0x0000000086880000)
 Metaspace       used 66075K, committed 67584K, reserved 1114112K
  class space    used 6882K, committed 7552K, reserved 1048576K
}
Event: 38.217 GC heap after
{Heap after GC invocations=216 (full 3):
 PSYoungGen      total 6656K, used 576K [0x00000000d5580000, 0x00000000d5d00000, 0x0000000100000000)
  eden space 5632K, 0% used [0x00000000d5580000,0x00000000d5580000,0x00000000d5b00000)
  from space 1024K, 56% used [0x00000000d5b00000,0x00000000d5b90000,0x00000000d5c00000)
  to   space 1024K, 0% used [0x00000000d5c00000,0x00000000d5c00000,0x00000000d5d00000)
 ParOldGen       total 108032K, used 107773K [0x0000000080000000, 0x0000000086980000, 0x00000000d5580000)
  object space 108032K, 99% used [0x0000000080000000,0x000000008693f7c0,0x0000000086980000)
 Metaspace       used 66075K, committed 67584K, reserved 1114112K
  class space    used 6882K, committed 7552K, reserved 1048576K
}
Event: 38.370 GC heap before
{Heap before GC invocations=217 (full 3):
 PSYoungGen      total 6656K, used 6208K [0x00000000d5580000, 0x00000000d5d00000, 0x0000000100000000)
  eden space 5632K, 100% used [0x00000000d5580000,0x00000000d5b00000,0x00000000d5b00000)
  from space 1024K, 56% used [0x00000000d5b00000,0x00000000d5b90000,0x00000000d5c00000)
  to   space 1024K, 0% used [0x00000000d5c00000,0x00000000d5c00000,0x00000000d5d00000)
 ParOldGen       total 108032K, used 107773K [0x0000000080000000, 0x0000000086980000, 0x00000000d5580000)
  object space 108032K, 99% used [0x0000000080000000,0x000000008693f7c0,0x0000000086980000)
 Metaspace       used 66280K, committed 67776K, reserved 1114112K
  class space    used 6887K, committed 7552K, reserved 1048576K
}
Event: 38.374 GC heap after
{Heap after GC invocations=217 (full 3):
 PSYoungGen      total 6656K, used 928K [0x00000000d5580000, 0x00000000d5d00000, 0x0000000100000000)
  eden space 5632K, 0% used [0x00000000d5580000,0x00000000d5580000,0x00000000d5b00000)
  from space 1024K, 90% used [0x00000000d5c00000,0x00000000d5ce8000,0x00000000d5d00000)
  to   space 1024K, 0% used [0x00000000d5b00000,0x00000000d5b00000,0x00000000d5c00000)
 ParOldGen       total 108544K, used 108214K [0x0000000080000000, 0x0000000086a00000, 0x00000000d5580000)
  object space 108544K, 99% used [0x0000000080000000,0x00000000869ad800,0x0000000086a00000)
 Metaspace       used 66280K, committed 67776K, reserved 1114112K
  class space    used 6887K, committed 7552K, reserved 1048576K
}
Event: 38.511 GC heap before
{Heap before GC invocations=218 (full 3):
 PSYoungGen      total 6656K, used 6560K [0x00000000d5580000, 0x00000000d5d00000, 0x0000000100000000)
  eden space 5632K, 100% used [0x00000000d5580000,0x00000000d5b00000,0x00000000d5b00000)
  from space 1024K, 90% used [0x00000000d5c00000,0x00000000d5ce8000,0x00000000d5d00000)
  to   space 1024K, 0% used [0x00000000d5b00000,0x00000000d5b00000,0x00000000d5c00000)
 ParOldGen       total 108544K, used 108214K [0x0000000080000000, 0x0000000086a00000, 0x00000000d5580000)
  object space 108544K, 99% used [0x0000000080000000,0x00000000869ad800,0x0000000086a00000)
 Metaspace       used 66654K, committed 68160K, reserved 1114112K
  class space    used 6953K, committed 7616K, reserved 1048576K
}
Event: 38.512 GC heap after
{Heap after GC invocations=218 (full 3):
 PSYoungGen      total 6656K, used 772K [0x00000000d5580000, 0x00000000d5d00000, 0x0000000100000000)
  eden space 5632K, 0% used [0x00000000d5580000,0x00000000d5580000,0x00000000d5b00000)
  from space 1024K, 75% used [0x00000000d5b00000,0x00000000d5bc1210,0x00000000d5c00000)
  to   space 1024K, 0% used [0x00000000d5c00000,0x00000000d5c00000,0x00000000d5d00000)
 ParOldGen       total 109056K, used 108886K [0x0000000080000000, 0x0000000086a80000, 0x00000000d5580000)
  object space 109056K, 99% used [0x0000000080000000,0x0000000086a55840,0x0000000086a80000)
 Metaspace       used 66654K, committed 68160K, reserved 1114112K
  class space    used 6953K, committed 7616K, reserved 1048576K
}
Event: 38.633 GC heap before
{Heap before GC invocations=219 (full 3):
 PSYoungGen      total 6656K, used 6404K [0x00000000d5580000, 0x00000000d5d00000, 0x0000000100000000)
  eden space 5632K, 100% used [0x00000000d5580000,0x00000000d5b00000,0x00000000d5b00000)
  from space 1024K, 75% used [0x00000000d5b00000,0x00000000d5bc1210,0x00000000d5c00000)
  to   space 1024K, 0% used [0x00000000d5c00000,0x00000000d5c00000,0x00000000d5d00000)
 ParOldGen       total 109056K, used 108886K [0x0000000080000000, 0x0000000086a80000, 0x00000000d5580000)
  object space 109056K, 99% used [0x0000000080000000,0x0000000086a55840,0x0000000086a80000)
 Metaspace       used 66898K, committed 68544K, reserved 1114112K
  class space    used 6989K, committed 7680K, reserved 1048576K
}
Event: 38.635 GC heap after
{Heap after GC invocations=219 (full 3):
 PSYoungGen      total 6656K, used 608K [0x00000000d5580000, 0x00000000d5d00000, 0x0000000100000000)
  eden space 5632K, 0% used [0x00000000d5580000,0x00000000d5580000,0x00000000d5b00000)
  from space 1024K, 59% used [0x00000000d5c00000,0x00000000d5c98000,0x00000000d5d00000)
  to   space 1024K, 0% used [0x00000000d5b00000,0x00000000d5b00000,0x00000000d5c00000)
 ParOldGen       total 110080K, used 109580K [0x0000000080000000, 0x0000000086b80000, 0x00000000d5580000)
  object space 110080K, 99% used [0x0000000080000000,0x0000000086b03368,0x0000000086b80000)
 Metaspace       used 66898K, committed 68544K, reserved 1114112K
  class space    used 6989K, committed 7680K, reserved 1048576K
}
Event: 38.678 GC heap before
{Heap before GC invocations=220 (full 3):
 PSYoungGen      total 6656K, used 6240K [0x00000000d5580000, 0x00000000d5d00000, 0x0000000100000000)
  eden space 5632K, 100% used [0x00000000d5580000,0x00000000d5b00000,0x00000000d5b00000)
  from space 1024K, 59% used [0x00000000d5c00000,0x00000000d5c98000,0x00000000d5d00000)
  to   space 1024K, 0% used [0x00000000d5b00000,0x00000000d5b00000,0x00000000d5c00000)
 ParOldGen       total 110080K, used 109580K [0x0000000080000000, 0x0000000086b80000, 0x00000000d5580000)
  object space 110080K, 99% used [0x0000000080000000,0x0000000086b03368,0x0000000086b80000)
 Metaspace       used 66954K, committed 68544K, reserved 1114112K
  class space    used 6992K, committed 7680K, reserved 1048576K
}
Event: 38.682 GC heap after
{Heap after GC invocations=220 (full 3):
 PSYoungGen      total 6656K, used 704K [0x00000000d5580000, 0x00000000d5d00000, 0x0000000100000000)
  eden space 5632K, 0% used [0x00000000d5580000,0x00000000d5580000,0x00000000d5b00000)
  from space 1024K, 68% used [0x00000000d5b00000,0x00000000d5bb0000,0x00000000d5c00000)
  to   space 1024K, 0% used [0x00000000d5c00000,0x00000000d5c00000,0x00000000d5d00000)
 ParOldGen       total 110080K, used 110056K [0x0000000080000000, 0x0000000086b80000, 0x00000000d5580000)
  object space 110080K, 99% used [0x0000000080000000,0x0000000086b7a398,0x0000000086b80000)
 Metaspace       used 66954K, committed 68544K, reserved 1114112K
  class space    used 6992K, committed 7680K, reserved 1048576K
}

