# JRE version: OpenJDK Runtime Environment Temurin-17.0.17+10 (17.0.17+10) (build 17.0.17+10)
# Java VM: OpenJDK 64-Bit Server VM Temurin-17.0.17+10 (17.0.17+10, mixed mode, emulated-client, sharing, tiered, compressed oops, compressed class ptrs, g1 gc, windows-amd64)
GC Precious Log:
 CPUs: 8 total, 8 available
 Memory: 16167M
 Large Page Support: Disabled
 NUMA Support: Disabled
 Compressed Oops: Enabled (Zero based)
 Heap Region Size: 2M
 Heap Min Capacity: 8M
 Heap Initial Capacity: 254M
 Heap Max Capacity: 4042M
 Pre-touch: Disabled
 Parallel Workers: 8
 Concurrent Workers: 2
 Concurrent Refinement Workers: 8
 Periodic GC: Disabled
Heap:
 garbage-first heap   total 122880K, used 95848K [0x0000000703600000, 0x0000000800000000)
  region size 2048K, 23 young (47104K), 1 survivors (2048K)
 Metaspace       used 81286K, committed 81984K, reserved 1179648K
  class space    used 12017K, committed 12352K, reserved 1048576K
GC Heap History (20 events):
Event: 5.285 GC heap after
{Heap after GC invocations=10 (full 0):
 garbage-first heap   total 81920K, used 28156K [0x0000000703600000, 0x0000000800000000)
  region size 2048K, 3 young (6144K), 3 survivors (6144K)
 Metaspace       used 34924K, committed 35456K, reserved 1114112K
  class space    used 5094K, committed 5376K, reserved 1048576K
}
Event: 5.363 GC heap before
{Heap before GC invocations=10 (full 0):
 garbage-first heap   total 81920K, used 36348K [0x0000000703600000, 0x0000000800000000)
  region size 2048K, 8 young (16384K), 3 survivors (6144K)
 Metaspace       used 35784K, committed 36288K, reserved 1114112K
  class space    used 5256K, committed 5504K, reserved 1048576K
}
Event: 5.366 GC heap after
{Heap after GC invocations=11 (full 0):
 garbage-first heap   total 81920K, used 29136K [0x0000000703600000, 0x0000000800000000)
  region size 2048K, 2 young (4096K), 2 survivors (4096K)
 Metaspace       used 35784K, committed 36288K, reserved 1114112K
  class space    used 5256K, committed 5504K, reserved 1048576K
}
Event: 5.531 GC heap before
{Heap before GC invocations=12 (full 0):
 garbage-first heap   total 81920K, used 59856K [0x0000000703600000, 0x0000000800000000)
  region size 2048K, 18 young (36864K), 2 survivors (4096K)
 Metaspace       used 37000K, committed 37504K, reserved 1114112K
  class space    used 5378K, committed 5632K, reserved 1048576K
}
Event: 5.535 GC heap after
{Heap after GC invocations=13 (full 0):
 garbage-first heap   total 122880K, used 33076K [0x0000000703600000, 0x0000000800000000)
  region size 2048K, 3 young (6144K), 3 survivors (6144K)
 Metaspace       used 37000K, committed 37504K, reserved 1114112K
  class space    used 5378K, committed 5632K, reserved 1048576K
}
Event: 6.721 GC heap before
{Heap before GC invocations=13 (full 0):
 garbage-first heap   total 122880K, used 92468K [0x0000000703600000, 0x0000000800000000)
  region size 2048K, 32 young (65536K), 3 survivors (6144K)
 Metaspace       used 45592K, committed 46144K, reserved 1114112K
  class space    used 6729K, committed 6976K, reserved 1048576K
}
Event: 6.724 GC heap after
{Heap after GC invocations=14 (full 0):
 garbage-first heap   total 122880K, used 36064K [0x0000000703600000, 0x0000000800000000)
  region size 2048K, 4 young (8192K), 4 survivors (8192K)
 Metaspace       used 45592K, committed 46144K, reserved 1114112K
  class space    used 6729K, committed 6976K, reserved 1048576K
}
Event: 7.934 GC heap before
{Heap before GC invocations=14 (full 0):
 garbage-first heap   total 122880K, used 93408K [0x0000000703600000, 0x0000000800000000)
  region size 2048K, 32 young (65536K), 4 survivors (8192K)
 Metaspace       used 59311K, committed 59904K, reserved 1114112K
  class space    used 8627K, committed 8896K, reserved 1048576K
}
Event: 7.938 GC heap after
{Heap after GC invocations=15 (full 0):
 garbage-first heap   total 122880K, used 39681K [0x0000000703600000, 0x0000000800000000)
  region size 2048K, 4 young (8192K), 4 survivors (8192K)
 Metaspace       used 59311K, committed 59904K, reserved 1114112K
  class space    used 8627K, committed 8896K, reserved 1048576K
}
Event: 8.021 GC heap before
{Heap before GC invocations=15 (full 0):
 garbage-first heap   total 122880K, used 43777K [0x0000000703600000, 0x0000000800000000)
  region size 2048K, 7 young (14336K), 4 survivors (8192K)
 Metaspace       used 60247K, committed 60800K, reserved 1114112K
  class space    used 8808K, committed 9088K, reserved 1048576K
}
Event: 8.024 GC heap after
{Heap after GC invocations=16 (full 0):
 garbage-first heap   total 122880K, used 40310K [0x0000000703600000, 0x0000000800000000)
  region size 2048K, 3 young (6144K), 3 survivors (6144K)
 Metaspace       used 60247K, committed 60800K, reserved 1114112K
  class space    used 8808K, committed 9088K, reserved 1048576K
}
Event: 8.997 GC heap before
{Heap before GC invocations=17 (full 0):
 garbage-first heap   total 122880K, used 95606K [0x0000000703600000, 0x0000000800000000)
  region size 2048K, 30 young (61440K), 3 survivors (6144K)
 Metaspace       used 68342K, committed 68992K, reserved 1114112K
  class space    used 10016K, committed 10304K, reserved 1048576K
}
Event: 9.001 GC heap after
{Heap after GC invocations=18 (full 0):
 garbage-first heap   total 122880K, used 43357K [0x0000000703600000, 0x0000000800000000)
  region size 2048K, 4 young (8192K), 4 survivors (8192K)
 Metaspace       used 68342K, committed 68992K, reserved 1114112K
  class space    used 10016K, committed 10304K, reserved 1048576K
}
Event: 11.275 GC heap before
{Heap before GC invocations=18 (full 0):
 garbage-first heap   total 122880K, used 96605K [0x0000000703600000, 0x0000000800000000)
  region size 2048K, 30 young (61440K), 4 survivors (8192K)
 Metaspace       used 71866K, committed 72512K, reserved 1114112K
  class space    used 10589K, committed 10880K, reserved 1048576K
}
Event: 11.280 GC heap after
{Heap after GC invocations=19 (full 0):
 garbage-first heap   total 122880K, used 46746K [0x0000000703600000, 0x0000000800000000)
  region size 2048K, 4 young (8192K), 4 survivors (8192K)
 Metaspace       used 71866K, committed 72512K, reserved 1114112K
  class space    used 10589K, committed 10880K, reserved 1048576K
}
Event: 13.201 GC heap before
{Heap before GC invocations=19 (full 0):
 garbage-first heap   total 122880K, used 97946K [0x0000000703600000, 0x0000000800000000)
  region size 2048K, 29 young (59392K), 4 survivors (8192K)
 Metaspace       used 78030K, committed 78720K, reserved 1179648K
  class space    used 11537K, committed 11904K, reserved 1048576K
}
Event: 13.207 GC heap after
{Heap after GC invocations=20 (full 0):
 garbage-first heap   total 122880K, used 51200K [0x0000000703600000, 0x0000000800000000)
  region size 2048K, 4 young (8192K), 4 survivors (8192K)
 Metaspace       used 78030K, committed 78720K, reserved 1179648K
  class space    used 11537K, committed 11904K, reserved 1048576K
}
Event: 801.170 GC heap before
{Heap before GC invocations=20 (full 0):
 garbage-first heap   total 122880K, used 98304K [0x0000000703600000, 0x0000000800000000)
  region size 2048K, 27 young (55296K), 4 survivors (8192K)
 Metaspace       used 81113K, committed 81856K, reserved 1179648K
  class space    used 11981K, committed 12352K, reserved 1048576K
}
Event: 801.197 GC heap after
{Heap after GC invocations=21 (full 0):
 garbage-first heap   total 122880K, used 52840K [0x0000000703600000, 0x0000000800000000)
  region size 2048K, 1 young (2048K), 1 survivors (2048K)
 Metaspace       used 81113K, committed 81856K, reserved 1179648K
  class space    used 11981K, committed 12352K, reserved 1048576K
}
Event: 2043.197 GC heap before
{Heap before GC invocations=21 (full 0):
 garbage-first heap   total 122880K, used 95848K [0x0000000703600000, 0x0000000800000000)
  region size 2048K, 23 young (47104K), 1 survivors (2048K)
 Metaspace       used 81286K, committed 81984K, reserved 1179648K
  class space    used 12017K, committed 12352K, reserved 1048576K
}

