# JRE version: Java(TM) SE Runtime Environment (20.0.2+9) (build 20.0.2+9-78)
# Java VM: Java HotSpot(TM) 64-Bit Server VM (20.0.2+9-78, mixed mode, emulated-client, sharing, tiered, compressed oops, compressed class ptrs, g1 gc, windows-amd64)
GC Precious Log:
 CardTable entry size: 512
 Card Set container configuration: InlinePtr #cards 4 size 8 Array Of Cards #cards 16 size 48 Howl #buckets 8 coarsen threshold 3686 Howl Bitmap #cards 512 size 80 coarsen threshold 460 Card regions per heap region 1 cards per card region 4096
 CPUs: 8 total, 8 available
 Memory: 16167M
 Large Page Support: Disabled
 NUMA Support: Disabled
 Compressed Oops: Enabled (Zero based)
 Heap Region Size: 2M
 Heap Min Capacity: 8M
 Heap Initial Capacity: 254M
 Heap Max Capacity: 4042M
 Pre-touch: Disabled
 Parallel Workers: 8
 Concurrent Workers: 2
 Concurrent Refinement Workers: 8
 Periodic GC: Disabled
Heap:
 garbage-first heap   total 159744K, used 116108K [0x0000000703600000, 0x0000000800000000)
  region size 2048K, 38 young (77824K), 3 survivors (6144K)
 Metaspace       used 89072K, committed 89984K, reserved 1179648K
  class space    used 12745K, committed 13120K, reserved 1048576K
GC Heap History (20 events):
Event: 2589.826 GC heap after
{Heap after GC invocations=45 (full 6):
 garbage-first heap   total 133120K, used 44055K [0x0000000703600000, 0x0000000800000000)
  region size 2048K, 0 young (0K), 0 survivors (0K)
 Metaspace       used 85224K, committed 86208K, reserved 1179648K
  class space    used 12145K, committed 12608K, reserved 1048576K
}
Event: 2590.242 GC heap before
{Heap before GC invocations=45 (full 6):
 garbage-first heap   total 133120K, used 111639K [0x0000000703600000, 0x0000000800000000)
  region size 2048K, 33 young (67584K), 0 survivors (0K)
 Metaspace       used 85322K, committed 86272K, reserved 1179648K
  class space    used 12157K, committed 12608K, reserved 1048576K
}
Event: 2590.245 GC heap after
{Heap after GC invocations=46 (full 6):
 garbage-first heap   total 159744K, used 49463K [0x0000000703600000, 0x0000000800000000)
  region size 2048K, 3 young (6144K), 3 survivors (6144K)
 Metaspace       used 85322K, committed 86272K, reserved 1179648K
  class space    used 12157K, committed 12608K, reserved 1048576K
}
Event: 2590.774 GC heap before
{Heap before GC invocations=46 (full 6):
 garbage-first heap   total 159744K, used 125239K [0x0000000703600000, 0x0000000800000000)
  region size 2048K, 41 young (83968K), 3 survivors (6144K)
 Metaspace       used 85681K, committed 86592K, reserved 1179648K
  class space    used 12181K, committed 12608K, reserved 1048576K
}
Event: 2590.777 GC heap after
{Heap after GC invocations=47 (full 6):
 garbage-first heap   total 159744K, used 53486K [0x0000000703600000, 0x0000000800000000)
  region size 2048K, 5 young (10240K), 5 survivors (10240K)
 Metaspace       used 85681K, committed 86592K, reserved 1179648K
  class space    used 12181K, committed 12608K, reserved 1048576K
}
Event: 4017.796 GC heap before
{Heap before GC invocations=47 (full 6):
 garbage-first heap   total 159744K, used 131310K [0x0000000703600000, 0x0000000800000000)
  region size 2048K, 44 young (90112K), 5 survivors (10240K)
 Metaspace       used 89106K, committed 89984K, reserved 1179648K
  class space    used 12752K, committed 13120K, reserved 1048576K
}
Event: 4017.801 GC heap after
{Heap after GC invocations=48 (full 6):
 garbage-first heap   total 159744K, used 54069K [0x0000000703600000, 0x0000000800000000)
  region size 2048K, 3 young (6144K), 3 survivors (6144K)
 Metaspace       used 89106K, committed 89984K, reserved 1179648K
  class space    used 12752K, committed 13120K, reserved 1048576K
}
Event: 6669.256 GC heap before
{Heap before GC invocations=48 (full 6):
 garbage-first heap   total 159744K, used 138037K [0x0000000703600000, 0x0000000800000000)
  region size 2048K, 44 young (90112K), 3 survivors (6144K)
 Metaspace       used 89114K, committed 89984K, reserved 1179648K
  class space    used 12754K, committed 13120K, reserved 1048576K
}
Event: 6669.259 GC heap after
{Heap after GC invocations=49 (full 6):
 garbage-first heap   total 159744K, used 53052K [0x0000000703600000, 0x0000000800000000)
  region size 2048K, 3 young (6144K), 3 survivors (6144K)
 Metaspace       used 89114K, committed 89984K, reserved 1179648K
  class space    used 12754K, committed 13120K, reserved 1048576K
}
Event: 10279.078 GC heap before
{Heap before GC invocations=50 (full 6):
 garbage-first heap   total 159744K, used 137020K [0x0000000703600000, 0x0000000800000000)
  region size 2048K, 44 young (90112K), 3 survivors (6144K)
 Metaspace       used 89002K, committed 89984K, reserved 1179648K
  class space    used 12727K, committed 13120K, reserved 1048576K
}
Event: 10279.093 GC heap after
{Heap after GC invocations=51 (full 6):
 garbage-first heap   total 159744K, used 53184K [0x0000000703600000, 0x0000000800000000)
  region size 2048K, 3 young (6144K), 3 survivors (6144K)
 Metaspace       used 89002K, committed 89984K, reserved 1179648K
  class space    used 12727K, committed 13120K, reserved 1048576K
}
Event: 12839.339 GC heap before
{Heap before GC invocations=51 (full 6):
 garbage-first heap   total 159744K, used 137152K [0x0000000703600000, 0x0000000800000000)
  region size 2048K, 44 young (90112K), 3 survivors (6144K)
 Metaspace       used 89055K, committed 89984K, reserved 1179648K
  class space    used 12739K, committed 13120K, reserved 1048576K
}
Event: 12839.348 GC heap after
{Heap after GC invocations=52 (full 6):
 garbage-first heap   total 159744K, used 48020K [0x0000000703600000, 0x0000000800000000)
  region size 2048K, 3 young (6144K), 3 survivors (6144K)
 Metaspace       used 89055K, committed 89984K, reserved 1179648K
  class space    used 12739K, committed 13120K, reserved 1048576K
}
Event: 15559.877 GC heap before
{Heap before GC invocations=52 (full 6):
 garbage-first heap   total 159744K, used 136084K [0x0000000703600000, 0x0000000800000000)
  region size 2048K, 46 young (94208K), 3 survivors (6144K)
 Metaspace       used 89055K, committed 89984K, reserved 1179648K
  class space    used 12740K, committed 13120K, reserved 1048576K
}
Event: 15559.882 GC heap after
{Heap after GC invocations=53 (full 6):
 garbage-first heap   total 159744K, used 47987K [0x0000000703600000, 0x0000000800000000)
  region size 2048K, 3 young (6144K), 3 survivors (6144K)
 Metaspace       used 89055K, committed 89984K, reserved 1179648K
  class space    used 12740K, committed 13120K, reserved 1048576K
}
Event: 18313.711 GC heap before
{Heap before GC invocations=54 (full 6):
 garbage-first heap   total 159744K, used 136051K [0x0000000703600000, 0x0000000800000000)
  region size 2048K, 46 young (94208K), 3 survivors (6144K)
 Metaspace       used 89055K, committed 89984K, reserved 1179648K
  class space    used 12740K, committed 13120K, reserved 1048576K
}
Event: 18313.716 GC heap after
{Heap after GC invocations=55 (full 6):
 garbage-first heap   total 159744K, used 48109K [0x0000000703600000, 0x0000000800000000)
  region size 2048K, 3 young (6144K), 3 survivors (6144K)
 Metaspace       used 89055K, committed 89984K, reserved 1179648K
  class space    used 12740K, committed 13120K, reserved 1048576K
}
Event: 21070.258 GC heap before
{Heap before GC invocations=55 (full 6):
 garbage-first heap   total 159744K, used 136173K [0x0000000703600000, 0x0000000800000000)
  region size 2048K, 46 young (94208K), 3 survivors (6144K)
 Metaspace       used 89056K, committed 89984K, reserved 1179648K
  class space    used 12740K, committed 13120K, reserved 1048576K
}
Event: 21070.264 GC heap after
{Heap after GC invocations=56 (full 6):
 garbage-first heap   total 159744K, used 46476K [0x0000000703600000, 0x0000000800000000)
  region size 2048K, 3 young (6144K), 3 survivors (6144K)
 Metaspace       used 89056K, committed 89984K, reserved 1179648K
  class space    used 12740K, committed 13120K, reserved 1048576K
}
Event: 23222.519 GC heap before
{Heap before GC invocations=56 (full 6):
 garbage-first heap   total 159744K, used 116108K [0x0000000703600000, 0x0000000800000000)
  region size 2048K, 38 young (77824K), 3 survivors (6144K)
 Metaspace       used 89072K, committed 89984K, reserved 1179648K
  class space    used 12745K, committed 13120K, reserved 1048576K
}

